#
# There is insufficient memory for the Java Runtime Environment to continue.
# Native memory allocation (malloc) failed to allocate 486832 bytes. Error detail: Chunk::new
# Possible reasons:
#   The system is out of physical RAM or swap space
#   This process is running with CompressedOops enabled, and the Java Heap may be blocking the growth of the native heap
# Possible solutions:
#   Reduce memory load on the system
#   Increase physical memory or swap space
#   Check if swap backing store is full
#   Decrease Java heap size (-Xmx/-Xms)
#   Decrease number of Java threads
#   Decrease Java thread stack sizes (-Xss)
#   Set larger code cache with -XX:ReservedCodeCacheSize=
#   JVM is running with Unscaled Compressed Oops mode in which the Java heap is
#     placed in the first 4GB address space. The Java Heap base address is the
#     maximum limit for the native heap growth. Please use -XX:HeapBaseMinAddress
#     to set the Java Heap base and to place the Java Heap above 4GB virtual address.
# This output file may be truncated or incomplete.
#
#  Out of Memory Error (arena.cpp:168), pid=11660, tid=9368
#
# JRE version: OpenJDK Runtime Environment Temurin-21.0.9+10 (21.0.9+10) (build 21.0.9+10-LTS)
# Java VM: OpenJDK 64-Bit Server VM Temurin-21.0.9+10 (21.0.9+10-LTS, mixed mode, sharing, tiered, compressed oops, compressed class ptrs, parallel gc, windows-amd64)
# No core dump will be written. Minidumps are not enabled by default on client versions of Windows
#

---------------  S U M M A R Y ------------

Command Line: --add-modules=ALL-SYSTEM --add-opens=java.base/java.util=ALL-UNNAMED --add-opens=java.base/java.lang=ALL-UNNAMED --add-opens=java.base/sun.nio.fs=ALL-UNNAMED -Declipse.application=org.eclipse.jdt.ls.core.id1 -Dosgi.bundles.defaultStartLevel=4 -Declipse.product=org.eclipse.jdt.ls.core.product -Djava.import.generatesMetadataFilesAtProjectRoot=false -DDetectVMInstallationsJob.disabled=true -Dfile.encoding=utf8 -XX:+UseParallelGC -XX:GCTimeRatio=4 -XX:AdaptiveSizePolicyWeight=90 -Dsun.zip.disableMemoryMapping=true -Xmx2G -Xms100m -Xlog:disable -javaagent:c:\Users\alumne-DAM\.vscode\extensions\redhat.java-1.49.0-win32-x64\lombok\lombok-1.18.39-4050.jar -XX:+HeapDumpOnOutOfMemoryError -XX:HeapDumpPath=c:\Users\alumne-DAM\AppData\Roaming\Code\User\workspaceStorage\2e860de5468b0c27a24f6f495f902225\redhat.java -Daether.dependencyCollector.impl=bf c:\Users\alumne-DAM\.vscode\extensions\redhat.java-1.49.0-win32-x64\server\plugins\org.eclipse.equinox.launcher_1.7.100.v20251111-0406.jar -configuration c:\Users\alumne-DAM\AppData\Roaming\Code\User\globalStorage\redhat.java\1.49.0\config_win -data c:\Users\alumne-DAM\AppData\Roaming\Code\User\workspaceStorage\2e860de5468b0c27a24f6f495f902225\redhat.java\jdt_ws --pipe=\\.\pipe\lsp-5b79dd8bdd92aeb594ec5e78d6aeb747-sock

Host: 11th Gen Intel(R) Core(TM) i5-11400 @ 2.60GHz, 12 cores, 15G,  Windows 11 , 64 bit Build 26100 (10.0.26100.7019)
Time: Mon Nov 24 17:39:19 2025 Hora estándar romance elapsed time: 76.979812 seconds (0d 0h 1m 16s)

---------------  T H R E A D  ---------------

Current thread (0x000002218299ce20):  JavaThread "C2 CompilerThread2" daemon [_thread_in_native, id=9368, stack(0x000000c059600000,0x000000c059700000) (1024K)]


Current CompileTask:
C2:76979 12140   !   4       org.eclipse.jdt.internal.compiler.parser.Scanner::jumpOverMethodBody (2550 bytes)

Stack: [0x000000c059600000,0x000000c059700000]
Native frames: (J=compiled Java code, j=interpreted, Vv=VM code, C=native code)
V  [jvm.dll+0x6d6e29]
V  [jvm.dll+0x8b4b76]
V  [jvm.dll+0x8b712e]
V  [jvm.dll+0x8b7813]
V  [jvm.dll+0x283d86]
V  [jvm.dll+0xc66ed]
V  [jvm.dll+0xc6c31]
V  [jvm.dll+0x3be53b]
V  [jvm.dll+0x1e3d59]
V  [jvm.dll+0x24c0f3]
V  [jvm.dll+0x24b580]
V  [jvm.dll+0x1cb13e]
V  [jvm.dll+0x25b29d]
V  [jvm.dll+0x25982a]
V  [jvm.dll+0x3f7ea6]
V  [jvm.dll+0x85e9ad]
V  [jvm.dll+0x6d565d]
C  [ucrtbase.dll+0x37b0]
C  [KERNEL32.DLL+0x2e8d7]
C  [ntdll.dll+0x8c53c]


---------------  P R O C E S S  ---------------

Threads class SMR info:
_java_thread_list=0x00000221ff4cd080, length=62, elements={
0x00000221a009e120, 0x00000221a01393d0, 0x00000221a0139f20, 0x00000221a013f950,
0x00000221a01423b0, 0x00000221a01442c0, 0x00000221a014a470, 0x00000221f8e01fd0,
0x00000221f8e06270, 0x00000221f901b0d0, 0x00000221f9164eb0, 0x00000221fe8d4f50,
0x00000221fe8d3510, 0x00000221fe8d4230, 0x00000221fe8d3ba0, 0x00000221fe8d48c0,
0x00000221fe8d1ad0, 0x00000221fe8d2e80, 0x00000221fe8d2160, 0x00000221fe8d27f0,
0x00000221ff098220, 0x00000221ff094da0, 0x00000221ff095430, 0x00000221ff097b90,
0x00000221ff0988b0, 0x00000221ff098f40, 0x00000221ff095ac0, 0x00000221ff0995d0,
0x00000221ff097500, 0x00000221ff096150, 0x00000221ff099c60, 0x00000221ff0967e0,
0x00000221ff096e70, 0x00000221ff09b010, 0x00000221ff09c3c0, 0x00000221ff09a2f0,
0x00000221ff09a980, 0x00000221ff09b6a0, 0x00000221ff09bd30, 0x00000221811f9db0,
0x00000221811fbe80, 0x00000221811f9090, 0x00000221811fb160, 0x00000221811fc510,
0x00000221811fd230, 0x00000221811fa440, 0x00000221811faad0, 0x00000221811ff300,
0x00000221811fdf50, 0x00000221811fd8c0, 0x00000221811fec70, 0x0000022181200020,
0x00000221812006b0, 0x00000221811fe5e0, 0x00000221811ff990, 0x00000221fed11fe0,
0x00000221fed112c0, 0x00000221fed10c30, 0x00000221fed13a20, 0x000002218299f030,
0x000002218299ce20, 0x00000221fed11950
}

Java Threads: ( => current thread )
  0x00000221a009e120 JavaThread "main"                              [_thread_blocked, id=6864, stack(0x000000c059800000,0x000000c059900000) (1024K)]
  0x00000221a01393d0 JavaThread "Reference Handler"          daemon [_thread_blocked, id=12480, stack(0x000000c059c00000,0x000000c059d00000) (1024K)]
  0x00000221a0139f20 JavaThread "Finalizer"                  daemon [_thread_blocked, id=7260, stack(0x000000c059d00000,0x000000c059e00000) (1024K)]
  0x00000221a013f950 JavaThread "Signal Dispatcher"          daemon [_thread_blocked, id=13212, stack(0x000000c059e00000,0x000000c059f00000) (1024K)]
  0x00000221a01423b0 JavaThread "Attach Listener"            daemon [_thread_blocked, id=5592, stack(0x000000c059f00000,0x000000c05a000000) (1024K)]
  0x00000221a01442c0 JavaThread "Service Thread"             daemon [_thread_blocked, id=13044, stack(0x000000c05a000000,0x000000c05a100000) (1024K)]
  0x00000221a014a470 JavaThread "Monitor Deflation Thread"   daemon [_thread_blocked, id=4168, stack(0x000000c05a100000,0x000000c05a200000) (1024K)]
  0x00000221f8e01fd0 JavaThread "C2 CompilerThread0"         daemon [_thread_in_native, id=12252, stack(0x000000c05a200000,0x000000c05a300000) (1024K)]
  0x00000221f8e06270 JavaThread "C1 CompilerThread0"         daemon [_thread_blocked, id=13124, stack(0x000000c05a300000,0x000000c05a400000) (1024K)]
  0x00000221f901b0d0 JavaThread "Common-Cleaner"             daemon [_thread_blocked, id=4056, stack(0x000000c05a500000,0x000000c05a600000) (1024K)]
  0x00000221f9164eb0 JavaThread "Notification Thread"        daemon [_thread_blocked, id=11068, stack(0x000000c05a600000,0x000000c05a700000) (1024K)]
  0x00000221fe8d4f50 JavaThread "Active Thread: Equinox Container: b58911bb-21c8-4670-ae1b-eb54077a6937"        [_thread_blocked, id=11984, stack(0x000000c05ae00000,0x000000c05af00000) (1024K)]
  0x00000221fe8d3510 JavaThread "Refresh Thread: Equinox Container: b58911bb-21c8-4670-ae1b-eb54077a6937" daemon [_thread_blocked, id=7432, stack(0x000000c05af00000,0x000000c05b000000) (1024K)]
  0x00000221fe8d4230 JavaThread "Framework Event Dispatcher: Equinox Container: b58911bb-21c8-4670-ae1b-eb54077a6937" daemon [_thread_blocked, id=7480, stack(0x000000c05b100000,0x000000c05b200000) (1024K)]
  0x00000221fe8d3ba0 JavaThread "Start Level: Equinox Container: b58911bb-21c8-4670-ae1b-eb54077a6937" daemon [_thread_blocked, id=11648, stack(0x000000c05b200000,0x000000c05b300000) (1024K)]
  0x00000221fe8d48c0 JavaThread "Bundle File Closer"         daemon [_thread_blocked, id=7212, stack(0x000000c05b500000,0x000000c05b600000) (1024K)]
  0x00000221fe8d1ad0 JavaThread "SCR Component Actor"        daemon [_thread_blocked, id=8920, stack(0x000000c05b600000,0x000000c05b700000) (1024K)]
  0x00000221fe8d2e80 JavaThread "Worker-JM"                         [_thread_blocked, id=12560, stack(0x000000c05b700000,0x000000c05b800000) (1024K)]
  0x00000221fe8d2160 JavaThread "JNA Cleaner"                daemon [_thread_blocked, id=13800, stack(0x000000c05b800000,0x000000c05b900000) (1024K)]
  0x00000221fe8d27f0 JavaThread "Worker-0"                          [_thread_blocked, id=15316, stack(0x000000c05b900000,0x000000c05ba00000) (1024K)]
  0x00000221ff098220 JavaThread "Worker-1"                          [_thread_blocked, id=11364, stack(0x000000c05ba00000,0x000000c05bb00000) (1024K)]
  0x00000221ff094da0 JavaThread "Worker-2"                          [_thread_blocked, id=10960, stack(0x000000c05bb00000,0x000000c05bc00000) (1024K)]
  0x00000221ff095430 JavaThread "Java indexing"              daemon [_thread_blocked, id=5720, stack(0x000000c05bc00000,0x000000c05bd00000) (1024K)]
  0x00000221ff097b90 JavaThread "Worker-3"                          [_thread_blocked, id=4308, stack(0x000000c05c000000,0x000000c05c100000) (1024K)]
  0x00000221ff0988b0 JavaThread "Thread-1"                   daemon [_thread_in_native, id=14440, stack(0x000000c05c100000,0x000000c05c200000) (1024K)]
  0x00000221ff098f40 JavaThread "Thread-2"                   daemon [_thread_in_native, id=13448, stack(0x000000c05c200000,0x000000c05c300000) (1024K)]
  0x00000221ff095ac0 JavaThread "Thread-3"                   daemon [_thread_in_native, id=13772, stack(0x000000c05c300000,0x000000c05c400000) (1024K)]
  0x00000221ff0995d0 JavaThread "Thread-4"                   daemon [_thread_in_native, id=13456, stack(0x000000c05c400000,0x000000c05c500000) (1024K)]
  0x00000221ff097500 JavaThread "Thread-5"                   daemon [_thread_in_native, id=11616, stack(0x000000c05c500000,0x000000c05c600000) (1024K)]
  0x00000221ff096150 JavaThread "Thread-6"                   daemon [_thread_in_native, id=11388, stack(0x000000c05c600000,0x000000c05c700000) (1024K)]
  0x00000221ff099c60 JavaThread "Thread-7"                   daemon [_thread_in_native, id=6580, stack(0x000000c05c700000,0x000000c05c800000) (1024K)]
  0x00000221ff0967e0 JavaThread "Thread-8"                   daemon [_thread_in_native, id=14480, stack(0x000000c05c800000,0x000000c05c900000) (1024K)]
  0x00000221ff096e70 JavaThread "Thread-9"                   daemon [_thread_in_native, id=11332, stack(0x000000c05c900000,0x000000c05ca00000) (1024K)]
  0x00000221ff09b010 JavaThread "Thread-10"                  daemon [_thread_in_native, id=2988, stack(0x000000c05ca00000,0x000000c05cb00000) (1024K)]
  0x00000221ff09c3c0 JavaThread "Thread-11"                  daemon [_thread_in_native, id=11224, stack(0x000000c05cb00000,0x000000c05cc00000) (1024K)]
  0x00000221ff09a2f0 JavaThread "Thread-12"                  daemon [_thread_in_native, id=1744, stack(0x000000c05cc00000,0x000000c05cd00000) (1024K)]
  0x00000221ff09a980 JavaThread "Thread-13"                  daemon [_thread_in_native, id=13132, stack(0x000000c05cd00000,0x000000c05ce00000) (1024K)]
  0x00000221ff09b6a0 JavaThread "pool-2-thread-1"                   [_thread_blocked, id=11656, stack(0x000000c05ce00000,0x000000c05cf00000) (1024K)]
  0x00000221ff09bd30 JavaThread "Worker-4"                          [_thread_blocked, id=11392, stack(0x000000c05cf00000,0x000000c05d000000) (1024K)]
  0x00000221811f9db0 JavaThread "WorkspaceEventsHandler"            [_thread_blocked, id=10096, stack(0x000000c05d000000,0x000000c05d100000) (1024K)]
  0x00000221811fbe80 JavaThread "pool-1-thread-1"                   [_thread_blocked, id=4404, stack(0x000000c05d100000,0x000000c05d200000) (1024K)]
  0x00000221811f9090 JavaThread "Compiler Source File Reader" daemon [_thread_blocked, id=11712, stack(0x000000c05d200000,0x000000c05d300000) (1024K)]
  0x00000221811fb160 JavaThread "Compiler Class File Writer" daemon [_thread_blocked, id=13524, stack(0x000000c05d400000,0x000000c05d500000) (1024K)]
  0x00000221811fc510 JavaThread "LocalFile Deleter"          daemon [_thread_blocked, id=2660, stack(0x000000c05d700000,0x000000c05d800000) (1024K)]
  0x00000221811fd230 JavaThread "LocalFile Deleter"          daemon [_thread_blocked, id=11424, stack(0x000000c05d800000,0x000000c05d900000) (1024K)]
  0x00000221811fa440 JavaThread "Compiler Source File Reader" daemon [_thread_blocked, id=1276, stack(0x000000c05d900000,0x000000c05da00000) (1024K)]
  0x00000221811faad0 JavaThread "Compiler Class File Writer" daemon [_thread_blocked, id=14168, stack(0x000000c05da00000,0x000000c05db00000) (1024K)]
  0x00000221811ff300 JavaThread "ForkJoinPool.commonPool-worker-1" daemon [_thread_blocked, id=8812, stack(0x000000c05a400000,0x000000c05a500000) (1024K)]
  0x00000221811fdf50 JavaThread "ForkJoinPool.commonPool-worker-2" daemon [_thread_blocked, id=10808, stack(0x000000c05dc00000,0x000000c05dd00000) (1024K)]
  0x00000221811fd8c0 JavaThread "ForkJoinPool.commonPool-worker-3" daemon [_thread_blocked, id=8424, stack(0x000000c05dd00000,0x000000c05de00000) (1024K)]
  0x00000221811fec70 JavaThread "ForkJoinPool.commonPool-worker-4" daemon [_thread_blocked, id=8716, stack(0x000000c05de00000,0x000000c05df00000) (1024K)]
  0x0000022181200020 JavaThread "ForkJoinPool.commonPool-worker-5" daemon [_thread_blocked, id=2844, stack(0x000000c05df00000,0x000000c05e000000) (1024K)]
  0x00000221812006b0 JavaThread "ForkJoinPool.commonPool-worker-6" daemon [_thread_blocked, id=368, stack(0x000000c05e000000,0x000000c05e100000) (1024K)]
  0x00000221811fe5e0 JavaThread "ForkJoinPool.commonPool-worker-7" daemon [_thread_blocked, id=8712, stack(0x000000c05e100000,0x000000c05e200000) (1024K)]
  0x00000221811ff990 JavaThread "ForkJoinPool.commonPool-worker-8" daemon [_thread_blocked, id=6728, stack(0x000000c05e200000,0x000000c05e300000) (1024K)]
  0x00000221fed11fe0 JavaThread "ForkJoinPool.commonPool-worker-9" daemon [_thread_blocked, id=12420, stack(0x000000c05e300000,0x000000c05e400000) (1024K)]
  0x00000221fed112c0 JavaThread "Cleaner-0"                  daemon [_thread_blocked, id=11676, stack(0x000000c05e400000,0x000000c05e500000) (1024K)]
  0x00000221fed10c30 JavaThread "pool-1-thread-2"                   [_thread_blocked, id=11820, stack(0x000000c059700000,0x000000c059800000) (1024K)]
  0x00000221fed13a20 JavaThread "pool-1-thread-3"                   [_thread_blocked, id=5504, stack(0x000000c05a700000,0x000000c05a800000) (1024K)]
  0x000002218299f030 JavaThread "C2 CompilerThread1"         daemon [_thread_blocked, id=15176, stack(0x000000c059500000,0x000000c059600000) (1024K)]
=>0x000002218299ce20 JavaThread "C2 CompilerThread2"         daemon [_thread_in_native, id=9368, stack(0x000000c059600000,0x000000c059700000) (1024K)]
  0x00000221fed11950 JavaThread "Thread-14"                  daemon [_thread_blocked, id=2180, stack(0x000000c05d300000,0x000000c05d400000) (1024K)]
Total: 62

Other Threads:
  0x00000221a01347a0 VMThread "VM Thread"                           [id=13016, stack(0x000000c059b00000,0x000000c059c00000) (1024K)]
  0x00000221a0102fe0 WatcherThread "VM Periodic Task Thread"        [id=2860, stack(0x000000c059a00000,0x000000c059b00000) (1024K)]
  0x00000221a00af670 WorkerThread "GC Thread#0"                     [id=14932, stack(0x000000c059900000,0x000000c059a00000) (1024K)]
  0x00000221fe40a190 WorkerThread "GC Thread#1"                     [id=4180, stack(0x000000c05a800000,0x000000c05a900000) (1024K)]
  0x00000221fe8c0720 WorkerThread "GC Thread#2"                     [id=4516, stack(0x000000c05a900000,0x000000c05aa00000) (1024K)]
  0x00000221fe8c0ac0 WorkerThread "GC Thread#3"                     [id=12436, stack(0x000000c05aa00000,0x000000c05ab00000) (1024K)]
  0x00000221fe8c0e60 WorkerThread "GC Thread#4"                     [id=6588, stack(0x000000c05ab00000,0x000000c05ac00000) (1024K)]
  0x00000221fe7fdce0 WorkerThread "GC Thread#5"                     [id=10932, stack(0x000000c05ac00000,0x000000c05ad00000) (1024K)]
  0x00000221fe577eb0 WorkerThread "GC Thread#6"                     [id=8020, stack(0x000000c05ad00000,0x000000c05ae00000) (1024K)]
  0x00000221fe3c6c70 WorkerThread "GC Thread#7"                     [id=10412, stack(0x000000c05b000000,0x000000c05b100000) (1024K)]
  0x00000221fe951670 WorkerThread "GC Thread#8"                     [id=7172, stack(0x000000c05b300000,0x000000c05b400000) (1024K)]
  0x00000221fef3b5e0 WorkerThread "GC Thread#9"                     [id=6912, stack(0x000000c05b400000,0x000000c05b500000) (1024K)]
Total: 12

Threads with active compile tasks:
C2 CompilerThread0  76998 12189       4       org.eclipse.jdt.internal.compiler.lookup.LookupEnvironment::getCachedType (122 bytes)
C1 CompilerThread0  76998 12202   !   3       java.security.Provider$Service::newInstance (354 bytes)
C2 CompilerThread1  76998 12171       4       org.eclipse.jdt.internal.compiler.parser.TypeConverter::extractIdentifiers (110 bytes)
C2 CompilerThread2  76998 12140   !   4       org.eclipse.jdt.internal.compiler.parser.Scanner::jumpOverMethodBody (2550 bytes)
Total: 4

VM state: not at safepoint (normal execution)

VM Mutex/Monitor currently owned by a thread: None

Heap address: 0x0000000080000000, size: 2048 MB, Compressed Oops mode: 32-bit

CDS archive(s) mapped at: [0x00000221b7000000-0x00000221b7ba0000-0x00000221b7ba0000), size 12189696, SharedBaseAddress: 0x00000221b7000000, ArchiveRelocationMode: 1.
Compressed class space mapped at: 0x00000221b8000000-0x00000221f8000000, reserved size: 1073741824
Narrow klass base: 0x00000221b7000000, Narrow klass shift: 0, Narrow klass range: 0x100000000

GC Precious Log:
 CardTable entry size: 512
 CPUs: 12 total, 12 available
 Memory: 16181M
 Large Page Support: Disabled
 NUMA Support: Disabled
 Compressed Oops: Enabled (32-bit)
 Alignments: Space 512K, Generation 512K, Heap 2M
 Heap Min Capacity: 100M
 Heap Initial Capacity: 100M
 Heap Max Capacity: 2G
 Pre-touch: Disabled
 Parallel Workers: 10

Heap:
 PSYoungGen      total 4608K, used 605K [0x00000000d5580000, 0x00000000d5b00000, 0x0000000100000000)
  eden space 4096K, 6% used [0x00000000d5580000,0x00000000d55c7428,0x00000000d5980000)
  from space 512K, 62% used [0x00000000d5a00000,0x00000000d5a50000,0x00000000d5a80000)
  to   space 512K, 0% used [0x00000000d5a80000,0x00000000d5a80000,0x00000000d5b00000)
 ParOldGen       total 420352K, used 419934K [0x0000000080000000, 0x0000000099a80000, 0x00000000d5580000)
  object space 420352K, 99% used [0x0000000080000000,0x0000000099a178f8,0x0000000099a80000)
 Metaspace       used 72964K, committed 74560K, reserved 1179648K
  class space    used 7752K, committed 8448K, reserved 1048576K

Card table byte_map: [0x000002219fa30000,0x000002219fe40000] _byte_map_base: 0x000002219f630000

Marking Bits: (ParMarkBitMap*) 0x00007ff8ffa22460
 Begin Bits: [0x00000221b2540000, 0x00000221b4540000)
 End Bits:   [0x00000221b4540000, 0x00000221b6540000)

Polling page: 0x000002219de20000

Metaspace:

Usage:
  Non-class:     63.68 MB used.
      Class:      7.57 MB used.
       Both:     71.25 MB used.

Virtual space:
  Non-class space:      128.00 MB reserved,      64.56 MB ( 50%) committed,  2 nodes.
      Class space:        1.00 GB reserved,       8.25 MB ( <1%) committed,  1 nodes.
             Both:        1.12 GB reserved,      72.81 MB (  6%) committed. 

Chunk freelists:
   Non-Class:  14.98 MB
       Class:  7.66 MB
        Both:  22.63 MB

MaxMetaspaceSize: unlimited
CompressedClassSpaceSize: 1.00 GB
Initial GC threshold: 21.00 MB
Current GC threshold: 97.31 MB
CDS: on
 - commit_granule_bytes: 65536.
 - commit_granule_words: 8192.
 - virtual_space_node_default_size: 8388608.
 - enlarge_chunks_in_place: 1.
 - use_allocation_guard: 0.


Internal statistics:

num_allocs_failed_limit: 9.
num_arena_births: 1322.
num_arena_deaths: 16.
num_vsnodes_births: 3.
num_vsnodes_deaths: 0.
num_space_committed: 1165.
num_space_uncommitted: 0.
num_chunks_returned_to_freelist: 25.
num_chunks_taken_from_freelist: 4841.
num_chunk_merges: 14.
num_chunk_splits: 2965.
num_chunks_enlarged: 1598.
num_inconsistent_stats: 0.

CodeHeap 'non-profiled nmethods': size=120000Kb used=10505Kb max_used=10505Kb free=109495Kb
 bounds [0x00000221aad60000, 0x00000221ab7b0000, 0x00000221b2290000]
CodeHeap 'profiled nmethods': size=120000Kb used=27057Kb max_used=27057Kb free=92942Kb
 bounds [0x00000221a3290000, 0x00000221a4d00000, 0x00000221aa7c0000]
CodeHeap 'non-nmethods': size=5760Kb used=1509Kb max_used=1562Kb free=4250Kb
 bounds [0x00000221aa7c0000, 0x00000221aaa30000, 0x00000221aad60000]
CodeCache: size=245760Kb, used=39071Kb, max_used=39124Kb, free=206687Kb
 total_blobs=12252, nmethods=11453, adapters=702, full_count=0
Compilation: enabled, stopped_count=0, restarted_count=0

Compilation events (20 events):
Event: 72.919 Thread 0x00000221f8e01fd0 nmethod 12160 0x00000221ab794110 code [0x00000221ab794300, 0x00000221ab794d18]
Event: 72.919 Thread 0x00000221f8e01fd0 12153   !   4       org.eclipse.jdt.internal.core.util.DeduplicationUtil::intern (28 bytes)
Event: 72.920 Thread 0x00000221f8e01fd0 nmethod 12153 0x00000221ab795210 code [0x00000221ab7953c0, 0x00000221ab7956e8]
Event: 72.920 Thread 0x00000221f8e01fd0 12158       4       org.eclipse.jdt.internal.core.SourceRefElement::calculateHashCode (12 bytes)
Event: 72.922 Thread 0x00000221f8e01fd0 nmethod 12158 0x00000221ab795810 code [0x00000221ab795a00, 0x00000221ab795e68]
Event: 72.922 Thread 0x00000221f8e01fd0 12166       4       java.lang.StringBuilder::toString (9 bytes)
Event: 73.928 Thread 0x00000221f8e01fd0 nmethod 12166 0x00000221ab796090 code [0x00000221ab796260, 0x00000221ab796830]
Event: 73.928 Thread 0x00000221f8e01fd0 12116       4       org.eclipse.jdt.internal.core.PackageFragmentRoot::resource (5 bytes)
Event: 73.931 Thread 0x00000221f8e06270 12168       3       org.eclipse.jdt.internal.core.SourceMapper::getUnqualifiedTypeSignature (515 bytes)
Event: 73.932 Thread 0x00000221f8e01fd0 nmethod 12116 0x00000221ab796b10 code [0x00000221ab796ca0, 0x00000221ab796d30]
Event: 73.932 Thread 0x00000221f8e01fd0 12167       4       org.eclipse.core.runtime.Path::append (264 bytes)
Event: 73.937 Thread 0x00000221f8e06270 nmethod 12168 0x00000221a4cdfc90 code [0x00000221a4ce0200, 0x00000221a4ce2f68]
Event: 73.947 Thread 0x00000221f8e06270 12175       3       org.eclipse.jdt.internal.compiler.lookup.ModuleBinding::getVisiblePackage (472 bytes)
Event: 74.951 Thread 0x00000221f8e06270 nmethod 12175 0x00000221a4ce4210 code [0x00000221a4ce4760, 0x00000221a4ce7898]
Event: 74.957 Thread 0x00000221f8e06270 12183       3       org.eclipse.jdt.internal.compiler.lookup.TypeSystem::getParameterizedType (258 bytes)
Event: 74.959 Thread 0x00000221f8e06270 nmethod 12183 0x00000221a4ce8b10 code [0x00000221a4ce8de0, 0x00000221a4cea0f8]
Event: 74.961 Thread 0x000002218299f030 nmethod 12139 0x00000221ab796e10 code [0x00000221ab797ec0, 0x00000221ab79bb58]
Event: 74.961 Thread 0x00000221f8e06270 12191 %     3       org.eclipse.jdt.internal.compiler.lookup.BinaryTypeBinding::createMethod @ 331 (1666 bytes)
Event: 74.965 Thread 0x000002218299f030 12171       4       org.eclipse.jdt.internal.compiler.parser.TypeConverter::extractIdentifiers (110 bytes)
Event: 75.970 Thread 0x00000221f8e01fd0 nmethod 12167 0x00000221ab79ea10 code [0x00000221ab79ece0, 0x00000221ab79ff58]

GC Heap History (20 events):
Event: 68.386 GC heap before
{Heap before GC invocations=791 (full 3):
 PSYoungGen      total 5120K, used 4356K [0x00000000d5580000, 0x00000000d5b00000, 0x0000000100000000)
  eden space 4096K, 99% used [0x00000000d5580000,0x00000000d597fff0,0x00000000d5980000)
  from space 1024K, 25% used [0x00000000d5980000,0x00000000d59c1210,0x00000000d5a80000)
  to   space 512K, 0% used [0x00000000d5a80000,0x00000000d5a80000,0x00000000d5b00000)
 ParOldGen       total 411136K, used 403034K [0x0000000080000000, 0x0000000099180000, 0x00000000d5580000)
  object space 411136K, 98% used [0x0000000080000000,0x0000000098996ab0,0x0000000099180000)
 Metaspace       used 72025K, committed 73600K, reserved 1114112K
  class space    used 7648K, committed 8320K, reserved 1048576K
}
Event: 68.387 GC heap after
{Heap after GC invocations=791 (full 3):
 PSYoungGen      total 4608K, used 432K [0x00000000d5580000, 0x00000000d5b00000, 0x0000000100000000)
  eden space 4096K, 0% used [0x00000000d5580000,0x00000000d5580000,0x00000000d5980000)
  from space 512K, 84% used [0x00000000d5a80000,0x00000000d5aec030,0x00000000d5b00000)
  to   space 512K, 0% used [0x00000000d5a00000,0x00000000d5a00000,0x00000000d5a80000)
 ParOldGen       total 411136K, used 403108K [0x0000000080000000, 0x0000000099180000, 0x00000000d5580000)
  object space 411136K, 98% used [0x0000000080000000,0x00000000989a91e0,0x0000000099180000)
 Metaspace       used 72025K, committed 73600K, reserved 1114112K
  class space    used 7648K, committed 8320K, reserved 1048576K
}
Event: 69.072 GC heap before
{Heap before GC invocations=792 (full 3):
 PSYoungGen      total 4608K, used 4523K [0x00000000d5580000, 0x00000000d5b00000, 0x0000000100000000)
  eden space 4096K, 99% used [0x00000000d5580000,0x00000000d597efc8,0x00000000d5980000)
  from space 512K, 84% used [0x00000000d5a80000,0x00000000d5aec030,0x00000000d5b00000)
  to   space 512K, 0% used [0x00000000d5a00000,0x00000000d5a00000,0x00000000d5a80000)
 ParOldGen       total 411136K, used 403108K [0x0000000080000000, 0x0000000099180000, 0x00000000d5580000)
  object space 411136K, 98% used [0x0000000080000000,0x00000000989a91e0,0x0000000099180000)
 Metaspace       used 72095K, committed 73664K, reserved 1114112K
  class space    used 7654K, committed 8320K, reserved 1048576K
}
Event: 69.073 GC heap after
{Heap after GC invocations=792 (full 3):
 PSYoungGen      total 4608K, used 352K [0x00000000d5580000, 0x00000000d5b00000, 0x0000000100000000)
  eden space 4096K, 0% used [0x00000000d5580000,0x00000000d5580000,0x00000000d5980000)
  from space 512K, 68% used [0x00000000d5a00000,0x00000000d5a58000,0x00000000d5a80000)
  to   space 512K, 0% used [0x00000000d5a80000,0x00000000d5a80000,0x00000000d5b00000)
 ParOldGen       total 411136K, used 403403K [0x0000000080000000, 0x0000000099180000, 0x00000000d5580000)
  object space 411136K, 98% used [0x0000000080000000,0x00000000989f2fb0,0x0000000099180000)
 Metaspace       used 72095K, committed 73664K, reserved 1114112K
  class space    used 7654K, committed 8320K, reserved 1048576K
}
Event: 72.854 GC heap before
{Heap before GC invocations=793 (full 3):
 PSYoungGen      total 4608K, used 4448K [0x00000000d5580000, 0x00000000d5b00000, 0x0000000100000000)
  eden space 4096K, 100% used [0x00000000d5580000,0x00000000d5980000,0x00000000d5980000)
  from space 512K, 68% used [0x00000000d5a00000,0x00000000d5a58000,0x00000000d5a80000)
  to   space 512K, 0% used [0x00000000d5a80000,0x00000000d5a80000,0x00000000d5b00000)
 ParOldGen       total 411136K, used 403403K [0x0000000080000000, 0x0000000099180000, 0x00000000d5580000)
  object space 411136K, 98% used [0x0000000080000000,0x00000000989f2fb0,0x0000000099180000)
 Metaspace       used 72164K, committed 73792K, reserved 1114112K
  class space    used 7670K, committed 8384K, reserved 1048576K
}
Event: 72.855 GC heap after
{Heap after GC invocations=793 (full 3):
 PSYoungGen      total 4608K, used 384K [0x00000000d5580000, 0x00000000d5b00000, 0x0000000100000000)
  eden space 4096K, 0% used [0x00000000d5580000,0x00000000d5580000,0x00000000d5980000)
  from space 512K, 75% used [0x00000000d5a80000,0x00000000d5ae0020,0x00000000d5b00000)
  to   space 512K, 0% used [0x00000000d5a00000,0x00000000d5a00000,0x00000000d5a80000)
 ParOldGen       total 411136K, used 403627K [0x0000000080000000, 0x0000000099180000, 0x00000000d5580000)
  object space 411136K, 98% used [0x0000000080000000,0x0000000098a2afb0,0x0000000099180000)
 Metaspace       used 72164K, committed 73792K, reserved 1114112K
  class space    used 7670K, committed 8384K, reserved 1048576K
}
Event: 72.889 GC heap before
{Heap before GC invocations=794 (full 3):
 PSYoungGen      total 4608K, used 4480K [0x00000000d5580000, 0x00000000d5b00000, 0x0000000100000000)
  eden space 4096K, 100% used [0x00000000d5580000,0x00000000d5980000,0x00000000d5980000)
  from space 512K, 75% used [0x00000000d5a80000,0x00000000d5ae0020,0x00000000d5b00000)
  to   space 512K, 0% used [0x00000000d5a00000,0x00000000d5a00000,0x00000000d5a80000)
 ParOldGen       total 411136K, used 403627K [0x0000000080000000, 0x0000000099180000, 0x00000000d5580000)
  object space 411136K, 98% used [0x0000000080000000,0x0000000098a2afb0,0x0000000099180000)
 Metaspace       used 72269K, committed 73856K, reserved 1114112K
  class space    used 7681K, committed 8384K, reserved 1048576K
}
Event: 72.890 GC heap after
{Heap after GC invocations=794 (full 3):
 PSYoungGen      total 4608K, used 500K [0x00000000d5580000, 0x00000000d5b80000, 0x0000000100000000)
  eden space 4096K, 0% used [0x00000000d5580000,0x00000000d5580000,0x00000000d5980000)
  from space 512K, 97% used [0x00000000d5a00000,0x00000000d5a7d2e0,0x00000000d5a80000)
  to   space 1024K, 0% used [0x00000000d5a80000,0x00000000d5a80000,0x00000000d5b80000)
 ParOldGen       total 411136K, used 403771K [0x0000000080000000, 0x0000000099180000, 0x00000000d5580000)
  object space 411136K, 98% used [0x0000000080000000,0x0000000098a4efd0,0x0000000099180000)
 Metaspace       used 72269K, committed 73856K, reserved 1114112K
  class space    used 7681K, committed 8384K, reserved 1048576K
}
Event: 72.904 GC heap before
{Heap before GC invocations=795 (full 3):
 PSYoungGen      total 4608K, used 4587K [0x00000000d5580000, 0x00000000d5b80000, 0x0000000100000000)
  eden space 4096K, 99% used [0x00000000d5580000,0x00000000d597da90,0x00000000d5980000)
  from space 512K, 97% used [0x00000000d5a00000,0x00000000d5a7d2e0,0x00000000d5a80000)
  to   space 1024K, 0% used [0x00000000d5a80000,0x00000000d5a80000,0x00000000d5b80000)
 ParOldGen       total 411136K, used 403771K [0x0000000080000000, 0x0000000099180000, 0x00000000d5580000)
  object space 411136K, 98% used [0x0000000080000000,0x0000000098a4efd0,0x0000000099180000)
 Metaspace       used 72337K, committed 73920K, reserved 1114112K
  class space    used 7687K, committed 8384K, reserved 1048576K
}
Event: 72.905 GC heap after
{Heap after GC invocations=795 (full 3):
 PSYoungGen      total 4608K, used 352K [0x00000000d5580000, 0x00000000d5b00000, 0x0000000100000000)
  eden space 4096K, 0% used [0x00000000d5580000,0x00000000d5580000,0x00000000d5980000)
  from space 512K, 68% used [0x00000000d5a80000,0x00000000d5ad8000,0x00000000d5b00000)
  to   space 512K, 0% used [0x00000000d5a00000,0x00000000d5a00000,0x00000000d5a80000)
 ParOldGen       total 411136K, used 404088K [0x0000000080000000, 0x0000000099180000, 0x00000000d5580000)
  object space 411136K, 98% used [0x0000000080000000,0x0000000098a9e2b0,0x0000000099180000)
 Metaspace       used 72337K, committed 73920K, reserved 1114112K
  class space    used 7687K, committed 8384K, reserved 1048576K
}
Event: 72.909 GC heap before
{Heap before GC invocations=796 (full 3):
 PSYoungGen      total 4608K, used 4422K [0x00000000d5580000, 0x00000000d5b00000, 0x0000000100000000)
  eden space 4096K, 99% used [0x00000000d5580000,0x00000000d5979830,0x00000000d5980000)
  from space 512K, 68% used [0x00000000d5a80000,0x00000000d5ad8000,0x00000000d5b00000)
  to   space 512K, 0% used [0x00000000d5a00000,0x00000000d5a00000,0x00000000d5a80000)
 ParOldGen       total 411136K, used 404088K [0x0000000080000000, 0x0000000099180000, 0x00000000d5580000)
  object space 411136K, 98% used [0x0000000080000000,0x0000000098a9e2b0,0x0000000099180000)
 Metaspace       used 72337K, committed 73920K, reserved 1114112K
  class space    used 7687K, committed 8384K, reserved 1048576K
}
Event: 72.910 GC heap after
{Heap after GC invocations=796 (full 3):
 PSYoungGen      total 4608K, used 365K [0x00000000d5580000, 0x00000000d5b00000, 0x0000000100000000)
  eden space 4096K, 0% used [0x00000000d5580000,0x00000000d5580000,0x00000000d5980000)
  from space 512K, 71% used [0x00000000d5a00000,0x00000000d5a5b500,0x00000000d5a80000)
  to   space 512K, 0% used [0x00000000d5a80000,0x00000000d5a80000,0x00000000d5b00000)
 ParOldGen       total 411136K, used 406003K [0x0000000080000000, 0x0000000099180000, 0x00000000d5580000)
  object space 411136K, 98% used [0x0000000080000000,0x0000000098c7cea8,0x0000000099180000)
 Metaspace       used 72337K, committed 73920K, reserved 1114112K
  class space    used 7687K, committed 8384K, reserved 1048576K
}
Event: 73.921 GC heap before
{Heap before GC invocations=797 (full 3):
 PSYoungGen      total 4608K, used 3446K [0x00000000d5580000, 0x00000000d5b00000, 0x0000000100000000)
  eden space 4096K, 75% used [0x00000000d5580000,0x00000000d5882440,0x00000000d5980000)
  from space 512K, 71% used [0x00000000d5a00000,0x00000000d5a5b500,0x00000000d5a80000)
  to   space 512K, 0% used [0x00000000d5a80000,0x00000000d5a80000,0x00000000d5b00000)
 ParOldGen       total 411136K, used 407506K [0x0000000080000000, 0x0000000099180000, 0x00000000d5580000)
  object space 411136K, 99% used [0x0000000080000000,0x0000000098df49b0,0x0000000099180000)
 Metaspace       used 72419K, committed 73984K, reserved 1179648K
  class space    used 7699K, committed 8384K, reserved 1048576K
}
Event: 73.926 GC heap after
{Heap after GC invocations=797 (full 3):
 PSYoungGen      total 4608K, used 495K [0x00000000d5580000, 0x00000000d5b80000, 0x0000000100000000)
  eden space 4096K, 0% used [0x00000000d5580000,0x00000000d5580000,0x00000000d5980000)
  from space 512K, 96% used [0x00000000d5a80000,0x00000000d5afbc60,0x00000000d5b00000)
  to   space 1024K, 0% used [0x00000000d5980000,0x00000000d5980000,0x00000000d5a80000)
 ParOldGen       total 411136K, used 407570K [0x0000000080000000, 0x0000000099180000, 0x00000000d5580000)
  object space 411136K, 99% used [0x0000000080000000,0x0000000098e049b0,0x0000000099180000)
 Metaspace       used 72419K, committed 73984K, reserved 1179648K
  class space    used 7699K, committed 8384K, reserved 1048576K
}
Event: 73.935 GC heap before
{Heap before GC invocations=798 (full 3):
 PSYoungGen      total 4608K, used 4591K [0x00000000d5580000, 0x00000000d5b80000, 0x0000000100000000)
  eden space 4096K, 100% used [0x00000000d5580000,0x00000000d5980000,0x00000000d5980000)
  from space 512K, 96% used [0x00000000d5a80000,0x00000000d5afbc60,0x00000000d5b00000)
  to   space 1024K, 0% used [0x00000000d5980000,0x00000000d5980000,0x00000000d5a80000)
 ParOldGen       total 412672K, used 412468K [0x0000000080000000, 0x0000000099300000, 0x00000000d5580000)
  object space 412672K, 99% used [0x0000000080000000,0x00000000992cd2d8,0x0000000099300000)
 Metaspace       used 72445K, committed 74048K, reserved 1179648K
  class space    used 7704K, committed 8384K, reserved 1048576K
}
Event: 73.936 GC heap after
{Heap after GC invocations=798 (full 3):
 PSYoungGen      total 5120K, used 349K [0x00000000d5580000, 0x00000000d5b00000, 0x0000000100000000)
  eden space 4096K, 0% used [0x00000000d5580000,0x00000000d5580000,0x00000000d5980000)
  from space 1024K, 34% used [0x00000000d5980000,0x00000000d59d74d0,0x00000000d5a80000)
  to   space 512K, 0% used [0x00000000d5a80000,0x00000000d5a80000,0x00000000d5b00000)
 ParOldGen       total 412672K, used 412540K [0x0000000080000000, 0x0000000099300000, 0x00000000d5580000)
  object space 412672K, 99% used [0x0000000080000000,0x00000000992df2d8,0x0000000099300000)
 Metaspace       used 72445K, committed 74048K, reserved 1179648K
  class space    used 7704K, committed 8384K, reserved 1048576K
}
Event: 73.940 GC heap before
{Heap before GC invocations=799 (full 3):
 PSYoungGen      total 5120K, used 3244K [0x00000000d5580000, 0x00000000d5b00000, 0x0000000100000000)
  eden space 4096K, 70% used [0x00000000d5580000,0x00000000d5853e78,0x00000000d5980000)
  from space 1024K, 34% used [0x00000000d5980000,0x00000000d59d74d0,0x00000000d5a80000)
  to   space 512K, 0% used [0x00000000d5a80000,0x00000000d5a80000,0x00000000d5b00000)
 ParOldGen       total 412672K, used 412540K [0x0000000080000000, 0x0000000099300000, 0x00000000d5580000)
  object space 412672K, 99% used [0x0000000080000000,0x00000000992df2d8,0x0000000099300000)
 Metaspace       used 72459K, committed 74048K, reserved 1179648K
  class space    used 7706K, committed 8384K, reserved 1048576K
}
Event: 73.941 GC heap after
{Heap after GC invocations=799 (full 3):
 PSYoungGen      total 4608K, used 320K [0x00000000d5580000, 0x00000000d5b00000, 0x0000000100000000)
  eden space 4096K, 0% used [0x00000000d5580000,0x00000000d5580000,0x00000000d5980000)
  from space 512K, 62% used [0x00000000d5a80000,0x00000000d5ad0000,0x00000000d5b00000)
  to   space 512K, 0% used [0x00000000d5a00000,0x00000000d5a00000,0x00000000d5a80000)
 ParOldGen       total 412672K, used 412636K [0x0000000080000000, 0x0000000099300000, 0x00000000d5580000)
  object space 412672K, 99% used [0x0000000080000000,0x00000000992f72d8,0x0000000099300000)
 Metaspace       used 72459K, committed 74048K, reserved 1179648K
  class space    used 7706K, committed 8384K, reserved 1048576K
}
Event: 74.956 GC heap before
{Heap before GC invocations=800 (full 3):
 PSYoungGen      total 4608K, used 4416K [0x00000000d5580000, 0x00000000d5b00000, 0x0000000100000000)
  eden space 4096K, 100% used [0x00000000d5580000,0x00000000d5980000,0x00000000d5980000)
  from space 512K, 62% used [0x00000000d5a80000,0x00000000d5ad0000,0x00000000d5b00000)
  to   space 512K, 0% used [0x00000000d5a00000,0x00000000d5a00000,0x00000000d5a80000)
 ParOldGen       total 412672K, used 412636K [0x0000000080000000, 0x0000000099300000, 0x00000000d5580000)
  object space 412672K, 99% used [0x0000000080000000,0x00000000992f72d8,0x0000000099300000)
 Metaspace       used 72621K, committed 74240K, reserved 1179648K
  class space    used 7721K, committed 8448K, reserved 1048576K
}
Event: 74.957 GC heap after
{Heap after GC invocations=800 (full 3):
 PSYoungGen      total 4608K, used 512K [0x00000000d5580000, 0x00000000d5b80000, 0x0000000100000000)
  eden space 4096K, 0% used [0x00000000d5580000,0x00000000d5580000,0x00000000d5980000)
  from space 512K, 100% used [0x00000000d5a00000,0x00000000d5a80000,0x00000000d5a80000)
  to   space 1024K, 0% used [0x00000000d5a80000,0x00000000d5a80000,0x00000000d5b80000)
 ParOldGen       total 413184K, used 412860K [0x0000000080000000, 0x0000000099380000, 0x00000000d5580000)
  object space 413184K, 99% used [0x0000000080000000,0x000000009932f2d8,0x0000000099380000)
 Metaspace       used 72621K, committed 74240K, reserved 1179648K
  class space    used 7721K, committed 8448K, reserved 1048576K
}

Dll operation events (10 events):
Event: 0.007 Loaded shared library c:\Users\alumne-DAM\.vscode\extensions\redhat.java-1.49.0-win32-x64\jre\21.0.9-win32-x86_64\bin\java.dll
Event: 0.051 Loaded shared library c:\Users\alumne-DAM\.vscode\extensions\redhat.java-1.49.0-win32-x64\jre\21.0.9-win32-x86_64\bin\zip.dll
Event: 0.064 Loaded shared library C:\Users\alumne-DAM\.vscode\extensions\redhat.java-1.49.0-win32-x64\jre\21.0.9-win32-x86_64\bin\instrument.dll
Event: 0.069 Loaded shared library C:\Users\alumne-DAM\.vscode\extensions\redhat.java-1.49.0-win32-x64\jre\21.0.9-win32-x86_64\bin\net.dll
Event: 0.071 Loaded shared library C:\Users\alumne-DAM\.vscode\extensions\redhat.java-1.49.0-win32-x64\jre\21.0.9-win32-x86_64\bin\nio.dll
Event: 0.075 Loaded shared library C:\Users\alumne-DAM\.vscode\extensions\redhat.java-1.49.0-win32-x64\jre\21.0.9-win32-x86_64\bin\zip.dll
Event: 0.088 Loaded shared library C:\Users\alumne-DAM\.vscode\extensions\redhat.java-1.49.0-win32-x64\jre\21.0.9-win32-x86_64\bin\jimage.dll
Event: 0.138 Loaded shared library c:\Users\alumne-DAM\.vscode\extensions\redhat.java-1.49.0-win32-x64\jre\21.0.9-win32-x86_64\bin\verify.dll
Event: 0.844 Loaded shared library C:\Users\alumne-DAM\AppData\Roaming\Code\User\globalStorage\redhat.java\1.49.0\config_win\org.eclipse.equinox.launcher\org.eclipse.equinox.launcher.win32.win32.x86_64_1.2.1400.v20250801-0854\eclipse_11916.dll
Event: 1.711 Loaded shared library C:\Users\alumne-DAM\AppData\Local\Temp\jna--570604515\jna17929269688392103122.dll

Deoptimization events (20 events):
Event: 73.944 Thread 0x00000221811ff300 Uncommon trap: trap_request=0xffffffde fr.pc=0x00000221ab6e7624 relative=0x0000000000002384
Event: 73.944 Thread 0x00000221811ff300 Uncommon trap: reason=class_check action=maybe_recompile pc=0x00000221ab6e7624 method=org.eclipse.jdt.internal.compiler.lookup.BinaryTypeBinding.initializeTypeVariable(Lorg/eclipse/jdt/internal/compiler/lookup/TypeVariableBinding;[Lorg/eclipse/jdt/interna
Event: 73.944 Thread 0x00000221811ff300 DEOPT PACKING pc=0x00000221ab6e7624 sp=0x000000c05a4fca90
Event: 73.944 Thread 0x00000221811ff300 DEOPT UNPACKING pc=0x00000221aa816da2 sp=0x000000c05a4fc9c0 mode 2
Event: 73.944 Thread 0x00000221811ff300 Uncommon trap: trap_request=0xffffffde fr.pc=0x00000221ab6e7624 relative=0x0000000000002384
Event: 73.944 Thread 0x00000221811ff300 Uncommon trap: reason=class_check action=maybe_recompile pc=0x00000221ab6e7624 method=org.eclipse.jdt.internal.compiler.lookup.BinaryTypeBinding.initializeTypeVariable(Lorg/eclipse/jdt/internal/compiler/lookup/TypeVariableBinding;[Lorg/eclipse/jdt/interna
Event: 73.944 Thread 0x00000221811ff300 DEOPT PACKING pc=0x00000221ab6e7624 sp=0x000000c05a4fc920
Event: 73.944 Thread 0x00000221811ff300 DEOPT UNPACKING pc=0x00000221aa816da2 sp=0x000000c05a4fc850 mode 2
Event: 73.948 Thread 0x00000221811ff300 Uncommon trap: trap_request=0xffffff45 fr.pc=0x00000221ab6f3c98 relative=0x0000000000006fd8
Event: 74.948 Thread 0x00000221811ff300 Uncommon trap: reason=unstable_if action=reinterpret pc=0x00000221ab6f3c98 method=org.eclipse.jdt.internal.compiler.lookup.TypeSystem.getParameterizedType(Lorg/eclipse/jdt/internal/compiler/lookup/ReferenceBinding;[Lorg/eclipse/jdt/internal/compiler/looku
Event: 74.949 Thread 0x00000221811ff300 DEOPT PACKING pc=0x00000221ab6f3c98 sp=0x000000c05a4fcb30
Event: 74.949 Thread 0x00000221811ff300 DEOPT UNPACKING pc=0x00000221aa816da2 sp=0x000000c05a4fcb68 mode 2
Event: 74.960 Thread 0x00000221811ff300 Uncommon trap: trap_request=0xffffff45 fr.pc=0x00000221ab6224e8 relative=0x00000000000023a8
Event: 74.960 Thread 0x00000221811ff300 Uncommon trap: reason=unstable_if action=reinterpret pc=0x00000221ab6224e8 method=org.eclipse.jdt.internal.compiler.lookup.BinaryTypeBinding.createMethod(Lorg/eclipse/jdt/internal/compiler/env/IBinaryMethod;Lorg/eclipse/jdt/internal/compiler/env/IBinaryTy
Event: 74.961 Thread 0x00000221811ff300 DEOPT PACKING pc=0x00000221ab6224e8 sp=0x000000c05a4fcce0
Event: 74.961 Thread 0x00000221811ff300 DEOPT UNPACKING pc=0x00000221aa816da2 sp=0x000000c05a4fcc68 mode 2
Event: 74.965 Thread 0x00000221811ff300 Uncommon trap: trap_request=0xffffffc6 fr.pc=0x00000221ab6b36dc relative=0x0000000000000cdc
Event: 74.965 Thread 0x00000221811ff300 Uncommon trap: reason=bimorphic_or_optimized_type_check action=maybe_recompile pc=0x00000221ab6b36dc method=org.eclipse.jdt.internal.compiler.lookup.BinaryTypeBinding.createMethods([Lorg/eclipse/jdt/internal/compiler/env/IBinaryMethod;Lorg/eclipse/jdt/int
Event: 74.965 Thread 0x00000221811ff300 DEOPT PACKING pc=0x00000221ab6b36dc sp=0x000000c05a4fc500
Event: 74.965 Thread 0x00000221811ff300 DEOPT UNPACKING pc=0x00000221aa816da2 sp=0x000000c05a4fc468 mode 2

Classes loaded (20 events):
Event: 74.955 Loading class sun/security/ssl/SSLCipher$NullWriteCipherGenerator
Event: 74.955 Loading class sun/security/ssl/SSLCipher$WriteCipherGenerator
Event: 74.955 Loading class sun/security/ssl/SSLCipher$WriteCipherGenerator done
Event: 74.955 Loading class sun/security/ssl/SSLCipher$NullWriteCipherGenerator done
Event: 74.958 Loading class sun/security/ssl/SSLCipher$StreamReadCipherGenerator
Event: 74.958 Loading class sun/security/ssl/SSLCipher$StreamReadCipherGenerator done
Event: 74.958 Loading class sun/security/ssl/SSLCipher$StreamWriteCipherGenerator
Event: 74.958 Loading class sun/security/ssl/SSLCipher$StreamWriteCipherGenerator done
Event: 74.959 Loading class javax/crypto/Cipher
Event: 74.961 Loading class javax/crypto/Cipher done
Event: 74.961 Loading class javax/crypto/Cipher$Transform
Event: 74.962 Loading class javax/crypto/Cipher$Transform done
Event: 74.962 Loading class com/sun/crypto/provider/SunJCE
Event: 74.964 Loading class com/sun/crypto/provider/SunJCE done
Event: 74.965 Loading class javax/crypto/JceSecurity
Event: 74.966 Loading class javax/crypto/JceSecurity done
Event: 74.966 Loading class javax/crypto/JceSecurity$1
Event: 74.966 Loading class javax/crypto/JceSecurity$1 done
Event: 74.967 Loading class java/nio/file/Files$1
Event: 74.967 Loading class java/nio/file/Files$1 done

Classes unloaded (8 events):
Event: 2.437 Thread 0x00000221a01347a0 Unloading class 0x00000221b81a5000 'java/lang/invoke/LambdaForm$MH+0x00000221b81a5000'
Event: 2.437 Thread 0x00000221a01347a0 Unloading class 0x00000221b81a4c00 'java/lang/invoke/LambdaForm$MH+0x00000221b81a4c00'
Event: 2.437 Thread 0x00000221a01347a0 Unloading class 0x00000221b81a4800 'java/lang/invoke/LambdaForm$MH+0x00000221b81a4800'
Event: 2.437 Thread 0x00000221a01347a0 Unloading class 0x00000221b81a4400 'java/lang/invoke/LambdaForm$MH+0x00000221b81a4400'
Event: 2.437 Thread 0x00000221a01347a0 Unloading class 0x00000221b81a4000 'java/lang/invoke/LambdaForm$BMH+0x00000221b81a4000'
Event: 2.437 Thread 0x00000221a01347a0 Unloading class 0x00000221b81a3c00 'java/lang/invoke/LambdaForm$DMH+0x00000221b81a3c00'
Event: 2.437 Thread 0x00000221a01347a0 Unloading class 0x00000221b81a2800 'java/lang/invoke/LambdaForm$DMH+0x00000221b81a2800'
Event: 12.504 Thread 0x00000221a01347a0 Unloading class 0x00000221b86c0000 'java/lang/invoke/LambdaForm$DMH+0x00000221b86c0000'

Classes redefined (0 events):
No events

Internal exceptions (20 events):
Event: 68.353 Thread 0x00000221fed13a20 Exception <a 'java/lang/ClassNotFoundException'{0x00000000d559f9e0}: sun/net/www/protocol/jdt/Handler> (0x00000000d559f9e0) 
thrown [s\src\hotspot\share\classfile\systemDictionary.cpp, line 312]
Event: 68.353 Thread 0x00000221fed13a20 Exception <a 'java/lang/ClassNotFoundException'{0x00000000d55a2410}: sun/net/www/protocol/jdt/Handler> (0x00000000d55a2410) 
thrown [s\src\hotspot\share\classfile\systemDictionary.cpp, line 312]
Event: 68.353 Thread 0x00000221fed13a20 Exception <a 'java/lang/ClassNotFoundException'{0x00000000d55a4de8}: sun/net/www/protocol/jdt/Handler> (0x00000000d55a4de8) 
thrown [s\src\hotspot\share\classfile\systemDictionary.cpp, line 312]
Event: 68.353 Thread 0x00000221fed13a20 Exception <a 'java/lang/ClassNotFoundException'{0x00000000d55a7808}: sun/net/www/protocol/jdt/Handler> (0x00000000d55a7808) 
thrown [s\src\hotspot\share\classfile\systemDictionary.cpp, line 312]
Event: 68.354 Thread 0x00000221fed13a20 Exception <a 'java/lang/ClassNotFoundException'{0x00000000d55aa420}: sun/net/www/protocol/jdt/Handler> (0x00000000d55aa420) 
thrown [s\src\hotspot\share\classfile\systemDictionary.cpp, line 312]
Event: 68.354 Thread 0x00000221fed13a20 Exception <a 'java/lang/ClassNotFoundException'{0x00000000d55ace58}: sun/net/www/protocol/jdt/Handler> (0x00000000d55ace58) 
thrown [s\src\hotspot\share\classfile\systemDictionary.cpp, line 312]
Event: 68.354 Thread 0x00000221fed13a20 Exception <a 'java/lang/ClassNotFoundException'{0x00000000d55af850}: sun/net/www/protocol/jdt/Handler> (0x00000000d55af850) 
thrown [s\src\hotspot\share\classfile\systemDictionary.cpp, line 312]
Event: 68.354 Thread 0x00000221fed13a20 Exception <a 'java/lang/ClassNotFoundException'{0x00000000d55b2730}: sun/net/www/protocol/jdt/Handler> (0x00000000d55b2730) 
thrown [s\src\hotspot\share\classfile\systemDictionary.cpp, line 312]
Event: 68.390 Thread 0x00000221812006b0 Implicit null exception at 0x00000221ab675bde to 0x00000221ab675c18
Event: 72.871 Thread 0x00000221811ff300 Exception <a 'java/lang/NullPointerException'{0x00000000d58a5660}> (0x00000000d58a5660) 
thrown [s\src\hotspot\share\interpreter\linkResolver.cpp, line 1372]
Event: 72.871 Thread 0x00000221811ff300 Exception <a 'java/lang/NullPointerException'{0x00000000d58a5a48}> (0x00000000d58a5a48) 
thrown [s\src\hotspot\share\interpreter\linkResolver.cpp, line 1372]
Event: 72.871 Thread 0x00000221811ff300 Exception <a 'java/lang/NullPointerException'{0x00000000d58a6080}> (0x00000000d58a6080) 
thrown [s\src\hotspot\share\interpreter\linkResolver.cpp, line 1372]
Event: 72.871 Thread 0x00000221811ff300 Exception <a 'java/lang/NullPointerException'{0x00000000d58a6490}> (0x00000000d58a6490) 
thrown [s\src\hotspot\share\interpreter\linkResolver.cpp, line 1372]
Event: 72.871 Thread 0x00000221811ff300 Exception <a 'java/lang/NullPointerException'{0x00000000d58a68a0}> (0x00000000d58a68a0) 
thrown [s\src\hotspot\share\interpreter\linkResolver.cpp, line 1372]
Event: 72.872 Thread 0x00000221811ff300 Exception <a 'java/lang/NullPointerException'{0x00000000d58a93a8}> (0x00000000d58a93a8) 
thrown [s\src\hotspot\share\interpreter\linkResolver.cpp, line 1372]
Event: 72.874 Thread 0x00000221811ff300 Exception <a 'java/lang/NullPointerException'{0x00000000d58b1b78}> (0x00000000d58b1b78) 
thrown [s\src\hotspot\share\interpreter\linkResolver.cpp, line 1372]
Event: 72.895 Thread 0x00000221811ff300 Implicit null exception at 0x00000221ab699f81 to 0x00000221ab69b21c
Event: 72.895 Thread 0x00000221811ff300 Implicit null exception at 0x00000221ab5d4297 to 0x00000221ab5d56ac
Event: 72.895 Thread 0x00000221811ff300 Implicit null exception at 0x00000221ab5cf272 to 0x00000221ab5cf5ac
Event: 74.966 Thread 0x00000221fed11950 Exception <a 'sun/nio/fs/WindowsException'{0x00000000d5676d20}> (0x00000000d5676d20) 
thrown [s\src\hotspot\share\prims\jni.cpp, line 520]

ZGC Phase Switch (0 events):
No events

VM Operations (20 events):
Event: 72.904 Executing VM operation: ParallelGCFailedAllocation (Allocation Failure)
Event: 72.905 Executing VM operation: ParallelGCFailedAllocation (Allocation Failure) done
Event: 72.909 Executing VM operation: ParallelGCFailedAllocation (Allocation Failure)
Event: 72.910 Executing VM operation: ParallelGCFailedAllocation (Allocation Failure) done
Event: 72.921 Executing VM operation: HandshakeAllThreads (Deoptimize)
Event: 72.921 Executing VM operation: HandshakeAllThreads (Deoptimize) done
Event: 72.966 Executing VM operation: ParallelGCFailedAllocation (Allocation Failure)
Event: 72.966 Executing VM operation: ParallelGCFailedAllocation (Allocation Failure) done
Event: 73.921 Executing VM operation: ParallelGCSystemGC (GCLocker Initiated GC)
Event: 73.926 Executing VM operation: ParallelGCSystemGC (GCLocker Initiated GC) done
Event: 73.935 Executing VM operation: ParallelGCFailedAllocation (Allocation Failure)
Event: 73.936 Executing VM operation: ParallelGCFailedAllocation (Allocation Failure) done
Event: 73.940 Executing VM operation: ParallelGCFailedAllocation (Allocation Failure)
Event: 73.941 Executing VM operation: ParallelGCFailedAllocation (Allocation Failure) done
Event: 74.948 Executing VM operation: Cleanup
Event: 74.949 Executing VM operation: Cleanup done
Event: 74.955 Executing VM operation: ParallelGCFailedAllocation (Allocation Failure)
Event: 74.957 Executing VM operation: ParallelGCFailedAllocation (Allocation Failure) done
Event: 75.969 Executing VM operation: Cleanup
Event: 75.970 Executing VM operation: Cleanup done

Memory protections (0 events):
No events

Nmethod flushes (20 events):
Event: 12.515 Thread 0x00000221a01347a0 flushing  nmethod 0x00000221a3a40390
Event: 12.515 Thread 0x00000221a01347a0 flushing osr nmethod 0x00000221a3a8cf10
Event: 12.515 Thread 0x00000221a01347a0 flushing  nmethod 0x00000221a3a95390
Event: 12.515 Thread 0x00000221a01347a0 flushing  nmethod 0x00000221a3aad690
Event: 12.515 Thread 0x00000221a01347a0 flushing  nmethod 0x00000221a3aadc10
Event: 12.515 Thread 0x00000221a01347a0 flushing  nmethod 0x00000221a3aafa10
Event: 12.515 Thread 0x00000221a01347a0 flushing  nmethod 0x00000221a3acb510
Event: 12.515 Thread 0x00000221a01347a0 flushing  nmethod 0x00000221a3ad0490
Event: 12.515 Thread 0x00000221a01347a0 flushing  nmethod 0x00000221a3ad0f90
Event: 12.515 Thread 0x00000221a01347a0 flushing  nmethod 0x00000221a3ad1410
Event: 12.515 Thread 0x00000221a01347a0 flushing  nmethod 0x00000221a3ad2b10
Event: 12.515 Thread 0x00000221a01347a0 flushing  nmethod 0x00000221a3ad3c90
Event: 12.515 Thread 0x00000221a01347a0 flushing  nmethod 0x00000221a3adf410
Event: 12.516 Thread 0x00000221a01347a0 flushing  nmethod 0x00000221a3afa190
Event: 12.516 Thread 0x00000221a01347a0 flushing  nmethod 0x00000221a3b47c10
Event: 12.516 Thread 0x00000221a01347a0 flushing  nmethod 0x00000221a3b4da10
Event: 12.516 Thread 0x00000221a01347a0 flushing  nmethod 0x00000221a3b5b590
Event: 12.516 Thread 0x00000221a01347a0 flushing  nmethod 0x00000221a3b5ce10
Event: 12.516 Thread 0x00000221a01347a0 flushing  nmethod 0x00000221a3b5fc10
Event: 12.516 Thread 0x00000221a01347a0 flushing  nmethod 0x00000221a3b60390

Events (20 events):
Event: 65.979 Thread 0x000002218299ce20 Thread exited: 0x000002218299ce20
Event: 66.049 Thread 0x00000221f8e06270 Thread added: 0x000002218299e290
Event: 66.150 Thread 0x00000221f8e06270 Thread added: 0x000002218299ce20
Event: 66.368 Thread 0x000002218299e290 Thread exited: 0x000002218299e290
Event: 66.368 Thread 0x000002218299ce20 Thread exited: 0x000002218299ce20
Event: 66.812 Thread 0x00000221f8e06270 Thread added: 0x000002218299e290
Event: 66.851 Thread 0x00000221f8e06270 Thread added: 0x000002218299f030
Event: 67.320 Thread 0x00000221811fbe80 Thread added: 0x00000221fed13a20
Event: 68.358 Thread 0x00000221811f9720 Thread exited: 0x00000221811f9720
Event: 68.358 Thread 0x00000221811fcba0 Thread exited: 0x00000221811fcba0
Event: 68.452 Thread 0x00000221811fb7f0 Thread exited: 0x00000221811fb7f0
Event: 68.665 Thread 0x000002218299f030 Thread exited: 0x000002218299f030
Event: 68.780 Thread 0x000002218299e290 Thread exited: 0x000002218299e290
Event: 68.786 Thread 0x00000221f8e06270 Thread added: 0x000002218299ce20
Event: 68.786 Thread 0x00000221f8e06270 Thread added: 0x00000221829a0b70
Event: 69.064 Thread 0x00000221829a0b70 Thread exited: 0x00000221829a0b70
Event: 69.065 Thread 0x000002218299ce20 Thread exited: 0x000002218299ce20
Event: 71.840 Thread 0x00000221f8e06270 Thread added: 0x000002218299f030
Event: 72.863 Thread 0x000002218299f030 Thread added: 0x000002218299ce20
Event: 72.914 Thread 0x00000221811ff300 Thread added: 0x00000221fed11950


Dynamic libraries:
0x00007ff61fbc0000 - 0x00007ff61fbce000 	c:\Users\alumne-DAM\.vscode\extensions\redhat.java-1.49.0-win32-x64\jre\21.0.9-win32-x86_64\bin\java.exe
0x00007ff93abc0000 - 0x00007ff93ae28000 	C:\WINDOWS\SYSTEM32\ntdll.dll
0x00007ff938c90000 - 0x00007ff938d59000 	C:\WINDOWS\System32\KERNEL32.DLL
0x00007ff937dc0000 - 0x00007ff9381b8000 	C:\WINDOWS\System32\KERNELBASE.dll
0x00007ff934d60000 - 0x00007ff934dff000 	C:\WINDOWS\SYSTEM32\apphelp.dll
0x00007ff938430000 - 0x00007ff93857b000 	C:\WINDOWS\System32\ucrtbase.dll
0x00007ff91e130000 - 0x00007ff91e148000 	c:\Users\alumne-DAM\.vscode\extensions\redhat.java-1.49.0-win32-x64\jre\21.0.9-win32-x86_64\bin\jli.dll
0x00007ff9217c0000 - 0x00007ff9217de000 	c:\Users\alumne-DAM\.vscode\extensions\redhat.java-1.49.0-win32-x64\jre\21.0.9-win32-x86_64\bin\VCRUNTIME140.dll
0x00007ff939580000 - 0x00007ff939747000 	C:\WINDOWS\System32\USER32.dll
0x00007ff9256c0000 - 0x00007ff925954000 	C:\WINDOWS\WinSxS\amd64_microsoft.windows.common-controls_6595b64144ccf1df_6.0.26100.7019_none_3e06ffa0e335b8a8\COMCTL32.dll
0x00007ff938280000 - 0x00007ff9382a7000 	C:\WINDOWS\System32\win32u.dll
0x00007ff939230000 - 0x00007ff9392d9000 	C:\WINDOWS\System32\msvcrt.dll
0x00007ff939450000 - 0x00007ff93947b000 	C:\WINDOWS\System32\GDI32.dll
0x00007ff9387a0000 - 0x00007ff9388cc000 	C:\WINDOWS\System32\gdi32full.dll
0x00007ff937d10000 - 0x00007ff937db3000 	C:\WINDOWS\System32\msvcp_win.dll
0x00007ff939750000 - 0x00007ff939781000 	C:\WINDOWS\System32\IMM32.DLL
0x00007ff9246f0000 - 0x00007ff9246fc000 	c:\Users\alumne-DAM\.vscode\extensions\redhat.java-1.49.0-win32-x64\jre\21.0.9-win32-x86_64\bin\vcruntime140_1.dll
0x00007ff9165d0000 - 0x00007ff91665d000 	c:\Users\alumne-DAM\.vscode\extensions\redhat.java-1.49.0-win32-x64\jre\21.0.9-win32-x86_64\bin\msvcp140.dll
0x00007ff8fed60000 - 0x00007ff8ffb00000 	c:\Users\alumne-DAM\.vscode\extensions\redhat.java-1.49.0-win32-x64\jre\21.0.9-win32-x86_64\bin\server\jvm.dll
0x00007ff938b30000 - 0x00007ff938be4000 	C:\WINDOWS\System32\ADVAPI32.dll
0x00007ff938960000 - 0x00007ff938a06000 	C:\WINDOWS\System32\sechost.dll
0x00007ff938a10000 - 0x00007ff938b28000 	C:\WINDOWS\System32\RPCRT4.dll
0x00007ff938bf0000 - 0x00007ff938c64000 	C:\WINDOWS\System32\WS2_32.dll
0x00007ff937b70000 - 0x00007ff937bce000 	C:\WINDOWS\SYSTEM32\POWRPROF.dll
0x00007ff9312b0000 - 0x00007ff9312bb000 	C:\WINDOWS\SYSTEM32\VERSION.dll
0x00007ff928ca0000 - 0x00007ff928cd5000 	C:\WINDOWS\SYSTEM32\WINMM.dll
0x00007ff937b50000 - 0x00007ff937b64000 	C:\WINDOWS\SYSTEM32\UMPDC.dll
0x00007ff936a90000 - 0x00007ff936aab000 	C:\WINDOWS\SYSTEM32\kernel.appcore.dll
0x00007ff9246d0000 - 0x00007ff9246da000 	c:\Users\alumne-DAM\.vscode\extensions\redhat.java-1.49.0-win32-x64\jre\21.0.9-win32-x86_64\bin\jimage.dll
0x00007ff9265f0000 - 0x00007ff926832000 	C:\WINDOWS\SYSTEM32\DBGHELP.DLL
0x00007ff938e40000 - 0x00007ff9391cb000 	C:\WINDOWS\System32\combase.dll
0x00007ff9394a0000 - 0x00007ff939577000 	C:\WINDOWS\System32\OLEAUT32.dll
0x00007ff921b40000 - 0x00007ff921b7c000 	C:\WINDOWS\SYSTEM32\dbgcore.DLL
0x00007ff9386f0000 - 0x00007ff938795000 	C:\WINDOWS\System32\bcryptPrimitives.dll
0x00007ff9227f0000 - 0x00007ff9227ff000 	c:\Users\alumne-DAM\.vscode\extensions\redhat.java-1.49.0-win32-x64\jre\21.0.9-win32-x86_64\bin\instrument.dll
0x00007ff921820000 - 0x00007ff921840000 	c:\Users\alumne-DAM\.vscode\extensions\redhat.java-1.49.0-win32-x64\jre\21.0.9-win32-x86_64\bin\java.dll
0x00007ff93a0d0000 - 0x00007ff93a81f000 	C:\WINDOWS\System32\SHELL32.dll
0x00007ff938580000 - 0x00007ff9386eb000 	C:\WINDOWS\System32\wintypes.dll
0x00007ff935910000 - 0x00007ff93616d000 	C:\WINDOWS\SYSTEM32\windows.storage.dll
0x00007ff9392e0000 - 0x00007ff9393d2000 	C:\WINDOWS\System32\SHCORE.dll
0x00007ff9393e0000 - 0x00007ff939447000 	C:\WINDOWS\System32\shlwapi.dll
0x00007ff937c30000 - 0x00007ff937c59000 	C:\WINDOWS\SYSTEM32\profapi.dll
0x00007ff91b0e0000 - 0x00007ff91b0f8000 	c:\Users\alumne-DAM\.vscode\extensions\redhat.java-1.49.0-win32-x64\jre\21.0.9-win32-x86_64\bin\zip.dll
0x00007ff921670000 - 0x00007ff921680000 	C:\Users\alumne-DAM\.vscode\extensions\redhat.java-1.49.0-win32-x64\jre\21.0.9-win32-x86_64\bin\net.dll
0x00007ff931d70000 - 0x00007ff931e98000 	C:\WINDOWS\SYSTEM32\WINHTTP.dll
0x00007ff936fe0000 - 0x00007ff93704b000 	C:\WINDOWS\system32\mswsock.dll
0x00007ff9180c0000 - 0x00007ff9180d6000 	C:\Users\alumne-DAM\.vscode\extensions\redhat.java-1.49.0-win32-x64\jre\21.0.9-win32-x86_64\bin\nio.dll
0x00007ff921600000 - 0x00007ff921610000 	c:\Users\alumne-DAM\.vscode\extensions\redhat.java-1.49.0-win32-x64\jre\21.0.9-win32-x86_64\bin\verify.dll
0x00007ff9168c0000 - 0x00007ff916904000 	C:\Users\alumne-DAM\AppData\Roaming\Code\User\globalStorage\redhat.java\1.49.0\config_win\org.eclipse.equinox.launcher\org.eclipse.equinox.launcher.win32.win32.x86_64_1.2.1400.v20250801-0854\eclipse_11916.dll
0x00007ff93a930000 - 0x00007ff93aac7000 	C:\WINDOWS\System32\ole32.dll
0x00007ff9373d0000 - 0x00007ff9373eb000 	C:\WINDOWS\SYSTEM32\CRYPTSP.dll
0x00007ff9369f0000 - 0x00007ff936a2a000 	C:\WINDOWS\system32\rsaenh.dll
0x00007ff937090000 - 0x00007ff9370bb000 	C:\WINDOWS\SYSTEM32\USERENV.dll
0x00007ff937c00000 - 0x00007ff937c2a000 	C:\WINDOWS\SYSTEM32\bcrypt.dll
0x00007ff937230000 - 0x00007ff93723c000 	C:\WINDOWS\SYSTEM32\CRYPTBASE.dll
0x00007ff936480000 - 0x00007ff9364b4000 	C:\WINDOWS\SYSTEM32\IPHLPAPI.DLL
0x00007ff939490000 - 0x00007ff93949a000 	C:\WINDOWS\System32\NSI.dll
0x00007ff914410000 - 0x00007ff914459000 	C:\Users\alumne-DAM\AppData\Local\Temp\jna--570604515\jna17929269688392103122.dll
0x00007ff939480000 - 0x00007ff939488000 	C:\WINDOWS\System32\PSAPI.DLL
0x00007ff931990000 - 0x00007ff9319ae000 	C:\WINDOWS\SYSTEM32\dhcpcsvc6.DLL
0x00007ff931960000 - 0x00007ff931983000 	C:\WINDOWS\SYSTEM32\dhcpcsvc.DLL

JVMTI agents:
c:\Users\alumne-DAM\.vscode\extensions\redhat.java-1.49.0-win32-x64\lombok\lombok-1.18.39-4050.jar path:c:\Users\alumne-DAM\.vscode\extensions\redhat.java-1.49.0-win32-x64\jre\21.0.9-win32-x86_64\bin\instrument.dll, loaded, initialized, instrumentlib options:none

dbghelp: loaded successfully - version: 4.0.5 - missing functions: none
symbol engine: initialized successfully - sym options: 0x614 - pdb path: .;c:\Users\alumne-DAM\.vscode\extensions\redhat.java-1.49.0-win32-x64\jre\21.0.9-win32-x86_64\bin;C:\WINDOWS\SYSTEM32;C:\WINDOWS\WinSxS\amd64_microsoft.windows.common-controls_6595b64144ccf1df_6.0.26100.7019_none_3e06ffa0e335b8a8;c:\Users\alumne-DAM\.vscode\extensions\redhat.java-1.49.0-win32-x64\jre\21.0.9-win32-x86_64\bin\server;C:\Users\alumne-DAM\AppData\Roaming\Code\User\globalStorage\redhat.java\1.49.0\config_win\org.eclipse.equinox.launcher\org.eclipse.equinox.launcher.win32.win32.x86_64_1.2.1400.v20250801-0854;C:\Users\alumne-DAM\AppData\Local\Temp\jna--570604515

VM Arguments:
jvm_args: --add-modules=ALL-SYSTEM --add-opens=java.base/java.util=ALL-UNNAMED --add-opens=java.base/java.lang=ALL-UNNAMED --add-opens=java.base/sun.nio.fs=ALL-UNNAMED -Declipse.application=org.eclipse.jdt.ls.core.id1 -Dosgi.bundles.defaultStartLevel=4 -Declipse.product=org.eclipse.jdt.ls.core.product -Djava.import.generatesMetadataFilesAtProjectRoot=false -DDetectVMInstallationsJob.disabled=true -Dfile.encoding=utf8 -XX:+UseParallelGC -XX:GCTimeRatio=4 -XX:AdaptiveSizePolicyWeight=90 -Dsun.zip.disableMemoryMapping=true -Xmx2G -Xms100m -Xlog:disable -javaagent:c:\Users\alumne-DAM\.vscode\extensions\redhat.java-1.49.0-win32-x64\lombok\lombok-1.18.39-4050.jar -XX:+HeapDumpOnOutOfMemoryError -XX:HeapDumpPath=c:\Users\alumne-DAM\AppData\Roaming\Code\User\workspaceStorage\2e860de5468b0c27a24f6f495f902225\redhat.java -Daether.dependencyCollector.impl=bf 
java_command: c:\Users\alumne-DAM\.vscode\extensions\redhat.java-1.49.0-win32-x64\server\plugins\org.eclipse.equinox.launcher_1.7.100.v20251111-0406.jar -configuration c:\Users\alumne-DAM\AppData\Roaming\Code\User\globalStorage\redhat.java\1.49.0\config_win -data c:\Users\alumne-DAM\AppData\Roaming\Code\User\workspaceStorage\2e860de5468b0c27a24f6f495f902225\redhat.java\jdt_ws --pipe=\\.\pipe\lsp-5b79dd8bdd92aeb594ec5e78d6aeb747-sock
java_class_path (initial): c:\Users\alumne-DAM\.vscode\extensions\redhat.java-1.49.0-win32-x64\server\plugins\org.eclipse.equinox.launcher_1.7.100.v20251111-0406.jar
Launcher Type: SUN_STANDARD

[Global flags]
    uintx AdaptiveSizePolicyWeight                 = 90                                        {product} {command line}
     intx CICompilerCount                          = 4                                         {product} {ergonomic}
    uintx GCTimeRatio                              = 4                                         {product} {command line}
     bool HeapDumpOnOutOfMemoryError               = true                                   {manageable} {command line}
    ccstr HeapDumpPath                             = c:\Users\alumne-DAM\AppData\Roaming\Code\User\workspaceStorage\2e860de5468b0c27a24f6f495f902225\redhat.java         {manageable} {command line}
   size_t InitialHeapSize                          = 104857600                                 {product} {command line}
   size_t MaxHeapSize                              = 2147483648                                {product} {command line}
   size_t MaxNewSize                               = 715653120                                 {product} {ergonomic}
   size_t MinHeapDeltaBytes                        = 524288                                    {product} {ergonomic}
   size_t MinHeapSize                              = 104857600                                 {product} {command line}
   size_t NewSize                                  = 34603008                                  {product} {ergonomic}
    uintx NonNMethodCodeHeapSize                   = 5839372                                {pd product} {ergonomic}
    uintx NonProfiledCodeHeapSize                  = 122909434                              {pd product} {ergonomic}
   size_t OldSize                                  = 70254592                                  {product} {ergonomic}
    uintx ProfiledCodeHeapSize                     = 122909434                              {pd product} {ergonomic}
    uintx ReservedCodeCacheSize                    = 251658240                              {pd product} {ergonomic}
     bool SegmentedCodeCache                       = true                                      {product} {ergonomic}
   size_t SoftMaxHeapSize                          = 2147483648                             {manageable} {ergonomic}
     bool UseCompressedOops                        = true                           {product lp64_product} {ergonomic}
     bool UseLargePagesIndividualAllocation        = false                                  {pd product} {ergonomic}
     bool UseParallelGC                            = true                                      {product} {command line}

Logging:
Log output configuration:
 #0: stdout all=off uptime,level,tags foldmultilines=false
 #1: stderr all=off uptime,level,tags foldmultilines=false

Release file:
JAVA_VERSION="21.0.9" 
MODULES="java.base java.compiler java.datatransfer java.xml java.prefs java.desktop java.instrument java.logging java.management java.security.sasl java.naming java.rmi java.management.rmi java.net.http java.scripting java.security.jgss java.transaction.xa java.sql java.sql.rowset java.xml.crypto java.se java.smartcardio jdk.accessibility jdk.internal.jvmstat jdk.attach jdk.charsets jdk.internal.opt jdk.zipfs jdk.compiler jdk.crypto.ec jdk.crypto.cryptoki jdk.crypto.mscapi jdk.dynalink jdk.internal.ed jdk.editpad jdk.hotspot.agent jdk.httpserver jdk.internal.le jdk.internal.vm.ci jdk.internal.vm.compiler jdk.internal.vm.compiler.management jdk.jartool jdk.javadoc jdk.jcmd jdk.management jdk.management.agent jdk.jconsole jdk.jdeps jdk.jdwp.agent jdk.jdi jdk.jfr jdk.jshell jdk.jsobject jdk.jstatd jdk.localedata jdk.management.jfr jdk.naming.dns jdk.naming.rmi jdk.net jdk.nio.mapmode jdk.random jdk.sctp jdk.security.auth jdk.security.jgss jdk.unsupported jdk.unsupported.desktop jdk.xml.dom" 

Environment Variables:
JAVA_HOME=C:\Program Files\Eclipse Adoptium\jdk-17.0.16.8-hotspot\
PATH=C:\Program Files\Common Files\Oracle\Java\javapath;C:\Program Files\Eclipse Adoptium\jdk-17.0.16.8-hotspot\bin;C:\WINDOWS\system32;C:\WINDOWS;C:\WINDOWS\System32\Wbem;C:\WINDOWS\System32\WindowsPowerShell\v1.0\;C:\WINDOWS\System32\OpenSSH\;C:\Program Files\dotnet\;C:\Users\alumne-DAM\AppData\Local\Muse Hub\lib;;C:\Program Files\Docker\Docker\resources\bin;C:\Users\alumne-DAM\AppData\Local\Microsoft\WindowsApps;C:\Users\alumne-DAM\AppData\Local\Programs\Microsoft VS Code\bin;C:\Users\alumne-DAM\AppData\Local\Programs\Git\cmd;
USERNAME=alumne-DAM
OS=Windows_NT
PROCESSOR_IDENTIFIER=Intel64 Family 6 Model 167 Stepping 1, GenuineIntel
TMP=C:\Users\ALUMNE~1\AppData\Local\Temp
TEMP=C:\Users\ALUMNE~1\AppData\Local\Temp




Periodic native trim disabled

---------------  S Y S T E M  ---------------

OS:
 Windows 11 , 64 bit Build 26100 (10.0.26100.7019)
OS uptime: 0 days 2:44 hours
Hyper-V role detected

CPU: total 12 (initial active 12) (6 cores per cpu, 2 threads per core) family 6 model 167 stepping 1 microcode 0x40, cx8, cmov, fxsr, ht, mmx, 3dnowpref, sse, sse2, sse3, ssse3, sse4.1, sse4.2, popcnt, lzcnt, tsc, tscinvbit, avx, avx2, aes, erms, clmul, bmi1, bmi2, adx, avx512f, avx512dq, avx512cd, avx512bw, avx512vl, sha, fma, vzeroupper, avx512_vpopcntdq, avx512_vpclmulqdq, avx512_vaes, avx512_vnni, clflush, clflushopt, avx512_vbmi2, avx512_vbmi, hv, rdtscp, rdpid, fsrm, gfni, avx512_bitalg, f16c, avx512_ifma
Processor Information for the first 12 processors :
  Max Mhz: 2592, Current Mhz: 2592, Mhz Limit: 2592

Memory: 4k page, system-wide physical 16181M (921M free)
TotalPageFile size 65333M (AvailPageFile size 9M)
current process WorkingSet (physical memory assigned to process): 774M, peak: 824M
current process commit charge ("private bytes"): 719M, peak: 768M

vm_info: OpenJDK 64-Bit Server VM (21.0.9+10-LTS) for windows-amd64 JRE (21.0.9+10-LTS), built on 2025-10-21T00:00:00Z by "admin" with unknown MS VC++:1942

END.
