#
# There is insufficient memory for the Java Runtime Environment to continue.
# Native memory allocation (malloc) failed to allocate 782736 bytes. Error detail: Chunk::new
# Possible reasons:
#   The system is out of physical RAM or swap space
#   This process is running with CompressedOops enabled, and the Java Heap may be blocking the growth of the native heap
# Possible solutions:
#   Reduce memory load on the system
#   Increase physical memory or swap space
#   Check if swap backing store is full
#   Decrease Java heap size (-Xmx/-Xms)
#   Decrease number of Java threads
#   Decrease Java thread stack sizes (-Xss)
#   Set larger code cache with -XX:ReservedCodeCacheSize=
#   JVM is running with Unscaled Compressed Oops mode in which the Java heap is
#     placed in the first 4GB address space. The Java Heap base address is the
#     maximum limit for the native heap growth. Please use -XX:HeapBaseMinAddress
#     to set the Java Heap base and to place the Java Heap above 4GB virtual address.
# This output file may be truncated or incomplete.
#
#  Out of Memory Error (arena.cpp:168), pid=4796, tid=9608
#
# JRE version: OpenJDK Runtime Environment Temurin-21.0.9+10 (21.0.9+10) (build 21.0.9+10-LTS)
# Java VM: OpenJDK 64-Bit Server VM Temurin-21.0.9+10 (21.0.9+10-LTS, mixed mode, sharing, tiered, compressed oops, compressed class ptrs, parallel gc, windows-amd64)
# No core dump will be written. Minidumps are not enabled by default on client versions of Windows
#

---------------  S U M M A R Y ------------

Command Line: --add-modules=ALL-SYSTEM --add-opens=java.base/java.util=ALL-UNNAMED --add-opens=java.base/java.lang=ALL-UNNAMED --add-opens=java.base/sun.nio.fs=ALL-UNNAMED -Declipse.application=org.eclipse.jdt.ls.core.id1 -Dosgi.bundles.defaultStartLevel=4 -Declipse.product=org.eclipse.jdt.ls.core.product -Djava.import.generatesMetadataFilesAtProjectRoot=false -DDetectVMInstallationsJob.disabled=true -Dfile.encoding=utf8 -XX:+UseParallelGC -XX:GCTimeRatio=4 -XX:AdaptiveSizePolicyWeight=90 -Dsun.zip.disableMemoryMapping=true -Xmx2G -Xms100m -Xlog:disable -javaagent:c:\Users\alumne-DAM\.vscode\extensions\redhat.java-1.49.0-win32-x64\lombok\lombok-1.18.39-4050.jar -XX:+HeapDumpOnOutOfMemoryError -XX:HeapDumpPath=c:\Users\alumne-DAM\AppData\Roaming\Code\User\workspaceStorage\2e860de5468b0c27a24f6f495f902225\redhat.java -Daether.dependencyCollector.impl=bf c:\Users\alumne-DAM\.vscode\extensions\redhat.java-1.49.0-win32-x64\server\plugins\org.eclipse.equinox.launcher_1.7.100.v20251111-0406.jar -configuration c:\Users\alumne-DAM\AppData\Roaming\Code\User\globalStorage\redhat.java\1.49.0\config_win -data c:\Users\alumne-DAM\AppData\Roaming\Code\User\workspaceStorage\2e860de5468b0c27a24f6f495f902225\redhat.java\jdt_ws --pipe=\\.\pipe\lsp-e75401b3d9bf5b8e12a293a91fc65c20-sock

Host: 11th Gen Intel(R) Core(TM) i5-11400 @ 2.60GHz, 12 cores, 15G,  Windows 11 , 64 bit Build 26100 (10.0.26100.7019)
Time: Mon Nov 24 17:46:16 2025 Hora estándar romance elapsed time: 53.362625 seconds (0d 0h 0m 53s)

---------------  T H R E A D  ---------------

Current thread (0x000002ac61e122d0):  JavaThread "C2 CompilerThread0" daemon [_thread_in_native, id=9608, stack(0x000000e68e600000,0x000000e68e700000) (1024K)]


Current CompileTask:
C2:53362 12797       4       org.eclipse.jdt.internal.core.JavaProject::filterLimitedModules (179 bytes)

Stack: [0x000000e68e600000,0x000000e68e700000]
Native frames: (J=compiled Java code, j=interpreted, Vv=VM code, C=native code)
V  [jvm.dll+0x6d6e29]
V  [jvm.dll+0x8b4b76]
V  [jvm.dll+0x8b712e]
V  [jvm.dll+0x8b7813]
V  [jvm.dll+0x283d86]
V  [jvm.dll+0xc66ed]
V  [jvm.dll+0xc6c31]
V  [jvm.dll+0x3be501]
V  [jvm.dll+0x38ab92]
V  [jvm.dll+0x389fda]
V  [jvm.dll+0x24bfa0]
V  [jvm.dll+0x24b580]
V  [jvm.dll+0x1cb13e]
V  [jvm.dll+0x25b29d]
V  [jvm.dll+0x25982a]
V  [jvm.dll+0x3f7ea6]
V  [jvm.dll+0x85e9ad]
V  [jvm.dll+0x6d565d]
C  [ucrtbase.dll+0x37b0]
C  [KERNEL32.DLL+0x2e8d7]
C  [ntdll.dll+0x8c53c]


---------------  P R O C E S S  ---------------

Threads class SMR info:
_java_thread_list=0x000002ac6bdda4b0, length=60, elements={
0x000002ac06bd20e0, 0x000002ac1fa49400, 0x000002ac1fa4b5c0, 0x000002ac1fa51920,
0x000002ac1fa55740, 0x000002ac1fa56190, 0x000002ac1fa5b870, 0x000002ac61e122d0,
0x000002ac61e17d80, 0x000002ac620207b0, 0x000002ac6213a880, 0x000002ac67756b30,
0x000002ac679d3360, 0x000002ac677db6e0, 0x000002ac677d8e00, 0x000002ac67dc5a70,
0x000002ac67df5b00, 0x000002ac67a7bc00, 0x000002ac67d1f110, 0x000002ac680cda10,
0x000002ac677d64f0, 0x000002ac677d5140, 0x000002ac677d7210, 0x000002ac677d6b80,
0x000002ac677d78a0, 0x000002ac677d4420, 0x000002ac677d4ab0, 0x000002ac677d57d0,
0x000002ac6a9a4a70, 0x000002ac6a9a5100, 0x000002ac6a9a5790, 0x000002ac6a9a5e20,
0x000002ac6a9a29a0, 0x000002ac6a9a3030, 0x000002ac6a9a64b0, 0x000002ac6a9a36c0,
0x000002ac6a9a6b40, 0x000002ac6a9a71d0, 0x000002ac6a9a3d50, 0x000002ac6a9a7860,
0x000002ac6a9a43e0, 0x000002ac6a9a7ef0, 0x000002ac6a9a8580, 0x000002ac6a9a8c10,
0x000002ac6a9a92a0, 0x000002ac6a9a9930, 0x000002ac6a9a9fc0, 0x000002ac6b6c6100,
0x000002ac6b6c4d50, 0x000002ac6b6c5a70, 0x000002ac6b6c6790, 0x000002ac6b6c53e0,
0x000002ac6b6c46c0, 0x000002ac6b6c6e20, 0x000002ac6b6c74b0, 0x000002ac6b6c4030,
0x000002ac6b6c7b40, 0x000002ac6b6c9580, 0x000002ac69275620, 0x000002ac69275cb0
}

Java Threads: ( => current thread )
  0x000002ac06bd20e0 JavaThread "main"                              [_thread_blocked, id=9328, stack(0x000000e68dc00000,0x000000e68dd00000) (1024K)]
  0x000002ac1fa49400 JavaThread "Reference Handler"          daemon [_thread_blocked, id=5288, stack(0x000000e68e000000,0x000000e68e100000) (1024K)]
  0x000002ac1fa4b5c0 JavaThread "Finalizer"                  daemon [_thread_blocked, id=15180, stack(0x000000e68e100000,0x000000e68e200000) (1024K)]
  0x000002ac1fa51920 JavaThread "Signal Dispatcher"          daemon [_thread_blocked, id=6440, stack(0x000000e68e200000,0x000000e68e300000) (1024K)]
  0x000002ac1fa55740 JavaThread "Attach Listener"            daemon [_thread_blocked, id=3392, stack(0x000000e68e300000,0x000000e68e400000) (1024K)]
  0x000002ac1fa56190 JavaThread "Service Thread"             daemon [_thread_blocked, id=12672, stack(0x000000e68e400000,0x000000e68e500000) (1024K)]
  0x000002ac1fa5b870 JavaThread "Monitor Deflation Thread"   daemon [_thread_blocked, id=5500, stack(0x000000e68e500000,0x000000e68e600000) (1024K)]
=>0x000002ac61e122d0 JavaThread "C2 CompilerThread0"         daemon [_thread_in_native, id=9608, stack(0x000000e68e600000,0x000000e68e700000) (1024K)]
  0x000002ac61e17d80 JavaThread "C1 CompilerThread0"         daemon [_thread_blocked, id=3708, stack(0x000000e68e700000,0x000000e68e800000) (1024K)]
  0x000002ac620207b0 JavaThread "Common-Cleaner"             daemon [_thread_blocked, id=15096, stack(0x000000e68e800000,0x000000e68e900000) (1024K)]
  0x000002ac6213a880 JavaThread "Notification Thread"        daemon [_thread_blocked, id=12944, stack(0x000000e68ea00000,0x000000e68eb00000) (1024K)]
  0x000002ac67756b30 JavaThread "Active Thread: Equinox Container: 93a34df5-8a54-4154-919f-b635dc9fb4d4"        [_thread_blocked, id=1276, stack(0x000000e68f200000,0x000000e68f300000) (1024K)]
  0x000002ac679d3360 JavaThread "Refresh Thread: Equinox Container: 93a34df5-8a54-4154-919f-b635dc9fb4d4" daemon [_thread_blocked, id=2704, stack(0x000000e68f300000,0x000000e68f400000) (1024K)]
  0x000002ac677db6e0 JavaThread "Framework Event Dispatcher: Equinox Container: 93a34df5-8a54-4154-919f-b635dc9fb4d4" daemon [_thread_blocked, id=11328, stack(0x000000e68f500000,0x000000e68f600000) (1024K)]
  0x000002ac677d8e00 JavaThread "Start Level: Equinox Container: 93a34df5-8a54-4154-919f-b635dc9fb4d4" daemon [_thread_blocked, id=4048, stack(0x000000e68f600000,0x000000e68f700000) (1024K)]
  0x000002ac67dc5a70 JavaThread "Bundle File Closer"         daemon [_thread_blocked, id=12764, stack(0x000000e68f900000,0x000000e68fa00000) (1024K)]
  0x000002ac67df5b00 JavaThread "SCR Component Actor"        daemon [_thread_blocked, id=12044, stack(0x000000e68fa00000,0x000000e68fb00000) (1024K)]
  0x000002ac67a7bc00 JavaThread "Worker-JM"                         [_thread_blocked, id=11664, stack(0x000000e68fb00000,0x000000e68fc00000) (1024K)]
  0x000002ac67d1f110 JavaThread "JNA Cleaner"                daemon [_thread_blocked, id=11492, stack(0x000000e68fc00000,0x000000e68fd00000) (1024K)]
  0x000002ac680cda10 JavaThread "Worker-0"                          [_thread_blocked, id=8748, stack(0x000000e68fd00000,0x000000e68fe00000) (1024K)]
  0x000002ac677d64f0 JavaThread "Worker-1"                          [_thread_blocked, id=13464, stack(0x000000e68fe00000,0x000000e68ff00000) (1024K)]
  0x000002ac677d5140 JavaThread "Worker-2"                          [_thread_blocked, id=6392, stack(0x000000e68ff00000,0x000000e690000000) (1024K)]
  0x000002ac677d7210 JavaThread "Java indexing"              daemon [_thread_blocked, id=4340, stack(0x000000e690000000,0x000000e690100000) (1024K)]
  0x000002ac677d6b80 JavaThread "Worker-3"                          [_thread_blocked, id=14640, stack(0x000000e690100000,0x000000e690200000) (1024K)]
  0x000002ac677d78a0 JavaThread "Thread-1"                   daemon [_thread_in_native, id=14148, stack(0x000000e690500000,0x000000e690600000) (1024K)]
  0x000002ac677d4420 JavaThread "Thread-2"                   daemon [_thread_in_native, id=10660, stack(0x000000e690600000,0x000000e690700000) (1024K)]
  0x000002ac677d4ab0 JavaThread "Thread-3"                   daemon [_thread_in_native, id=5272, stack(0x000000e690700000,0x000000e690800000) (1024K)]
  0x000002ac677d57d0 JavaThread "Thread-4"                   daemon [_thread_in_native, id=7340, stack(0x000000e690800000,0x000000e690900000) (1024K)]
  0x000002ac6a9a4a70 JavaThread "Thread-5"                   daemon [_thread_in_native, id=13776, stack(0x000000e690900000,0x000000e690a00000) (1024K)]
  0x000002ac6a9a5100 JavaThread "Thread-6"                   daemon [_thread_in_native, id=11204, stack(0x000000e690a00000,0x000000e690b00000) (1024K)]
  0x000002ac6a9a5790 JavaThread "Thread-7"                   daemon [_thread_in_native, id=8164, stack(0x000000e690b00000,0x000000e690c00000) (1024K)]
  0x000002ac6a9a5e20 JavaThread "Thread-8"                   daemon [_thread_in_native, id=13992, stack(0x000000e690c00000,0x000000e690d00000) (1024K)]
  0x000002ac6a9a29a0 JavaThread "Thread-9"                   daemon [_thread_in_native, id=2184, stack(0x000000e690d00000,0x000000e690e00000) (1024K)]
  0x000002ac6a9a3030 JavaThread "Thread-10"                  daemon [_thread_in_native, id=3596, stack(0x000000e690e00000,0x000000e690f00000) (1024K)]
  0x000002ac6a9a64b0 JavaThread "Thread-11"                  daemon [_thread_in_native, id=4852, stack(0x000000e690f00000,0x000000e691000000) (1024K)]
  0x000002ac6a9a36c0 JavaThread "Thread-12"                  daemon [_thread_in_native, id=12892, stack(0x000000e691000000,0x000000e691100000) (1024K)]
  0x000002ac6a9a6b40 JavaThread "Thread-13"                  daemon [_thread_in_native, id=14272, stack(0x000000e691100000,0x000000e691200000) (1024K)]
  0x000002ac6a9a71d0 JavaThread "pool-2-thread-1"                   [_thread_blocked, id=5316, stack(0x000000e691200000,0x000000e691300000) (1024K)]
  0x000002ac6a9a3d50 JavaThread "Worker-4"                          [_thread_blocked, id=4008, stack(0x000000e691300000,0x000000e691400000) (1024K)]
  0x000002ac6a9a7860 JavaThread "WorkspaceEventsHandler"            [_thread_blocked, id=420, stack(0x000000e691400000,0x000000e691500000) (1024K)]
  0x000002ac6a9a43e0 JavaThread "pool-1-thread-1"                   [_thread_blocked, id=10120, stack(0x000000e691500000,0x000000e691600000) (1024K)]
  0x000002ac6a9a7ef0 JavaThread "LocalFile Deleter"          daemon [_thread_blocked, id=13300, stack(0x000000e691600000,0x000000e691700000) (1024K)]
  0x000002ac6a9a8580 JavaThread "LocalFile Deleter"          daemon [_thread_blocked, id=13292, stack(0x000000e691700000,0x000000e691800000) (1024K)]
  0x000002ac6a9a8c10 JavaThread "LocalFile Deleter"          daemon [_thread_blocked, id=2628, stack(0x000000e691800000,0x000000e691900000) (1024K)]
  0x000002ac6a9a92a0 JavaThread "LocalFile Deleter"          daemon [_thread_blocked, id=5352, stack(0x000000e691900000,0x000000e691a00000) (1024K)]
  0x000002ac6a9a9930 JavaThread "Compiler Source File Reader" daemon [_thread_blocked, id=5904, stack(0x000000e691a00000,0x000000e691b00000) (1024K)]
  0x000002ac6a9a9fc0 JavaThread "Compiler Processing Task"   daemon [_thread_blocked, id=11352, stack(0x000000e691b00000,0x000000e691c00000) (1024K)]
  0x000002ac6b6c6100 JavaThread "Compiler Class File Writer" daemon [_thread_blocked, id=12260, stack(0x000000e691c00000,0x000000e691d00000) (1024K)]
  0x000002ac6b6c4d50 JavaThread "Worker-5"                          [_thread_blocked, id=7176, stack(0x000000e691d00000,0x000000e691e00000) (1024K)]
  0x000002ac6b6c5a70 JavaThread "Compiler Source File Reader" daemon [_thread_blocked, id=14204, stack(0x000000e691e00000,0x000000e691f00000) (1024K)]
  0x000002ac6b6c6790 JavaThread "Compiler Class File Writer" daemon [_thread_blocked, id=4324, stack(0x000000e691f00000,0x000000e692000000) (1024K)]
  0x000002ac6b6c53e0 JavaThread "ForkJoinPool.commonPool-worker-1" daemon [_thread_blocked, id=2276, stack(0x000000e692000000,0x000000e692100000) (1024K)]
  0x000002ac6b6c46c0 JavaThread "ForkJoinPool.commonPool-worker-2" daemon [_thread_blocked, id=2356, stack(0x000000e692100000,0x000000e692200000) (1024K)]
  0x000002ac6b6c6e20 JavaThread "ForkJoinPool.commonPool-worker-3" daemon [_thread_blocked, id=6192, stack(0x000000e692200000,0x000000e692300000) (1024K)]
  0x000002ac6b6c74b0 JavaThread "ForkJoinPool.commonPool-worker-4" daemon [_thread_blocked, id=14432, stack(0x000000e692300000,0x000000e692400000) (1024K)]
  0x000002ac6b6c4030 JavaThread "ForkJoinPool.commonPool-worker-5" daemon [_thread_blocked, id=2660, stack(0x000000e692400000,0x000000e692500000) (1024K)]
  0x000002ac6b6c7b40 JavaThread "pool-1-thread-2"                   [_thread_blocked, id=12468, stack(0x000000e692500000,0x000000e692600000) (1024K)]
  0x000002ac6b6c9580 JavaThread "pool-1-thread-3"                   [_thread_blocked, id=6588, stack(0x000000e692600000,0x000000e692700000) (1024K)]
  0x000002ac69275620 JavaThread "pool-1-thread-4"                   [_thread_blocked, id=7020, stack(0x000000e68e900000,0x000000e68ea00000) (1024K)]
  0x000002ac69275cb0 JavaThread "pool-1-thread-5"                   [_thread_blocked, id=1764, stack(0x000000e68eb00000,0x000000e68ec00000) (1024K)]
Total: 60

Other Threads:
  0x000002ac09055ad0 VMThread "VM Thread"                           [id=13716, stack(0x000000e68df00000,0x000000e68e000000) (1024K)]
  0x000002ac09024af0 WatcherThread "VM Periodic Task Thread"        [id=11156, stack(0x000000e68de00000,0x000000e68df00000) (1024K)]
  0x000002ac08fd0550 WorkerThread "GC Thread#0"                     [id=4104, stack(0x000000e68dd00000,0x000000e68de00000) (1024K)]
  0x000002ac670de750 WorkerThread "GC Thread#1"                     [id=14516, stack(0x000000e68ec00000,0x000000e68ed00000) (1024K)]
  0x000002ac675f7b70 WorkerThread "GC Thread#2"                     [id=3220, stack(0x000000e68ed00000,0x000000e68ee00000) (1024K)]
  0x000002ac675f7f10 WorkerThread "GC Thread#3"                     [id=7408, stack(0x000000e68ee00000,0x000000e68ef00000) (1024K)]
  0x000002ac677789b0 WorkerThread "GC Thread#4"                     [id=4164, stack(0x000000e68ef00000,0x000000e68f000000) (1024K)]
  0x000002ac67779150 WorkerThread "GC Thread#5"                     [id=14652, stack(0x000000e68f000000,0x000000e68f100000) (1024K)]
  0x000002ac676ca400 WorkerThread "GC Thread#6"                     [id=5356, stack(0x000000e68f100000,0x000000e68f200000) (1024K)]
  0x000002ac679ec550 WorkerThread "GC Thread#7"                     [id=8620, stack(0x000000e68f400000,0x000000e68f500000) (1024K)]
  0x000002ac67905a10 WorkerThread "GC Thread#8"                     [id=1468, stack(0x000000e68f700000,0x000000e68f800000) (1024K)]
  0x000002ac67c31770 WorkerThread "GC Thread#9"                     [id=7580, stack(0x000000e68f800000,0x000000e68f900000) (1024K)]
Total: 12

Threads with active compile tasks:
C2 CompilerThread0  53378 12797       4       org.eclipse.jdt.internal.core.JavaProject::filterLimitedModules (179 bytes)
Total: 1

VM state: at safepoint (normal execution)

VM Mutex/Monitor currently owned by a thread:  ([mutex/lock_event])
[0x00007ff8ffa1d570] Threads_lock - owner thread: 0x000002ac09055ad0
[0x00007ff8ffa1d670] Heap_lock - owner thread: 0x000002ac6b6c9580

Heap address: 0x0000000080000000, size: 2048 MB, Compressed Oops mode: 32-bit

CDS archive(s) mapped at: [0x000002ac20000000-0x000002ac20ba0000-0x000002ac20ba0000), size 12189696, SharedBaseAddress: 0x000002ac20000000, ArchiveRelocationMode: 1.
Compressed class space mapped at: 0x000002ac21000000-0x000002ac61000000, reserved size: 1073741824
Narrow klass base: 0x000002ac20000000, Narrow klass shift: 0, Narrow klass range: 0x100000000

GC Precious Log:
 CardTable entry size: 512
 CPUs: 12 total, 12 available
 Memory: 16181M
 Large Page Support: Disabled
 NUMA Support: Disabled
 Compressed Oops: Enabled (32-bit)
 Alignments: Space 512K, Generation 512K, Heap 2M
 Heap Min Capacity: 100M
 Heap Initial Capacity: 100M
 Heap Max Capacity: 2G
 Pre-touch: Disabled
 Parallel Workers: 10

Heap:
 PSYoungGen      total 56832K, used 3070K [0x00000000d5580000, 0x00000000d9000000, 0x0000000100000000)
  eden space 53760K, 0% used [0x00000000d5580000,0x00000000d5580000,0x00000000d8a00000)
  from space 3072K, 99% used [0x00000000d8a00000,0x00000000d8cffb08,0x00000000d8d00000)
  to   space 1024K, 0% used [0x00000000d8d00000,0x00000000d8d00000,0x00000000d8e00000)
 ParOldGen       total 131072K, used 130606K [0x0000000080000000, 0x0000000088000000, 0x00000000d5580000)
  object space 131072K, 99% used [0x0000000080000000,0x0000000087f8bad8,0x0000000088000000)
 Metaspace       used 75537K, committed 77248K, reserved 1179648K
  class space    used 8055K, committed 8832K, reserved 1048576K

Card table byte_map: [0x000002ac08960000,0x000002ac08d70000] _byte_map_base: 0x000002ac08560000

Marking Bits: (ParMarkBitMap*) 0x00007ff8ffa22460
 Begin Bits: [0x000002ac1b460000, 0x000002ac1d460000)
 End Bits:   [0x000002ac1d460000, 0x000002ac1f460000)

Polling page: 0x000002ac07060000

Metaspace:

Usage:
  Non-class:     65.90 MB used.
      Class:      7.87 MB used.
       Both:     73.77 MB used.

Virtual space:
  Non-class space:      128.00 MB reserved,      66.81 MB ( 52%) committed,  2 nodes.
      Class space:        1.00 GB reserved,       8.62 MB ( <1%) committed,  1 nodes.
             Both:        1.12 GB reserved,      75.44 MB (  7%) committed. 

Chunk freelists:
   Non-Class:  12.36 MB
       Class:  7.21 MB
        Both:  19.57 MB

MaxMetaspaceSize: unlimited
CompressedClassSpaceSize: 1.00 GB
Initial GC threshold: 21.00 MB
Current GC threshold: 125.31 MB
CDS: on
 - commit_granule_bytes: 65536.
 - commit_granule_words: 8192.
 - virtual_space_node_default_size: 8388608.
 - enlarge_chunks_in_place: 1.
 - use_allocation_guard: 0.


Internal statistics:

num_allocs_failed_limit: 9.
num_arena_births: 1398.
num_arena_deaths: 32.
num_vsnodes_births: 3.
num_vsnodes_deaths: 0.
num_space_committed: 1207.
num_space_uncommitted: 0.
num_chunks_returned_to_freelist: 50.
num_chunks_taken_from_freelist: 4919.
num_chunk_merges: 10.
num_chunk_splits: 2951.
num_chunks_enlarged: 1564.
num_inconsistent_stats: 0.

CodeHeap 'non-profiled nmethods': size=120000Kb used=8514Kb max_used=9436Kb free=111485Kb
 bounds [0x000002ac13c80000, 0x000002ac145c0000, 0x000002ac1b1b0000]
CodeHeap 'profiled nmethods': size=120000Kb used=19986Kb max_used=25399Kb free=100013Kb
 bounds [0x000002ac0c1b0000, 0x000002ac0da80000, 0x000002ac136e0000]
CodeHeap 'non-nmethods': size=5760Kb used=1514Kb max_used=1597Kb free=4245Kb
 bounds [0x000002ac136e0000, 0x000002ac13950000, 0x000002ac13c80000]
CodeCache: size=245760Kb, used=30014Kb, max_used=36432Kb, free=215743Kb
 total_blobs=10556, nmethods=9737, adapters=723, full_count=0
Compilation: enabled, stopped_count=0, restarted_count=0

Compilation events (20 events):
Event: 51.302 Thread 0x000002ac61e122d0 nmethod 12795 0x000002ac1405db90 code [0x000002ac1405dd20, 0x000002ac1405de08]
Event: 51.303 Thread 0x000002ac61e122d0 12796       4       java.security.AccessController::doPrivileged (9 bytes)
Event: 51.304 Thread 0x000002ac61e122d0 nmethod 12796 0x000002ac14138c10 code [0x000002ac14138da0, 0x000002ac14138e60]
Event: 51.304 Thread 0x000002ac61e122d0 12797       4       org.eclipse.jdt.internal.core.JavaProject::filterLimitedModules (179 bytes)
Event: 51.308 Thread 0x000002ac61e17d80 12798       3       org.eclipse.jdt.internal.compiler.lookup.PackageBinding::getPackage (41 bytes)
Event: 51.308 Thread 0x000002ac61e17d80 nmethod 12798 0x000002ac0c5bbc10 code [0x000002ac0c5bbe20, 0x000002ac0c5bc3f0]
Event: 51.308 Thread 0x000002ac61e17d80 12800       3       org.eclipse.jdt.internal.compiler.lookup.CompilationUnitScope::sealTypeHierarchy (35 bytes)
Event: 51.309 Thread 0x000002ac61e17d80 nmethod 12800 0x000002ac0c50ef10 code [0x000002ac0c50f0c0, 0x000002ac0c50f2f8]
Event: 51.309 Thread 0x000002ac61e17d80 12801       3       org.eclipse.jdt.internal.compiler.lookup.CompilationUnitScope::buildComponents (35 bytes)
Event: 51.309 Thread 0x000002ac61e17d80 nmethod 12801 0x000002ac0c5a7990 code [0x000002ac0c5a7b40, 0x000002ac0c5a7d78]
Event: 51.309 Thread 0x000002ac61e17d80 12802       3       org.eclipse.jdt.internal.compiler.lookup.CompilationUnitScope::buildFieldsAndMethods (35 bytes)
Event: 51.309 Thread 0x000002ac61e17d80 nmethod 12802 0x000002ac0c66a690 code [0x000002ac0c66a840, 0x000002ac0c66aa78]
Event: 51.309 Thread 0x000002ac61e17d80 12803   !   3       org.eclipse.jdt.internal.compiler.lookup.CompilationUnitScope::integrateAnnotationsInHierarchy (73 bytes)
Event: 51.309 Thread 0x000002ac61e17d80 nmethod 12803 0x000002ac0c5af290 code [0x000002ac0c5af460, 0x000002ac0c5af810]
Event: 51.313 Thread 0x000002ac61e17d80 12804       3       com.overzealous.remark.util.BlockWriter::writePrepend (17 bytes)
Event: 51.314 Thread 0x000002ac61e17d80 nmethod 12804 0x000002ac0c6b9510 code [0x000002ac0c6b96e0, 0x000002ac0c6b9938]
Event: 51.315 Thread 0x000002ac61e17d80 12805       3       java.io.RandomAccessFile$1::close (11 bytes)
Event: 51.315 Thread 0x000002ac61e17d80 nmethod 12805 0x000002ac0c8e8a90 code [0x000002ac0c8e8c80, 0x000002ac0c8e9198]
Event: 51.318 Thread 0x000002ac61e17d80 12806       3       org.eclipse.jdt.internal.compiler.lookup.CompilationUnitScope::connectTypeHierarchy (35 bytes)
Event: 51.318 Thread 0x000002ac61e17d80 nmethod 12806 0x000002ac0c6c1990 code [0x000002ac0c6c1b40, 0x000002ac0c6c1d78]

GC Heap History (20 events):
Event: 47.041 GC heap before
{Heap before GC invocations=820 (full 5):
 PSYoungGen      total 43520K, used 43492K [0x00000000d5580000, 0x00000000d8c80000, 0x0000000100000000)
  eden space 40448K, 100% used [0x00000000d5580000,0x00000000d7d00000,0x00000000d7d00000)
  from space 3072K, 99% used [0x00000000d8280000,0x00000000d8579028,0x00000000d8580000)
  to   space 5632K, 0% used [0x00000000d7d00000,0x00000000d7d00000,0x00000000d8280000)
 ParOldGen       total 122368K, used 122058K [0x0000000080000000, 0x0000000087780000, 0x00000000d5580000)
  object space 122368K, 99% used [0x0000000080000000,0x0000000087732a08,0x0000000087780000)
 Metaspace       used 75504K, committed 77184K, reserved 1179648K
  class space    used 8054K, committed 8832K, reserved 1048576K
}
Event: 47.043 GC heap after
{Heap after GC invocations=820 (full 5):
 PSYoungGen      total 46080K, used 4733K [0x00000000d5580000, 0x00000000d8c00000, 0x0000000100000000)
  eden space 40448K, 0% used [0x00000000d5580000,0x00000000d5580000,0x00000000d7d00000)
  from space 5632K, 84% used [0x00000000d7d00000,0x00000000d819f440,0x00000000d8280000)
  to   space 5120K, 0% used [0x00000000d8700000,0x00000000d8700000,0x00000000d8c00000)
 ParOldGen       total 122368K, used 122215K [0x0000000080000000, 0x0000000087780000, 0x00000000d5580000)
  object space 122368K, 99% used [0x0000000080000000,0x0000000087759e88,0x0000000087780000)
 Metaspace       used 75504K, committed 77184K, reserved 1179648K
  class space    used 8054K, committed 8832K, reserved 1048576K
}
Event: 47.057 GC heap before
{Heap before GC invocations=821 (full 5):
 PSYoungGen      total 46080K, used 44587K [0x00000000d5580000, 0x00000000d8c00000, 0x0000000100000000)
  eden space 40448K, 98% used [0x00000000d5580000,0x00000000d7c6baa0,0x00000000d7d00000)
  from space 5632K, 84% used [0x00000000d7d00000,0x00000000d819f440,0x00000000d8280000)
  to   space 5120K, 0% used [0x00000000d8700000,0x00000000d8700000,0x00000000d8c00000)
 ParOldGen       total 122368K, used 122215K [0x0000000080000000, 0x0000000087780000, 0x00000000d5580000)
  object space 122368K, 99% used [0x0000000080000000,0x0000000087759e88,0x0000000087780000)
 Metaspace       used 75504K, committed 77184K, reserved 1179648K
  class space    used 8054K, committed 8832K, reserved 1048576K
}
Event: 47.059 GC heap after
{Heap after GC invocations=821 (full 5):
 PSYoungGen      total 48640K, used 2928K [0x00000000d5580000, 0x00000000d8a00000, 0x0000000100000000)
  eden space 45568K, 0% used [0x00000000d5580000,0x00000000d5580000,0x00000000d8200000)
  from space 3072K, 95% used [0x00000000d8700000,0x00000000d89dc310,0x00000000d8a00000)
  to   space 4096K, 0% used [0x00000000d8200000,0x00000000d8200000,0x00000000d8600000)
 ParOldGen       total 124416K, used 124121K [0x0000000080000000, 0x0000000087980000, 0x00000000d5580000)
  object space 124416K, 99% used [0x0000000080000000,0x0000000087936798,0x0000000087980000)
 Metaspace       used 75504K, committed 77184K, reserved 1179648K
  class space    used 8054K, committed 8832K, reserved 1048576K
}
Event: 47.077 GC heap before
{Heap before GC invocations=822 (full 5):
 PSYoungGen      total 48640K, used 48496K [0x00000000d5580000, 0x00000000d8a00000, 0x0000000100000000)
  eden space 45568K, 100% used [0x00000000d5580000,0x00000000d8200000,0x00000000d8200000)
  from space 3072K, 95% used [0x00000000d8700000,0x00000000d89dc310,0x00000000d8a00000)
  to   space 4096K, 0% used [0x00000000d8200000,0x00000000d8200000,0x00000000d8600000)
 ParOldGen       total 124416K, used 124121K [0x0000000080000000, 0x0000000087980000, 0x00000000d5580000)
  object space 124416K, 99% used [0x0000000080000000,0x0000000087936798,0x0000000087980000)
 Metaspace       used 75509K, committed 77248K, reserved 1179648K
  class space    used 8054K, committed 8832K, reserved 1048576K
}
Event: 47.078 GC heap after
{Heap after GC invocations=822 (full 5):
 PSYoungGen      total 49664K, used 3967K [0x00000000d5580000, 0x00000000d9000000, 0x0000000100000000)
  eden space 45568K, 0% used [0x00000000d5580000,0x00000000d5580000,0x00000000d8200000)
  from space 4096K, 96% used [0x00000000d8200000,0x00000000d85dfd38,0x00000000d8600000)
  to   space 4608K, 0% used [0x00000000d8b80000,0x00000000d8b80000,0x00000000d9000000)
 ParOldGen       total 124416K, used 124135K [0x0000000080000000, 0x0000000087980000, 0x00000000d5580000)
  object space 124416K, 99% used [0x0000000080000000,0x0000000087939ce8,0x0000000087980000)
 Metaspace       used 75509K, committed 77248K, reserved 1179648K
  class space    used 8054K, committed 8832K, reserved 1048576K
}
Event: 47.122 GC heap before
{Heap before GC invocations=823 (full 5):
 PSYoungGen      total 49664K, used 49287K [0x00000000d5580000, 0x00000000d9000000, 0x0000000100000000)
  eden space 45568K, 99% used [0x00000000d5580000,0x00000000d81c1f18,0x00000000d8200000)
  from space 4096K, 96% used [0x00000000d8200000,0x00000000d85dfd38,0x00000000d8600000)
  to   space 4608K, 0% used [0x00000000d8b80000,0x00000000d8b80000,0x00000000d9000000)
 ParOldGen       total 124416K, used 124135K [0x0000000080000000, 0x0000000087980000, 0x00000000d5580000)
  object space 124416K, 99% used [0x0000000080000000,0x0000000087939ce8,0x0000000087980000)
 Metaspace       used 75527K, committed 77248K, reserved 1179648K
  class space    used 8054K, committed 8832K, reserved 1048576K
}
Event: 47.123 GC heap after
{Heap after GC invocations=823 (full 5):
 PSYoungGen      total 53248K, used 2664K [0x00000000d5580000, 0x00000000d8e80000, 0x0000000100000000)
  eden space 50176K, 0% used [0x00000000d5580000,0x00000000d5580000,0x00000000d8680000)
  from space 3072K, 86% used [0x00000000d8b80000,0x00000000d8e1a3c8,0x00000000d8e80000)
  to   space 3584K, 0% used [0x00000000d8780000,0x00000000d8780000,0x00000000d8b00000)
 ParOldGen       total 124416K, used 124175K [0x0000000080000000, 0x0000000087980000, 0x00000000d5580000)
  object space 124416K, 99% used [0x0000000080000000,0x0000000087943ce8,0x0000000087980000)
 Metaspace       used 75527K, committed 77248K, reserved 1179648K
  class space    used 8054K, committed 8832K, reserved 1048576K
}
Event: 47.164 GC heap before
{Heap before GC invocations=824 (full 5):
 PSYoungGen      total 53248K, used 52282K [0x00000000d5580000, 0x00000000d8e80000, 0x0000000100000000)
  eden space 50176K, 98% used [0x00000000d5580000,0x00000000d85f4628,0x00000000d8680000)
  from space 3072K, 86% used [0x00000000d8b80000,0x00000000d8e1a3c8,0x00000000d8e80000)
  to   space 3584K, 0% used [0x00000000d8780000,0x00000000d8780000,0x00000000d8b00000)
 ParOldGen       total 124416K, used 124175K [0x0000000080000000, 0x0000000087980000, 0x00000000d5580000)
  object space 124416K, 99% used [0x0000000080000000,0x0000000087943ce8,0x0000000087980000)
 Metaspace       used 75527K, committed 77248K, reserved 1179648K
  class space    used 8054K, committed 8832K, reserved 1048576K
}
Event: 47.164 GC heap after
{Heap after GC invocations=824 (full 5):
 PSYoungGen      total 54784K, used 2502K [0x00000000d5580000, 0x00000000d9100000, 0x0000000100000000)
  eden space 51200K, 0% used [0x00000000d5580000,0x00000000d5580000,0x00000000d8780000)
  from space 3584K, 69% used [0x00000000d8780000,0x00000000d89f1898,0x00000000d8b00000)
  to   space 3072K, 0% used [0x00000000d8e00000,0x00000000d8e00000,0x00000000d9100000)
 ParOldGen       total 124416K, used 124255K [0x0000000080000000, 0x0000000087980000, 0x00000000d5580000)
  object space 124416K, 99% used [0x0000000080000000,0x0000000087957cf8,0x0000000087980000)
 Metaspace       used 75527K, committed 77248K, reserved 1179648K
  class space    used 8054K, committed 8832K, reserved 1048576K
}
Event: 47.208 GC heap before
{Heap before GC invocations=825 (full 5):
 PSYoungGen      total 54784K, used 53391K [0x00000000d5580000, 0x00000000d9100000, 0x0000000100000000)
  eden space 51200K, 99% used [0x00000000d5580000,0x00000000d87323f0,0x00000000d8780000)
  from space 3584K, 69% used [0x00000000d8780000,0x00000000d89f1898,0x00000000d8b00000)
  to   space 3072K, 0% used [0x00000000d8e00000,0x00000000d8e00000,0x00000000d9100000)
 ParOldGen       total 124416K, used 124255K [0x0000000080000000, 0x0000000087980000, 0x00000000d5580000)
  object space 124416K, 99% used [0x0000000080000000,0x0000000087957cf8,0x0000000087980000)
 Metaspace       used 75528K, committed 77248K, reserved 1179648K
  class space    used 8054K, committed 8832K, reserved 1048576K
}
Event: 47.209 GC heap after
{Heap after GC invocations=825 (full 5):
 PSYoungGen      total 50176K, used 352K [0x00000000d5580000, 0x00000000d8e80000, 0x0000000100000000)
  eden space 49664K, 0% used [0x00000000d5580000,0x00000000d5580000,0x00000000d8600000)
  from space 512K, 68% used [0x00000000d8e00000,0x00000000d8e58000,0x00000000d8e80000)
  to   space 1536K, 0% used [0x00000000d8b80000,0x00000000d8b80000,0x00000000d8d00000)
 ParOldGen       total 124416K, used 124263K [0x0000000080000000, 0x0000000087980000, 0x00000000d5580000)
  object space 124416K, 99% used [0x0000000080000000,0x0000000087959cf8,0x0000000087980000)
 Metaspace       used 75528K, committed 77248K, reserved 1179648K
  class space    used 8054K, committed 8832K, reserved 1048576K
}
Event: 47.240 GC heap before
{Heap before GC invocations=826 (full 5):
 PSYoungGen      total 50176K, used 49282K [0x00000000d5580000, 0x00000000d8e80000, 0x0000000100000000)
  eden space 49664K, 98% used [0x00000000d5580000,0x00000000d8548968,0x00000000d8600000)
  from space 512K, 68% used [0x00000000d8e00000,0x00000000d8e58000,0x00000000d8e80000)
  to   space 1536K, 0% used [0x00000000d8b80000,0x00000000d8b80000,0x00000000d8d00000)
 ParOldGen       total 124416K, used 124263K [0x0000000080000000, 0x0000000087980000, 0x00000000d5580000)
  object space 124416K, 99% used [0x0000000080000000,0x0000000087959cf8,0x0000000087980000)
 Metaspace       used 75528K, committed 77248K, reserved 1179648K
  class space    used 8054K, committed 8832K, reserved 1048576K
}
Event: 47.241 GC heap after
{Heap after GC invocations=826 (full 5):
 PSYoungGen      total 50176K, used 1130K [0x00000000d5580000, 0x00000000d8e80000, 0x0000000100000000)
  eden space 48640K, 0% used [0x00000000d5580000,0x00000000d5580000,0x00000000d8500000)
  from space 1536K, 73% used [0x00000000d8b80000,0x00000000d8c9a8c0,0x00000000d8d00000)
  to   space 1536K, 0% used [0x00000000d8d00000,0x00000000d8d00000,0x00000000d8e80000)
 ParOldGen       total 125952K, used 125766K [0x0000000080000000, 0x0000000087b00000, 0x00000000d5580000)
  object space 125952K, 99% used [0x0000000080000000,0x0000000087ad1800,0x0000000087b00000)
 Metaspace       used 75528K, committed 77248K, reserved 1179648K
  class space    used 8054K, committed 8832K, reserved 1048576K
}
Event: 48.268 GC heap before
{Heap before GC invocations=827 (full 5):
 PSYoungGen      total 50176K, used 49551K [0x00000000d5580000, 0x00000000d8e80000, 0x0000000100000000)
  eden space 48640K, 99% used [0x00000000d5580000,0x00000000d84c96a0,0x00000000d8500000)
  from space 1536K, 73% used [0x00000000d8b80000,0x00000000d8c9a8c0,0x00000000d8d00000)
  to   space 1536K, 0% used [0x00000000d8d00000,0x00000000d8d00000,0x00000000d8e80000)
 ParOldGen       total 125952K, used 125766K [0x0000000080000000, 0x0000000087b00000, 0x00000000d5580000)
  object space 125952K, 99% used [0x0000000080000000,0x0000000087ad1800,0x0000000087b00000)
 Metaspace       used 75534K, committed 77248K, reserved 1179648K
  class space    used 8055K, committed 8832K, reserved 1048576K
}
Event: 48.269 GC heap after
{Heap after GC invocations=827 (full 5):
 PSYoungGen      total 48640K, used 768K [0x00000000d5580000, 0x00000000d8e00000, 0x0000000100000000)
  eden space 47616K, 0% used [0x00000000d5580000,0x00000000d5580000,0x00000000d8400000)
  from space 1024K, 75% used [0x00000000d8d00000,0x00000000d8dc0000,0x00000000d8e00000)
  to   space 1024K, 0% used [0x00000000d8c00000,0x00000000d8c00000,0x00000000d8d00000)
 ParOldGen       total 125952K, used 125766K [0x0000000080000000, 0x0000000087b00000, 0x00000000d5580000)
  object space 125952K, 99% used [0x0000000080000000,0x0000000087ad1800,0x0000000087b00000)
 Metaspace       used 75534K, committed 77248K, reserved 1179648K
  class space    used 8055K, committed 8832K, reserved 1048576K
}
Event: 48.284 GC heap before
{Heap before GC invocations=828 (full 5):
 PSYoungGen      total 48640K, used 48260K [0x00000000d5580000, 0x00000000d8e00000, 0x0000000100000000)
  eden space 47616K, 99% used [0x00000000d5580000,0x00000000d83e1248,0x00000000d8400000)
  from space 1024K, 75% used [0x00000000d8d00000,0x00000000d8dc0000,0x00000000d8e00000)
  to   space 1024K, 0% used [0x00000000d8c00000,0x00000000d8c00000,0x00000000d8d00000)
 ParOldGen       total 125952K, used 125766K [0x0000000080000000, 0x0000000087b00000, 0x00000000d5580000)
  object space 125952K, 99% used [0x0000000080000000,0x0000000087ad1800,0x0000000087b00000)
 Metaspace       used 75535K, committed 77248K, reserved 1179648K
  class space    used 8055K, committed 8832K, reserved 1048576K
}
Event: 51.293 GC heap after
{Heap after GC invocations=828 (full 5):
 PSYoungGen      total 48640K, used 1008K [0x00000000d5580000, 0x00000000d8e00000, 0x0000000100000000)
  eden space 47616K, 0% used [0x00000000d5580000,0x00000000d5580000,0x00000000d8400000)
  from space 1024K, 98% used [0x00000000d8c00000,0x00000000d8cfc290,0x00000000d8d00000)
  to   space 1024K, 0% used [0x00000000d8d00000,0x00000000d8d00000,0x00000000d8e00000)
 ParOldGen       total 129024K, used 128522K [0x0000000080000000, 0x0000000087e00000, 0x00000000d5580000)
  object space 129024K, 99% used [0x0000000080000000,0x0000000087d82888,0x0000000087e00000)
 Metaspace       used 75535K, committed 77248K, reserved 1179648K
  class space    used 8055K, committed 8832K, reserved 1048576K
}
Event: 51.311 GC heap before
{Heap before GC invocations=829 (full 5):
 PSYoungGen      total 48640K, used 48027K [0x00000000d5580000, 0x00000000d8e00000, 0x0000000100000000)
  eden space 47616K, 98% used [0x00000000d5580000,0x00000000d836a9f8,0x00000000d8400000)
  from space 1024K, 98% used [0x00000000d8c00000,0x00000000d8cfc290,0x00000000d8d00000)
  to   space 1024K, 0% used [0x00000000d8d00000,0x00000000d8d00000,0x00000000d8e00000)
 ParOldGen       total 129024K, used 128522K [0x0000000080000000, 0x0000000087e00000, 0x00000000d5580000)
  object space 129024K, 99% used [0x0000000080000000,0x0000000087d82888,0x0000000087e00000)
 Metaspace       used 75537K, committed 77248K, reserved 1179648K
  class space    used 8055K, committed 8832K, reserved 1048576K
}
Event: 51.312 GC heap after
{Heap after GC invocations=829 (full 5):
 PSYoungGen      total 54784K, used 1024K [0x00000000d5580000, 0x00000000d9000000, 0x0000000100000000)
  eden space 53760K, 0% used [0x00000000d5580000,0x00000000d5580000,0x00000000d8a00000)
  from space 1024K, 100% used [0x00000000d8d00000,0x00000000d8e00000,0x00000000d8e00000)
  to   space 3072K, 0% used [0x00000000d8a00000,0x00000000d8a00000,0x00000000d8d00000)
 ParOldGen       total 130048K, used 129591K [0x0000000080000000, 0x0000000087f00000, 0x00000000d5580000)
  object space 130048K, 99% used [0x0000000080000000,0x0000000087e8dd48,0x0000000087f00000)
 Metaspace       used 75537K, committed 77248K, reserved 1179648K
  class space    used 8055K, committed 8832K, reserved 1048576K
}

Dll operation events (12 events):
Event: 0.014 Loaded shared library c:\Users\alumne-DAM\.vscode\extensions\redhat.java-1.49.0-win32-x64\jre\21.0.9-win32-x86_64\bin\java.dll
Event: 0.063 Loaded shared library c:\Users\alumne-DAM\.vscode\extensions\redhat.java-1.49.0-win32-x64\jre\21.0.9-win32-x86_64\bin\zip.dll
Event: 0.076 Loaded shared library C:\Users\alumne-DAM\.vscode\extensions\redhat.java-1.49.0-win32-x64\jre\21.0.9-win32-x86_64\bin\instrument.dll
Event: 0.079 Loaded shared library C:\Users\alumne-DAM\.vscode\extensions\redhat.java-1.49.0-win32-x64\jre\21.0.9-win32-x86_64\bin\net.dll
Event: 0.080 Loaded shared library C:\Users\alumne-DAM\.vscode\extensions\redhat.java-1.49.0-win32-x64\jre\21.0.9-win32-x86_64\bin\nio.dll
Event: 0.082 Loaded shared library C:\Users\alumne-DAM\.vscode\extensions\redhat.java-1.49.0-win32-x64\jre\21.0.9-win32-x86_64\bin\zip.dll
Event: 0.093 Loaded shared library C:\Users\alumne-DAM\.vscode\extensions\redhat.java-1.49.0-win32-x64\jre\21.0.9-win32-x86_64\bin\jimage.dll
Event: 0.135 Loaded shared library c:\Users\alumne-DAM\.vscode\extensions\redhat.java-1.49.0-win32-x64\jre\21.0.9-win32-x86_64\bin\verify.dll
Event: 0.736 Loaded shared library C:\Users\alumne-DAM\AppData\Roaming\Code\User\globalStorage\redhat.java\1.49.0\config_win\org.eclipse.equinox.launcher\org.eclipse.equinox.launcher.win32.win32.x86_64_1.2.1400.v20250801-0854\eclipse_11916.dll
Event: 1.633 Loaded shared library C:\Users\alumne-DAM\AppData\Local\Temp\jna--570604515\jna5882156597172519418.dll
Event: 7.359 Loaded shared library C:\Users\alumne-DAM\.vscode\extensions\redhat.java-1.49.0-win32-x64\jre\21.0.9-win32-x86_64\bin\sunmscapi.dll
Event: 7.528 Loaded shared library C:\Users\alumne-DAM\.vscode\extensions\redhat.java-1.49.0-win32-x64\jre\21.0.9-win32-x86_64\bin\extnet.dll

Deoptimization events (20 events):
Event: 41.429 Thread 0x000002ac69275620 Uncommon trap: trap_request=0xffffff45 fr.pc=0x000002ac141f83bc relative=0x0000000000000cfc
Event: 41.429 Thread 0x000002ac69275620 Uncommon trap: reason=unstable_if action=reinterpret pc=0x000002ac141f83bc method=java.util.concurrent.ConcurrentHashMap.computeIfAbsent(Ljava/lang/Object;Ljava/util/function/Function;)Ljava/lang/Object; @ 104 c2
Event: 41.429 Thread 0x000002ac69275620 DEOPT PACKING pc=0x000002ac141f83bc sp=0x000000e68e9fdda0
Event: 41.429 Thread 0x000002ac69275620 DEOPT UNPACKING pc=0x000002ac13736da2 sp=0x000000e68e9fdd40 mode 2
Event: 42.755 Thread 0x000002ac69275620 Uncommon trap: trap_request=0xfffffff4 fr.pc=0x000002ac13fb39f8 relative=0x0000000000001018
Event: 42.755 Thread 0x000002ac69275620 Uncommon trap: reason=null_check action=make_not_entrant pc=0x000002ac13fb39f8 method=org.jsoup.parser.HtmlTreeBuilder.lastFormattingElement()Lorg/jsoup/nodes/Element; @ 26 c2
Event: 42.755 Thread 0x000002ac69275620 DEOPT PACKING pc=0x000002ac13fb39f8 sp=0x000000e68e9fe600
Event: 42.755 Thread 0x000002ac69275620 DEOPT UNPACKING pc=0x000002ac13736da2 sp=0x000000e68e9fe4e0 mode 2
Event: 42.840 Thread 0x000002ac69275620 Uncommon trap: trap_request=0xffffff45 fr.pc=0x000002ac140a57e4 relative=0x0000000000000624
Event: 42.840 Thread 0x000002ac69275620 Uncommon trap: reason=unstable_if action=reinterpret pc=0x000002ac140a57e4 method=org.apache.commons.lang3.text.translate.LookupTranslator.translate(Ljava/lang/CharSequence;ILjava/io/Writer;)I @ 17 c2
Event: 42.840 Thread 0x000002ac69275620 DEOPT PACKING pc=0x000002ac140a57e4 sp=0x000000e68e9fe170
Event: 42.840 Thread 0x000002ac69275620 DEOPT UNPACKING pc=0x000002ac13736da2 sp=0x000000e68e9fe070 mode 2
Event: 42.840 Thread 0x000002ac69275620 Uncommon trap: trap_request=0xffffff45 fr.pc=0x000002ac13e7c094 relative=0x0000000000000474
Event: 42.840 Thread 0x000002ac69275620 Uncommon trap: reason=unstable_if action=reinterpret pc=0x000002ac13e7c094 method=org.apache.commons.lang3.text.translate.LookupTranslator.translate(Ljava/lang/CharSequence;ILjava/io/Writer;)I @ 17 c2
Event: 42.840 Thread 0x000002ac69275620 DEOPT PACKING pc=0x000002ac13e7c094 sp=0x000000e68e9fe0d0
Event: 42.840 Thread 0x000002ac69275620 DEOPT UNPACKING pc=0x000002ac13736da2 sp=0x000000e68e9fe070 mode 2
Event: 51.304 Thread 0x000002ac69275cb0 DEOPT PACKING pc=0x000002ac0d824c58 sp=0x000000e68ebfe060
Event: 51.304 Thread 0x000002ac69275cb0 DEOPT UNPACKING pc=0x000002ac137378e2 sp=0x000000e68ebfd558 mode 0
Event: 51.331 Thread 0x000002ac6b6c9580 DEOPT PACKING pc=0x000002ac0d82221c sp=0x000000e6926fddc0
Event: 51.331 Thread 0x000002ac6b6c9580 DEOPT UNPACKING pc=0x000002ac137378e2 sp=0x000000e6926fd2a0 mode 0

Classes loaded (20 events):
Event: 30.689 Loading class sun/util/locale/provider/TimeZoneNameProviderImpl done
Event: 30.689 Loading class sun/util/cldr/CLDRTimeZoneNameProviderImpl done
Event: 30.690 Loading class sun/util/locale/provider/BaseLocaleDataMetaInfo
Event: 30.690 Loading class sun/util/locale/provider/BaseLocaleDataMetaInfo done
Event: 30.691 Loading class sun/util/resources/cldr/TimeZoneNames
Event: 30.691 Loading class sun/util/resources/TimeZoneNamesBundle
Event: 30.691 Loading class sun/util/resources/OpenListResourceBundle
Event: 30.691 Loading class sun/util/resources/OpenListResourceBundle done
Event: 30.691 Loading class sun/util/resources/TimeZoneNamesBundle done
Event: 30.691 Loading class sun/util/resources/cldr/TimeZoneNames done
Event: 30.691 Loading class sun/util/resources/cldr/TimeZoneNames_en
Event: 30.692 Loading class sun/util/resources/cldr/TimeZoneNames_en done
Event: 30.692 Loading class sun/util/resources/cldr/TimeZoneNames_en_US
Event: 30.692 Loading class sun/util/resources/cldr/TimeZoneNames_en_US done
Event: 30.693 Loading class sun/util/cldr/CLDRBaseLocaleDataMetaInfo$TZCanonicalIDMapHolder
Event: 30.694 Loading class sun/util/cldr/CLDRBaseLocaleDataMetaInfo$TZCanonicalIDMapHolder done
Event: 30.695 Loading class sun/util/resources/TimeZoneNames
Event: 30.695 Loading class sun/util/resources/TimeZoneNames done
Event: 30.696 Loading class sun/util/resources/TimeZoneNames_en
Event: 30.696 Loading class sun/util/resources/TimeZoneNames_en done

Classes unloaded (16 events):
Event: 1.928 Thread 0x000002ac09055ad0 Unloading class 0x000002ac211a4000 'java/lang/invoke/LambdaForm$MH+0x000002ac211a4000'
Event: 1.928 Thread 0x000002ac09055ad0 Unloading class 0x000002ac211a3c00 'java/lang/invoke/LambdaForm$MH+0x000002ac211a3c00'
Event: 1.928 Thread 0x000002ac09055ad0 Unloading class 0x000002ac211a3800 'java/lang/invoke/LambdaForm$MH+0x000002ac211a3800'
Event: 1.928 Thread 0x000002ac09055ad0 Unloading class 0x000002ac211a3400 'java/lang/invoke/LambdaForm$MH+0x000002ac211a3400'
Event: 1.928 Thread 0x000002ac09055ad0 Unloading class 0x000002ac211a3000 'java/lang/invoke/LambdaForm$BMH+0x000002ac211a3000'
Event: 1.928 Thread 0x000002ac09055ad0 Unloading class 0x000002ac211a2c00 'java/lang/invoke/LambdaForm$DMH+0x000002ac211a2c00'
Event: 1.928 Thread 0x000002ac09055ad0 Unloading class 0x000002ac211a1800 'java/lang/invoke/LambdaForm$DMH+0x000002ac211a1800'
Event: 4.641 Thread 0x000002ac09055ad0 Unloading class 0x000002ac21691400 'java/lang/invoke/LambdaForm$DMH+0x000002ac21691400'
Event: 4.641 Thread 0x000002ac09055ad0 Unloading class 0x000002ac21690800 'java/lang/invoke/LambdaForm$DMH+0x000002ac21690800'
Event: 4.641 Thread 0x000002ac09055ad0 Unloading class 0x000002ac21690c00 'java/lang/invoke/LambdaForm$DMH+0x000002ac21690c00'
Event: 4.641 Thread 0x000002ac09055ad0 Unloading class 0x000002ac21691000 'java/lang/invoke/LambdaForm$DMH+0x000002ac21691000'
Event: 24.751 Thread 0x000002ac09055ad0 Unloading class 0x000002ac21756000 'java/lang/invoke/LambdaForm$MH+0x000002ac21756000'
Event: 24.751 Thread 0x000002ac09055ad0 Unloading class 0x000002ac21755800 'java/lang/invoke/LambdaForm$MH+0x000002ac21755800'
Event: 24.751 Thread 0x000002ac09055ad0 Unloading class 0x000002ac21755400 'java/lang/invoke/LambdaForm$MH+0x000002ac21755400'
Event: 24.751 Thread 0x000002ac09055ad0 Unloading class 0x000002ac21754800 'java/lang/invoke/LambdaForm$MH+0x000002ac21754800'
Event: 24.751 Thread 0x000002ac09055ad0 Unloading class 0x000002ac21754000 'java/lang/invoke/LambdaForm$MH+0x000002ac21754000'

Classes redefined (0 events):
No events

Internal exceptions (20 events):
Event: 47.099 Thread 0x000002ac69275620 Exception <a 'java/lang/ClassNotFoundException'{0x00000000d6e51ff8}: sun/net/www/protocol/jdt/Handler> (0x00000000d6e51ff8) 
thrown [s\src\hotspot\share\classfile\systemDictionary.cpp, line 312]
Event: 47.182 Thread 0x000002ac69275620 Exception <a 'java/lang/ClassNotFoundException'{0x00000000d6a83a20}: sun/net/www/protocol/jdt/Handler> (0x00000000d6a83a20) 
thrown [s\src\hotspot\share\classfile\systemDictionary.cpp, line 312]
Event: 47.182 Thread 0x000002ac69275620 Exception <a 'java/lang/ClassNotFoundException'{0x00000000d6a85e20}: sun/net/www/protocol/jdt/Handler> (0x00000000d6a85e20) 
thrown [s\src\hotspot\share\classfile\systemDictionary.cpp, line 312]
Event: 47.182 Thread 0x000002ac69275620 Exception <a 'java/lang/ClassNotFoundException'{0x00000000d6a8b630}: sun/net/www/protocol/jdt/Handler> (0x00000000d6a8b630) 
thrown [s\src\hotspot\share\classfile\systemDictionary.cpp, line 312]
Event: 47.183 Thread 0x000002ac69275620 Exception <a 'java/lang/ClassNotFoundException'{0x00000000d6a8fb60}: sun/net/www/protocol/jdt/Handler> (0x00000000d6a8fb60) 
thrown [s\src\hotspot\share\classfile\systemDictionary.cpp, line 312]
Event: 47.183 Thread 0x000002ac69275620 Exception <a 'java/lang/ClassNotFoundException'{0x00000000d6a91ed8}: sun/net/www/protocol/jdt/Handler> (0x00000000d6a91ed8) 
thrown [s\src\hotspot\share\classfile\systemDictionary.cpp, line 312]
Event: 47.183 Thread 0x000002ac69275620 Exception <a 'java/lang/ClassNotFoundException'{0x00000000d6a94250}: sun/net/www/protocol/jdt/Handler> (0x00000000d6a94250) 
thrown [s\src\hotspot\share\classfile\systemDictionary.cpp, line 312]
Event: 48.210 Thread 0x000002ac6b6c7b40 Exception <a 'java/lang/ClassNotFoundException'{0x00000000d6589e40}: sun/net/www/protocol/jdt/Handler> (0x00000000d6589e40) 
thrown [s\src\hotspot\share\classfile\systemDictionary.cpp, line 312]
Event: 48.210 Thread 0x000002ac6b6c7b40 Exception <a 'java/lang/ClassNotFoundException'{0x00000000d658be38}: sun/net/www/protocol/jdt/Handler> (0x00000000d658be38) 
thrown [s\src\hotspot\share\classfile\systemDictionary.cpp, line 312]
Event: 51.303 Thread 0x000002ac6b6c7b40 Exception <a 'java/lang/ClassNotFoundException'{0x00000000d6895950}: sun/net/www/protocol/jdt/Handler> (0x00000000d6895950) 
thrown [s\src\hotspot\share\classfile\systemDictionary.cpp, line 312]
Event: 51.303 Thread 0x000002ac6b6c7b40 Exception <a 'java/lang/ClassNotFoundException'{0x00000000d6897920}: sun/net/www/protocol/jdt/Handler> (0x00000000d6897920) 
thrown [s\src\hotspot\share\classfile\systemDictionary.cpp, line 312]
Event: 51.303 Thread 0x000002ac6b6c7b40 Exception <a 'java/lang/ClassNotFoundException'{0x00000000d6899ab8}: sun/net/www/protocol/jdt/Handler> (0x00000000d6899ab8) 
thrown [s\src\hotspot\share\classfile\systemDictionary.cpp, line 312]
Event: 51.303 Thread 0x000002ac6b6c7b40 Exception <a 'java/lang/ClassNotFoundException'{0x00000000d68a0a00}: sun/net/www/protocol/jdt/Handler> (0x00000000d68a0a00) 
thrown [s\src\hotspot\share\classfile\systemDictionary.cpp, line 312]
Event: 51.313 Thread 0x000002ac69275620 Exception <a 'java/lang/ClassNotFoundException'{0x00000000d56f8a68}: sun/net/www/protocol/jdt/Handler> (0x00000000d56f8a68) 
thrown [s\src\hotspot\share\classfile\systemDictionary.cpp, line 312]
Event: 51.313 Thread 0x000002ac69275620 Exception <a 'java/lang/ClassNotFoundException'{0x00000000d56fd998}: sun/net/www/protocol/jdt/Handler> (0x00000000d56fd998) 
thrown [s\src\hotspot\share\classfile\systemDictionary.cpp, line 312]
Event: 51.313 Thread 0x000002ac69275620 Exception <a 'java/lang/ClassNotFoundException'{0x00000000d56ffd10}: sun/net/www/protocol/jdt/Handler> (0x00000000d56ffd10) 
thrown [s\src\hotspot\share\classfile\systemDictionary.cpp, line 312]
Event: 51.313 Thread 0x000002ac69275620 Exception <a 'java/lang/ClassNotFoundException'{0x00000000d5702088}: sun/net/www/protocol/jdt/Handler> (0x00000000d5702088) 
thrown [s\src\hotspot\share\classfile\systemDictionary.cpp, line 312]
Event: 51.313 Thread 0x000002ac69275620 Exception <a 'java/lang/ClassNotFoundException'{0x00000000d5704428}: sun/net/www/protocol/jdt/Handler> (0x00000000d5704428) 
thrown [s\src\hotspot\share\classfile\systemDictionary.cpp, line 312]
Event: 51.321 Thread 0x000002ac69275cb0 Exception <a 'java/lang/ClassNotFoundException'{0x00000000d6921b28}: sun/net/www/protocol/jdt/Handler> (0x00000000d6921b28) 
thrown [s\src\hotspot\share\classfile\systemDictionary.cpp, line 312]
Event: 51.321 Thread 0x000002ac69275cb0 Exception <a 'java/lang/ClassNotFoundException'{0x00000000d6ad9598}: sun/net/www/protocol/jdt/Handler> (0x00000000d6ad9598) 
thrown [s\src\hotspot\share\classfile\systemDictionary.cpp, line 312]

ZGC Phase Switch (0 events):
No events

VM Operations (20 events):
Event: 47.076 Executing VM operation: ParallelGCFailedAllocation (Allocation Failure)
Event: 47.078 Executing VM operation: ParallelGCFailedAllocation (Allocation Failure) done
Event: 47.122 Executing VM operation: ParallelGCFailedAllocation (Allocation Failure)
Event: 47.123 Executing VM operation: ParallelGCFailedAllocation (Allocation Failure) done
Event: 47.164 Executing VM operation: ParallelGCFailedAllocation (Allocation Failure)
Event: 47.164 Executing VM operation: ParallelGCFailedAllocation (Allocation Failure) done
Event: 47.208 Executing VM operation: ParallelGCFailedAllocation (Allocation Failure)
Event: 47.209 Executing VM operation: ParallelGCFailedAllocation (Allocation Failure) done
Event: 47.240 Executing VM operation: ParallelGCFailedAllocation (Allocation Failure)
Event: 47.241 Executing VM operation: ParallelGCFailedAllocation (Allocation Failure) done
Event: 48.255 Executing VM operation: Cleanup
Event: 48.256 Executing VM operation: Cleanup done
Event: 48.268 Executing VM operation: ParallelGCFailedAllocation (Allocation Failure)
Event: 48.269 Executing VM operation: ParallelGCFailedAllocation (Allocation Failure) done
Event: 48.284 Executing VM operation: ParallelGCFailedAllocation (Allocation Failure)
Event: 51.293 Executing VM operation: ParallelGCFailedAllocation (Allocation Failure) done
Event: 51.311 Executing VM operation: ParallelGCFailedAllocation (Allocation Failure)
Event: 51.312 Executing VM operation: ParallelGCFailedAllocation (Allocation Failure) done
Event: 52.327 Executing VM operation: Cleanup
Event: 52.327 Executing VM operation: Cleanup done

Memory protections (0 events):
No events

Nmethod flushes (20 events):
Event: 41.198 Thread 0x000002ac09055ad0 flushing  nmethod 0x000002ac0d78c310
Event: 41.198 Thread 0x000002ac09055ad0 flushing  nmethod 0x000002ac0d7b4290
Event: 41.198 Thread 0x000002ac09055ad0 flushing  nmethod 0x000002ac0d7b4a90
Event: 41.198 Thread 0x000002ac09055ad0 flushing  nmethod 0x000002ac0d7cc790
Event: 41.198 Thread 0x000002ac09055ad0 flushing  nmethod 0x000002ac0d84d590
Event: 41.198 Thread 0x000002ac09055ad0 flushing  nmethod 0x000002ac0d84e810
Event: 41.198 Thread 0x000002ac09055ad0 flushing  nmethod 0x000002ac0d85b290
Event: 41.198 Thread 0x000002ac09055ad0 flushing  nmethod 0x000002ac0d85c310
Event: 41.198 Thread 0x000002ac09055ad0 flushing  nmethod 0x000002ac0d85cb10
Event: 41.198 Thread 0x000002ac09055ad0 flushing  nmethod 0x000002ac0d864d10
Event: 41.198 Thread 0x000002ac09055ad0 flushing  nmethod 0x000002ac0d868210
Event: 41.198 Thread 0x000002ac09055ad0 flushing  nmethod 0x000002ac0d86d690
Event: 41.198 Thread 0x000002ac09055ad0 flushing  nmethod 0x000002ac0d888c90
Event: 41.198 Thread 0x000002ac09055ad0 flushing  nmethod 0x000002ac0d8b1390
Event: 41.198 Thread 0x000002ac09055ad0 flushing  nmethod 0x000002ac0d981c10
Event: 41.198 Thread 0x000002ac09055ad0 flushing  nmethod 0x000002ac0d982d90
Event: 41.198 Thread 0x000002ac09055ad0 flushing  nmethod 0x000002ac0d984910
Event: 41.198 Thread 0x000002ac09055ad0 flushing  nmethod 0x000002ac0d987010
Event: 41.198 Thread 0x000002ac09055ad0 flushing  nmethod 0x000002ac0d98c510
Event: 41.198 Thread 0x000002ac09055ad0 flushing  nmethod 0x000002ac0d991690

Events (20 events):
Event: 18.730 Thread 0x000002ac74017ea0 Thread exited: 0x000002ac74017ea0
Event: 18.813 Thread 0x000002ac61e17d80 Thread added: 0x000002ac74fa64c0
Event: 19.185 Thread 0x000002ac61e17d80 Thread added: 0x000002ac74254f00
Event: 19.240 Thread 0x000002ac6a9a43e0 Thread added: 0x000002ac6b6c9580
Event: 20.691 Thread 0x000002ac74254f00 Thread exited: 0x000002ac74254f00
Event: 20.691 Thread 0x000002ac74fa64c0 Thread exited: 0x000002ac74fa64c0
Event: 24.822 Thread 0x000002ac6a9a43e0 Thread added: 0x000002ac69275620
Event: 24.960 Thread 0x000002ac61e17d80 Thread added: 0x000002ac699d1ca0
Event: 25.150 Thread 0x000002ac699d1ca0 Thread exited: 0x000002ac699d1ca0
Event: 25.478 Thread 0x000002ac61e122d0 Thread added: 0x000002ac699d1ca0
Event: 26.969 Thread 0x000002ac699d1ca0 Thread exited: 0x000002ac699d1ca0
Event: 30.653 Thread 0x000002ac61e17d80 Thread added: 0x000002ac699d1ca0
Event: 30.664 Thread 0x000002ac61e17d80 Thread added: 0x000002ac74fa64c0
Event: 31.072 Thread 0x000002ac74fa64c0 Thread exited: 0x000002ac74fa64c0
Event: 31.072 Thread 0x000002ac699d1ca0 Thread exited: 0x000002ac699d1ca0
Event: 31.865 Thread 0x000002ac61e17d80 Thread added: 0x000002ac699d1ca0
Event: 41.232 Thread 0x000002ac699d1ca0 Thread exited: 0x000002ac699d1ca0
Event: 43.935 Thread 0x000002ac61e17d80 Thread added: 0x000002ac699d1ca0
Event: 51.297 Thread 0x000002ac699d1ca0 Thread exited: 0x000002ac699d1ca0
Event: 51.300 Thread 0x000002ac6a9a43e0 Thread added: 0x000002ac69275cb0


Dynamic libraries:
0x00007ff61fbc0000 - 0x00007ff61fbce000 	c:\Users\alumne-DAM\.vscode\extensions\redhat.java-1.49.0-win32-x64\jre\21.0.9-win32-x86_64\bin\java.exe
0x00007ff93abc0000 - 0x00007ff93ae28000 	C:\WINDOWS\SYSTEM32\ntdll.dll
0x00007ff938c90000 - 0x00007ff938d59000 	C:\WINDOWS\System32\KERNEL32.DLL
0x00007ff937dc0000 - 0x00007ff9381b8000 	C:\WINDOWS\System32\KERNELBASE.dll
0x00007ff934d60000 - 0x00007ff934dff000 	C:\WINDOWS\SYSTEM32\apphelp.dll
0x00007ff938430000 - 0x00007ff93857b000 	C:\WINDOWS\System32\ucrtbase.dll
0x00007ff91e130000 - 0x00007ff91e148000 	c:\Users\alumne-DAM\.vscode\extensions\redhat.java-1.49.0-win32-x64\jre\21.0.9-win32-x86_64\bin\jli.dll
0x00007ff9217c0000 - 0x00007ff9217de000 	c:\Users\alumne-DAM\.vscode\extensions\redhat.java-1.49.0-win32-x64\jre\21.0.9-win32-x86_64\bin\VCRUNTIME140.dll
0x00007ff939580000 - 0x00007ff939747000 	C:\WINDOWS\System32\USER32.dll
0x00007ff9256c0000 - 0x00007ff925954000 	C:\WINDOWS\WinSxS\amd64_microsoft.windows.common-controls_6595b64144ccf1df_6.0.26100.7019_none_3e06ffa0e335b8a8\COMCTL32.dll
0x00007ff938280000 - 0x00007ff9382a7000 	C:\WINDOWS\System32\win32u.dll
0x00007ff939230000 - 0x00007ff9392d9000 	C:\WINDOWS\System32\msvcrt.dll
0x00007ff939450000 - 0x00007ff93947b000 	C:\WINDOWS\System32\GDI32.dll
0x00007ff9387a0000 - 0x00007ff9388cc000 	C:\WINDOWS\System32\gdi32full.dll
0x00007ff937d10000 - 0x00007ff937db3000 	C:\WINDOWS\System32\msvcp_win.dll
0x00007ff939750000 - 0x00007ff939781000 	C:\WINDOWS\System32\IMM32.DLL
0x00007ff9246f0000 - 0x00007ff9246fc000 	c:\Users\alumne-DAM\.vscode\extensions\redhat.java-1.49.0-win32-x64\jre\21.0.9-win32-x86_64\bin\vcruntime140_1.dll
0x00007ff9165d0000 - 0x00007ff91665d000 	c:\Users\alumne-DAM\.vscode\extensions\redhat.java-1.49.0-win32-x64\jre\21.0.9-win32-x86_64\bin\msvcp140.dll
0x00007ff8fed60000 - 0x00007ff8ffb00000 	c:\Users\alumne-DAM\.vscode\extensions\redhat.java-1.49.0-win32-x64\jre\21.0.9-win32-x86_64\bin\server\jvm.dll
0x00007ff938b30000 - 0x00007ff938be4000 	C:\WINDOWS\System32\ADVAPI32.dll
0x00007ff938960000 - 0x00007ff938a06000 	C:\WINDOWS\System32\sechost.dll
0x00007ff938a10000 - 0x00007ff938b28000 	C:\WINDOWS\System32\RPCRT4.dll
0x00007ff938bf0000 - 0x00007ff938c64000 	C:\WINDOWS\System32\WS2_32.dll
0x00007ff937b70000 - 0x00007ff937bce000 	C:\WINDOWS\SYSTEM32\POWRPROF.dll
0x00007ff9312b0000 - 0x00007ff9312bb000 	C:\WINDOWS\SYSTEM32\VERSION.dll
0x00007ff928ca0000 - 0x00007ff928cd5000 	C:\WINDOWS\SYSTEM32\WINMM.dll
0x00007ff937b50000 - 0x00007ff937b64000 	C:\WINDOWS\SYSTEM32\UMPDC.dll
0x00007ff936a90000 - 0x00007ff936aab000 	C:\WINDOWS\SYSTEM32\kernel.appcore.dll
0x00007ff9246d0000 - 0x00007ff9246da000 	c:\Users\alumne-DAM\.vscode\extensions\redhat.java-1.49.0-win32-x64\jre\21.0.9-win32-x86_64\bin\jimage.dll
0x00007ff9265f0000 - 0x00007ff926832000 	C:\WINDOWS\SYSTEM32\DBGHELP.DLL
0x00007ff938e40000 - 0x00007ff9391cb000 	C:\WINDOWS\System32\combase.dll
0x00007ff9394a0000 - 0x00007ff939577000 	C:\WINDOWS\System32\OLEAUT32.dll
0x00007ff921b40000 - 0x00007ff921b7c000 	C:\WINDOWS\SYSTEM32\dbgcore.DLL
0x00007ff9386f0000 - 0x00007ff938795000 	C:\WINDOWS\System32\bcryptPrimitives.dll
0x00007ff9269e0000 - 0x00007ff9269ef000 	c:\Users\alumne-DAM\.vscode\extensions\redhat.java-1.49.0-win32-x64\jre\21.0.9-win32-x86_64\bin\instrument.dll
0x00007ff921820000 - 0x00007ff921840000 	c:\Users\alumne-DAM\.vscode\extensions\redhat.java-1.49.0-win32-x64\jre\21.0.9-win32-x86_64\bin\java.dll
0x00007ff93a0d0000 - 0x00007ff93a81f000 	C:\WINDOWS\System32\SHELL32.dll
0x00007ff938580000 - 0x00007ff9386eb000 	C:\WINDOWS\System32\wintypes.dll
0x00007ff935910000 - 0x00007ff93616d000 	C:\WINDOWS\SYSTEM32\windows.storage.dll
0x00007ff9392e0000 - 0x00007ff9393d2000 	C:\WINDOWS\System32\SHCORE.dll
0x00007ff9393e0000 - 0x00007ff939447000 	C:\WINDOWS\System32\shlwapi.dll
0x00007ff937c30000 - 0x00007ff937c59000 	C:\WINDOWS\SYSTEM32\profapi.dll
0x00007ff91b0e0000 - 0x00007ff91b0f8000 	c:\Users\alumne-DAM\.vscode\extensions\redhat.java-1.49.0-win32-x64\jre\21.0.9-win32-x86_64\bin\zip.dll
0x00007ff921670000 - 0x00007ff921680000 	C:\Users\alumne-DAM\.vscode\extensions\redhat.java-1.49.0-win32-x64\jre\21.0.9-win32-x86_64\bin\net.dll
0x00007ff931d70000 - 0x00007ff931e98000 	C:\WINDOWS\SYSTEM32\WINHTTP.dll
0x00007ff936fe0000 - 0x00007ff93704b000 	C:\WINDOWS\system32\mswsock.dll
0x00007ff9180c0000 - 0x00007ff9180d6000 	C:\Users\alumne-DAM\.vscode\extensions\redhat.java-1.49.0-win32-x64\jre\21.0.9-win32-x86_64\bin\nio.dll
0x00007ff9227f0000 - 0x00007ff922800000 	c:\Users\alumne-DAM\.vscode\extensions\redhat.java-1.49.0-win32-x64\jre\21.0.9-win32-x86_64\bin\verify.dll
0x00007ff918050000 - 0x00007ff918094000 	C:\Users\alumne-DAM\AppData\Roaming\Code\User\globalStorage\redhat.java\1.49.0\config_win\org.eclipse.equinox.launcher\org.eclipse.equinox.launcher.win32.win32.x86_64_1.2.1400.v20250801-0854\eclipse_11916.dll
0x00007ff93a930000 - 0x00007ff93aac7000 	C:\WINDOWS\System32\ole32.dll
0x00007ff9373d0000 - 0x00007ff9373eb000 	C:\WINDOWS\SYSTEM32\CRYPTSP.dll
0x00007ff9369f0000 - 0x00007ff936a2a000 	C:\WINDOWS\system32\rsaenh.dll
0x00007ff937090000 - 0x00007ff9370bb000 	C:\WINDOWS\SYSTEM32\USERENV.dll
0x00007ff937c00000 - 0x00007ff937c2a000 	C:\WINDOWS\SYSTEM32\bcrypt.dll
0x00007ff937230000 - 0x00007ff93723c000 	C:\WINDOWS\SYSTEM32\CRYPTBASE.dll
0x00007ff936480000 - 0x00007ff9364b4000 	C:\WINDOWS\SYSTEM32\IPHLPAPI.DLL
0x00007ff939490000 - 0x00007ff93949a000 	C:\WINDOWS\System32\NSI.dll
0x00007ff9168d0000 - 0x00007ff916919000 	C:\Users\alumne-DAM\AppData\Local\Temp\jna--570604515\jna5882156597172519418.dll
0x00007ff939480000 - 0x00007ff939488000 	C:\WINDOWS\System32\PSAPI.DLL
0x00007ff931990000 - 0x00007ff9319ae000 	C:\WINDOWS\SYSTEM32\dhcpcsvc6.DLL
0x00007ff931960000 - 0x00007ff931983000 	C:\WINDOWS\SYSTEM32\dhcpcsvc.DLL
0x00007ff921600000 - 0x00007ff92160e000 	C:\Users\alumne-DAM\.vscode\extensions\redhat.java-1.49.0-win32-x64\jre\21.0.9-win32-x86_64\bin\sunmscapi.dll
0x00007ff9382b0000 - 0x00007ff938427000 	C:\WINDOWS\System32\CRYPT32.dll
0x00007ff937520000 - 0x00007ff937550000 	C:\WINDOWS\SYSTEM32\ncrypt.dll
0x00007ff9374d0000 - 0x00007ff93750f000 	C:\WINDOWS\SYSTEM32\NTASN1.dll
0x00007ff936510000 - 0x00007ff93663c000 	C:\WINDOWS\SYSTEM32\DNSAPI.dll
0x00007ff9311b0000 - 0x00007ff9311bb000 	C:\Windows\System32\rasadhlp.dll
0x00007ff931220000 - 0x00007ff9312a6000 	C:\WINDOWS\System32\fwpuclnt.dll
0x00007ff91f620000 - 0x00007ff91f629000 	C:\Users\alumne-DAM\.vscode\extensions\redhat.java-1.49.0-win32-x64\jre\21.0.9-win32-x86_64\bin\extnet.dll

JVMTI agents:
c:\Users\alumne-DAM\.vscode\extensions\redhat.java-1.49.0-win32-x64\lombok\lombok-1.18.39-4050.jar path:c:\Users\alumne-DAM\.vscode\extensions\redhat.java-1.49.0-win32-x64\jre\21.0.9-win32-x86_64\bin\instrument.dll, loaded, initialized, instrumentlib options:none

dbghelp: loaded successfully - version: 4.0.5 - missing functions: none
symbol engine: initialized successfully - sym options: 0x614 - pdb path: .;c:\Users\alumne-DAM\.vscode\extensions\redhat.java-1.49.0-win32-x64\jre\21.0.9-win32-x86_64\bin;C:\WINDOWS\SYSTEM32;C:\WINDOWS\WinSxS\amd64_microsoft.windows.common-controls_6595b64144ccf1df_6.0.26100.7019_none_3e06ffa0e335b8a8;c:\Users\alumne-DAM\.vscode\extensions\redhat.java-1.49.0-win32-x64\jre\21.0.9-win32-x86_64\bin\server;C:\Users\alumne-DAM\AppData\Roaming\Code\User\globalStorage\redhat.java\1.49.0\config_win\org.eclipse.equinox.launcher\org.eclipse.equinox.launcher.win32.win32.x86_64_1.2.1400.v20250801-0854;C:\Users\alumne-DAM\AppData\Local\Temp\jna--570604515

VM Arguments:
jvm_args: --add-modules=ALL-SYSTEM --add-opens=java.base/java.util=ALL-UNNAMED --add-opens=java.base/java.lang=ALL-UNNAMED --add-opens=java.base/sun.nio.fs=ALL-UNNAMED -Declipse.application=org.eclipse.jdt.ls.core.id1 -Dosgi.bundles.defaultStartLevel=4 -Declipse.product=org.eclipse.jdt.ls.core.product -Djava.import.generatesMetadataFilesAtProjectRoot=false -DDetectVMInstallationsJob.disabled=true -Dfile.encoding=utf8 -XX:+UseParallelGC -XX:GCTimeRatio=4 -XX:AdaptiveSizePolicyWeight=90 -Dsun.zip.disableMemoryMapping=true -Xmx2G -Xms100m -Xlog:disable -javaagent:c:\Users\alumne-DAM\.vscode\extensions\redhat.java-1.49.0-win32-x64\lombok\lombok-1.18.39-4050.jar -XX:+HeapDumpOnOutOfMemoryError -XX:HeapDumpPath=c:\Users\alumne-DAM\AppData\Roaming\Code\User\workspaceStorage\2e860de5468b0c27a24f6f495f902225\redhat.java -Daether.dependencyCollector.impl=bf 
java_command: c:\Users\alumne-DAM\.vscode\extensions\redhat.java-1.49.0-win32-x64\server\plugins\org.eclipse.equinox.launcher_1.7.100.v20251111-0406.jar -configuration c:\Users\alumne-DAM\AppData\Roaming\Code\User\globalStorage\redhat.java\1.49.0\config_win -data c:\Users\alumne-DAM\AppData\Roaming\Code\User\workspaceStorage\2e860de5468b0c27a24f6f495f902225\redhat.java\jdt_ws --pipe=\\.\pipe\lsp-e75401b3d9bf5b8e12a293a91fc65c20-sock
java_class_path (initial): c:\Users\alumne-DAM\.vscode\extensions\redhat.java-1.49.0-win32-x64\server\plugins\org.eclipse.equinox.launcher_1.7.100.v20251111-0406.jar
Launcher Type: SUN_STANDARD

[Global flags]
    uintx AdaptiveSizePolicyWeight                 = 90                                        {product} {command line}
     intx CICompilerCount                          = 4                                         {product} {ergonomic}
    uintx GCTimeRatio                              = 4                                         {product} {command line}
     bool HeapDumpOnOutOfMemoryError               = true                                   {manageable} {command line}
    ccstr HeapDumpPath                             = c:\Users\alumne-DAM\AppData\Roaming\Code\User\workspaceStorage\2e860de5468b0c27a24f6f495f902225\redhat.java         {manageable} {command line}
   size_t InitialHeapSize                          = 104857600                                 {product} {command line}
   size_t MaxHeapSize                              = 2147483648                                {product} {command line}
   size_t MaxNewSize                               = 715653120                                 {product} {ergonomic}
   size_t MinHeapDeltaBytes                        = 524288                                    {product} {ergonomic}
   size_t MinHeapSize                              = 104857600                                 {product} {command line}
   size_t NewSize                                  = 34603008                                  {product} {ergonomic}
    uintx NonNMethodCodeHeapSize                   = 5839372                                {pd product} {ergonomic}
    uintx NonProfiledCodeHeapSize                  = 122909434                              {pd product} {ergonomic}
   size_t OldSize                                  = 70254592                                  {product} {ergonomic}
    uintx ProfiledCodeHeapSize                     = 122909434                              {pd product} {ergonomic}
    uintx ReservedCodeCacheSize                    = 251658240                              {pd product} {ergonomic}
     bool SegmentedCodeCache                       = true                                      {product} {ergonomic}
   size_t SoftMaxHeapSize                          = 2147483648                             {manageable} {ergonomic}
     bool UseCompressedOops                        = true                           {product lp64_product} {ergonomic}
     bool UseLargePagesIndividualAllocation        = false                                  {pd product} {ergonomic}
     bool UseParallelGC                            = true                                      {product} {command line}

Logging:
Log output configuration:
 #0: stdout all=off uptime,level,tags foldmultilines=false
 #1: stderr all=off uptime,level,tags foldmultilines=false

Release file:
JAVA_VERSION="21.0.9" 
MODULES="java.base java.compiler java.datatransfer java.xml java.prefs java.desktop java.instrument java.logging java.management java.security.sasl java.naming java.rmi java.management.rmi java.net.http java.scripting java.security.jgss java.transaction.xa java.sql java.sql.rowset java.xml.crypto java.se java.smartcardio jdk.accessibility jdk.internal.jvmstat jdk.attach jdk.charsets jdk.internal.opt jdk.zipfs jdk.compiler jdk.crypto.ec jdk.crypto.cryptoki jdk.crypto.mscapi jdk.dynalink jdk.internal.ed jdk.editpad jdk.hotspot.agent jdk.httpserver jdk.internal.le jdk.internal.vm.ci jdk.internal.vm.compiler jdk.internal.vm.compiler.management jdk.jartool jdk.javadoc jdk.jcmd jdk.management jdk.management.agent jdk.jconsole jdk.jdeps jdk.jdwp.agent jdk.jdi jdk.jfr jdk.jshell jdk.jsobject jdk.jstatd jdk.localedata jdk.management.jfr jdk.naming.dns jdk.naming.rmi jdk.net jdk.nio.mapmode jdk.random jdk.sctp jdk.security.auth jdk.security.jgss jdk.unsupported jdk.unsupported.desktop jdk.xml.dom" 

Environment Variables:
JAVA_HOME=C:\Program Files\Eclipse Adoptium\jdk-17.0.16.8-hotspot\
PATH=C:\Program Files\Common Files\Oracle\Java\javapath;C:\Program Files\Eclipse Adoptium\jdk-17.0.16.8-hotspot\bin;C:\WINDOWS\system32;C:\WINDOWS;C:\WINDOWS\System32\Wbem;C:\WINDOWS\System32\WindowsPowerShell\v1.0\;C:\WINDOWS\System32\OpenSSH\;C:\Program Files\dotnet\;C:\Users\alumne-DAM\AppData\Local\Muse Hub\lib;;C:\Program Files\Docker\Docker\resources\bin;C:\Users\alumne-DAM\AppData\Local\Microsoft\WindowsApps;C:\Users\alumne-DAM\AppData\Local\Programs\Microsoft VS Code\bin;C:\Users\alumne-DAM\AppData\Local\Programs\Git\cmd;
USERNAME=alumne-DAM
OS=Windows_NT
PROCESSOR_IDENTIFIER=Intel64 Family 6 Model 167 Stepping 1, GenuineIntel
TMP=C:\Users\ALUMNE~1\AppData\Local\Temp
TEMP=C:\Users\ALUMNE~1\AppData\Local\Temp




Periodic native trim disabled

---------------  S Y S T E M  ---------------

OS:
 Windows 11 , 64 bit Build 26100 (10.0.26100.7019)
OS uptime: 0 days 2:51 hours
Hyper-V role detected

CPU: total 12 (initial active 12) (6 cores per cpu, 2 threads per core) family 6 model 167 stepping 1 microcode 0x40, cx8, cmov, fxsr, ht, mmx, 3dnowpref, sse, sse2, sse3, ssse3, sse4.1, sse4.2, popcnt, lzcnt, tsc, tscinvbit, avx, avx2, aes, erms, clmul, bmi1, bmi2, adx, avx512f, avx512dq, avx512cd, avx512bw, avx512vl, sha, fma, vzeroupper, avx512_vpopcntdq, avx512_vpclmulqdq, avx512_vaes, avx512_vnni, clflush, clflushopt, avx512_vbmi2, avx512_vbmi, hv, rdtscp, rdpid, fsrm, gfni, avx512_bitalg, f16c, avx512_ifma
Processor Information for the first 12 processors :
  Max Mhz: 2592, Current Mhz: 2592, Mhz Limit: 2592

Memory: 4k page, system-wide physical 16181M (2716M free)
TotalPageFile size 65333M (AvailPageFile size 3M)
current process WorkingSet (physical memory assigned to process): 418M, peak: 617M
current process commit charge ("private bytes"): 487M, peak: 1676M

vm_info: OpenJDK 64-Bit Server VM (21.0.9+10-LTS) for windows-amd64 JRE (21.0.9+10-LTS), built on 2025-10-21T00:00:00Z by "admin" with unknown MS VC++:1942

END.
