#
# There is insufficient memory for the Java Runtime Environment to continue.
# Native memory allocation (malloc) failed to allocate 1059856 bytes. Error detail: Chunk::new
# Possible reasons:
#   The system is out of physical RAM or swap space
#   This process is running with CompressedOops enabled, and the Java Heap may be blocking the growth of the native heap
# Possible solutions:
#   Reduce memory load on the system
#   Increase physical memory or swap space
#   Check if swap backing store is full
#   Decrease Java heap size (-Xmx/-Xms)
#   Decrease number of Java threads
#   Decrease Java thread stack sizes (-Xss)
#   Set larger code cache with -XX:ReservedCodeCacheSize=
#   JVM is running with Unscaled Compressed Oops mode in which the Java heap is
#     placed in the first 4GB address space. The Java Heap base address is the
#     maximum limit for the native heap growth. Please use -XX:HeapBaseMinAddress
#     to set the Java Heap base and to place the Java Heap above 4GB virtual address.
# This output file may be truncated or incomplete.
#
#  Out of Memory Error (arena.cpp:168), pid=13500, tid=3664
#
# JRE version: OpenJDK Runtime Environment Temurin-21.0.8+9 (21.0.8+9) (build 21.0.8+9-LTS)
# Java VM: OpenJDK 64-Bit Server VM Temurin-21.0.8+9 (21.0.8+9-LTS, mixed mode, sharing, tiered, compressed oops, compressed class ptrs, parallel gc, windows-amd64)
# No core dump will be written. Minidumps are not enabled by default on client versions of Windows
#

---------------  S U M M A R Y ------------

Command Line: --add-modules=ALL-SYSTEM --add-opens=java.base/java.util=ALL-UNNAMED --add-opens=java.base/java.lang=ALL-UNNAMED --add-opens=java.base/sun.nio.fs=ALL-UNNAMED -Declipse.application=org.eclipse.jdt.ls.core.id1 -Dosgi.bundles.defaultStartLevel=4 -Declipse.product=org.eclipse.jdt.ls.core.product -Djava.import.generatesMetadataFilesAtProjectRoot=false -DDetectVMInstallationsJob.disabled=true -Dfile.encoding=utf8 -XX:+UseParallelGC -XX:GCTimeRatio=4 -XX:AdaptiveSizePolicyWeight=90 -Dsun.zip.disableMemoryMapping=true -Xmx2G -Xms100m -Xlog:disable -javaagent:c:\Users\alumne-DAM\.vscode\extensions\redhat.java-1.47.0-win32-x64\lombok\lombok-1.18.39-4050.jar c:\Users\alumne-DAM\.vscode\extensions\redhat.java-1.47.0-win32-x64\server\plugins\org.eclipse.equinox.launcher_1.7.100.v20251014-1222.jar -configuration c:\Users\alumne-DAM\AppData\Roaming\Code\User\globalStorage\redhat.java\1.47.0\config_ss_win -data c:\Users\alumne-DAM\AppData\Roaming\Code\User\workspaceStorage\95982590b5998cb2e63a2bc088d5e119\redhat.java\ss_ws --pipe=\\.\pipe\lsp-36b3991dcc7a566abe0a47ed718c40bb-sock

Host: 11th Gen Intel(R) Core(TM) i5-11400 @ 2.60GHz, 12 cores, 15G,  Windows 11 , 64 bit Build 26100 (10.0.26100.7019)
Time: Tue Nov 18 18:17:29 2025 Hora estándar romance elapsed time: 9.228210 seconds (0d 0h 0m 9s)

---------------  T H R E A D  ---------------

Current thread (0x000002be7f44ab70):  JavaThread "C2 CompilerThread1" daemon [_thread_in_native, id=3664, stack(0x000000eb4e100000,0x000000eb4e200000) (1024K)]


Current CompileTask:
C2:9228 4743       4       org.lombokweb.asm.ClassReader::readMethod (1070 bytes)

Stack: [0x000000eb4e100000,0x000000eb4e200000]
Native frames: (J=compiled Java code, j=interpreted, Vv=VM code, C=native code)
V  [jvm.dll+0x6d2449]
V  [jvm.dll+0x8ae341]
V  [jvm.dll+0x8b08be]
V  [jvm.dll+0x8b0fa3]
V  [jvm.dll+0x280c96]
V  [jvm.dll+0xc581d]
V  [jvm.dll+0xc5d53]
V  [jvm.dll+0x3b9162]
V  [jvm.dll+0x385315]
V  [jvm.dll+0x38477a]
V  [jvm.dll+0x248ed0]
V  [jvm.dll+0x2484af]
V  [jvm.dll+0x1c89ee]
V  [jvm.dll+0x257d4d]
V  [jvm.dll+0x2562ea]
V  [jvm.dll+0x3f2d16]
V  [jvm.dll+0x857e6b]
V  [jvm.dll+0x6d0b0d]
C  [ucrtbase.dll+0x37b0]
C  [KERNEL32.DLL+0x2e8d7]
C  [ntdll.dll+0x8c53c]


---------------  P R O C E S S  ---------------

Threads class SMR info:
_java_thread_list=0x000002be01c7ce00, length=38, elements={
0x000002be20b1b7f0, 0x000002be7a4744b0, 0x000002be7a475570, 0x000002be7a4828b0,
0x000002be7a481b90, 0x000002be7a482220, 0x000002be7a482f40, 0x000002be7a49d740,
0x000002be7a491d50, 0x000002be7a4807e0, 0x000002be7a483c60, 0x000002be7a480e70,
0x000002be7a481500, 0x000002be7a4835d0, 0x000002be0035d570, 0x000002be0035bb30,
0x000002be0035e920, 0x000002be0035cee0, 0x000002be0035e290, 0x000002be0035efb0,
0x000002be0035dc00, 0x000002be0035f640, 0x000002be0035c1c0, 0x000002be0035fcd0,
0x000002be0035c850, 0x000002be00363150, 0x000002be00362430, 0x000002be00361da0,
0x000002be00361710, 0x000002be003609f0, 0x000002be00362ac0, 0x000002be00360360,
0x000002be00361080, 0x000002be01de9af0, 0x000002be01deaea0, 0x000002be01dea180,
0x000002be7f44ab70, 0x000002be001b1e70
}

Java Threads: ( => current thread )
  0x000002be20b1b7f0 JavaThread "main"                              [_thread_blocked, id=6616, stack(0x000000eb4c200000,0x000000eb4c300000) (1024K)]
  0x000002be7a4744b0 JavaThread "Reference Handler"          daemon [_thread_blocked, id=15256, stack(0x000000eb4c600000,0x000000eb4c700000) (1024K)]
  0x000002be7a475570 JavaThread "Finalizer"                  daemon [_thread_blocked, id=16252, stack(0x000000eb4c700000,0x000000eb4c800000) (1024K)]
  0x000002be7a4828b0 JavaThread "Signal Dispatcher"          daemon [_thread_blocked, id=13936, stack(0x000000eb4c800000,0x000000eb4c900000) (1024K)]
  0x000002be7a481b90 JavaThread "Attach Listener"            daemon [_thread_blocked, id=1336, stack(0x000000eb4c900000,0x000000eb4ca00000) (1024K)]
  0x000002be7a482220 JavaThread "Service Thread"             daemon [_thread_blocked, id=8396, stack(0x000000eb4ca00000,0x000000eb4cb00000) (1024K)]
  0x000002be7a482f40 JavaThread "Monitor Deflation Thread"   daemon [_thread_blocked, id=16432, stack(0x000000eb4cb00000,0x000000eb4cc00000) (1024K)]
  0x000002be7a49d740 JavaThread "C2 CompilerThread0"         daemon [_thread_in_native, id=18196, stack(0x000000eb4cc00000,0x000000eb4cd00000) (1024K)]
  0x000002be7a491d50 JavaThread "C1 CompilerThread0"         daemon [_thread_in_native, id=14728, stack(0x000000eb4cd00000,0x000000eb4ce00000) (1024K)]
  0x000002be7a4807e0 JavaThread "Common-Cleaner"             daemon [_thread_blocked, id=11340, stack(0x000000eb4ce00000,0x000000eb4cf00000) (1024K)]
  0x000002be7a483c60 JavaThread "Notification Thread"        daemon [_thread_blocked, id=8588, stack(0x000000eb4d000000,0x000000eb4d100000) (1024K)]
  0x000002be7a480e70 JavaThread "Active Thread: Equinox Container: c84d6641-d158-4075-91b9-06b4b3845569"        [_thread_blocked, id=19184, stack(0x000000eb4d800000,0x000000eb4d900000) (1024K)]
  0x000002be7a481500 JavaThread "Framework Event Dispatcher: Equinox Container: c84d6641-d158-4075-91b9-06b4b3845569" daemon [_thread_blocked, id=17808, stack(0x000000eb4d900000,0x000000eb4da00000) (1024K)]
  0x000002be7a4835d0 JavaThread "Start Level: Equinox Container: c84d6641-d158-4075-91b9-06b4b3845569" daemon [_thread_blocked, id=17208, stack(0x000000eb4da00000,0x000000eb4db00000) (1024K)]
  0x000002be0035d570 JavaThread "SCR Component Actor"        daemon [_thread_blocked, id=6428, stack(0x000000eb4dc00000,0x000000eb4dd00000) (1024K)]
  0x000002be0035bb30 JavaThread "Worker-JM"                         [_thread_blocked, id=10084, stack(0x000000eb4dd00000,0x000000eb4de00000) (1024K)]
  0x000002be0035e920 JavaThread "JNA Cleaner"                daemon [_thread_blocked, id=19224, stack(0x000000eb4cf00000,0x000000eb4d000000) (1024K)]
  0x000002be0035cee0 JavaThread "Worker-0"                          [_thread_blocked, id=10388, stack(0x000000eb4d100000,0x000000eb4d200000) (1024K)]
  0x000002be0035e290 JavaThread "Worker-1"                          [_thread_blocked, id=9996, stack(0x000000eb4e000000,0x000000eb4e100000) (1024K)]
  0x000002be0035efb0 JavaThread "Thread-1"                   daemon [_thread_in_native, id=856, stack(0x000000eb4e600000,0x000000eb4e700000) (1024K)]
  0x000002be0035dc00 JavaThread "Thread-2"                   daemon [_thread_in_native, id=14236, stack(0x000000eb4e700000,0x000000eb4e800000) (1024K)]
  0x000002be0035f640 JavaThread "Thread-3"                   daemon [_thread_in_native, id=18900, stack(0x000000eb4e800000,0x000000eb4e900000) (1024K)]
  0x000002be0035c1c0 JavaThread "Thread-4"                   daemon [_thread_in_native, id=9032, stack(0x000000eb4e900000,0x000000eb4ea00000) (1024K)]
  0x000002be0035fcd0 JavaThread "Thread-5"                   daemon [_thread_in_native, id=19268, stack(0x000000eb4ea00000,0x000000eb4eb00000) (1024K)]
  0x000002be0035c850 JavaThread "Thread-6"                   daemon [_thread_in_native, id=15200, stack(0x000000eb4eb00000,0x000000eb4ec00000) (1024K)]
  0x000002be00363150 JavaThread "Thread-7"                   daemon [_thread_in_native, id=17728, stack(0x000000eb4ec00000,0x000000eb4ed00000) (1024K)]
  0x000002be00362430 JavaThread "Thread-8"                   daemon [_thread_in_native, id=8492, stack(0x000000eb4ed00000,0x000000eb4ee00000) (1024K)]
  0x000002be00361da0 JavaThread "Thread-9"                   daemon [_thread_in_native, id=17032, stack(0x000000eb4ee00000,0x000000eb4ef00000) (1024K)]
  0x000002be00361710 JavaThread "Thread-10"                  daemon [_thread_in_native, id=10208, stack(0x000000eb4ef00000,0x000000eb4f000000) (1024K)]
  0x000002be003609f0 JavaThread "Thread-11"                  daemon [_thread_in_native, id=19228, stack(0x000000eb4f000000,0x000000eb4f100000) (1024K)]
  0x000002be00362ac0 JavaThread "Thread-12"                  daemon [_thread_in_native, id=2756, stack(0x000000eb4f100000,0x000000eb4f200000) (1024K)]
  0x000002be00360360 JavaThread "Thread-13"                  daemon [_thread_in_native, id=9396, stack(0x000000eb4f200000,0x000000eb4f300000) (1024K)]
  0x000002be00361080 JavaThread "pool-2-thread-1"                   [_thread_blocked, id=16684, stack(0x000000eb4f300000,0x000000eb4f400000) (1024K)]
  0x000002be01de9af0 JavaThread "Worker-2"                          [_thread_blocked, id=17932, stack(0x000000eb4f400000,0x000000eb4f500000) (1024K)]
  0x000002be01deaea0 JavaThread "WorkspaceEventsHandler"            [_thread_blocked, id=17584, stack(0x000000eb4f500000,0x000000eb4f600000) (1024K)]
  0x000002be01dea180 JavaThread "pool-1-thread-1"                   [_thread_in_native, id=5396, stack(0x000000eb4f600000,0x000000eb4f700000) (1024K)]
=>0x000002be7f44ab70 JavaThread "C2 CompilerThread1"         daemon [_thread_in_native, id=3664, stack(0x000000eb4e100000,0x000000eb4e200000) (1024K)]
  0x000002be001b1e70 JavaThread "C2 CompilerThread2"         daemon [_thread_in_native, id=12704, stack(0x000000eb4e200000,0x000000eb4e300000) (1024K)]
Total: 38

Other Threads:
  0x000002be20ab2c90 VMThread "VM Thread"                           [id=6236, stack(0x000000eb4c500000,0x000000eb4c600000) (1024K)]
  0x000002be20b89440 WatcherThread "VM Periodic Task Thread"        [id=19280, stack(0x000000eb4c400000,0x000000eb4c500000) (1024K)]
  0x000002be20b3aaf0 WorkerThread "GC Thread#0"                     [id=15212, stack(0x000000eb4c300000,0x000000eb4c400000) (1024K)]
  0x000002be7a8550f0 WorkerThread "GC Thread#1"                     [id=18216, stack(0x000000eb4d200000,0x000000eb4d300000) (1024K)]
  0x000002be7f4aacb0 WorkerThread "GC Thread#2"                     [id=10100, stack(0x000000eb4d300000,0x000000eb4d400000) (1024K)]
  0x000002be7f4ab050 WorkerThread "GC Thread#3"                     [id=15412, stack(0x000000eb4d400000,0x000000eb4d500000) (1024K)]
  0x000002be7f4ab3f0 WorkerThread "GC Thread#4"                     [id=11760, stack(0x000000eb4d500000,0x000000eb4d600000) (1024K)]
  0x000002be7f7e9f80 WorkerThread "GC Thread#5"                     [id=3964, stack(0x000000eb4d600000,0x000000eb4d700000) (1024K)]
  0x000002be7f7ea6c0 WorkerThread "GC Thread#6"                     [id=5500, stack(0x000000eb4d700000,0x000000eb4d800000) (1024K)]
  0x000002be7f7eaa60 WorkerThread "GC Thread#7"                     [id=18836, stack(0x000000eb4db00000,0x000000eb4dc00000) (1024K)]
  0x000002be7f7eae00 WorkerThread "GC Thread#8"                     [id=16548, stack(0x000000eb4de00000,0x000000eb4df00000) (1024K)]
  0x000002be7f7eb1a0 WorkerThread "GC Thread#9"                     [id=18348, stack(0x000000eb4df00000,0x000000eb4e000000) (1024K)]
Total: 12

Threads with active compile tasks:
C2 CompilerThread0  9241 4705 %     4       org.lombokweb.asm.SymbolTable::<init> @ 98 (554 bytes)
C1 CompilerThread0  9241 4759   !   3       org.eclipse.jdt.internal.compiler.parser.Scanner::getNextToken0 (3060 bytes)
C2 CompilerThread1  9241 4743       4       org.lombokweb.asm.ClassReader::readMethod (1070 bytes)
C2 CompilerThread2  9241 4741 %     4       org.lombokweb.asm.ClassReader::readCode @ 92 (5117 bytes)
Total: 4

VM state: not at safepoint (normal execution)

VM Mutex/Monitor currently owned by a thread: None

Heap address: 0x0000000080000000, size: 2048 MB, Compressed Oops mode: 32-bit

CDS archive(s) mapped at: [0x000002be38000000-0x000002be38ba0000-0x000002be38ba0000), size 12189696, SharedBaseAddress: 0x000002be38000000, ArchiveRelocationMode: 1.
Compressed class space mapped at: 0x000002be39000000-0x000002be79000000, reserved size: 1073741824
Narrow klass base: 0x000002be38000000, Narrow klass shift: 0, Narrow klass range: 0x100000000

GC Precious Log:
 CardTable entry size: 512
 CPUs: 12 total, 12 available
 Memory: 16181M
 Large Page Support: Disabled
 NUMA Support: Disabled
 Compressed Oops: Enabled (32-bit)
 Alignments: Space 512K, Generation 512K, Heap 2M
 Heap Min Capacity: 100M
 Heap Initial Capacity: 100M
 Heap Max Capacity: 2G
 Pre-touch: Disabled
 Parallel Workers: 10

Heap:
 PSYoungGen      total 20480K, used 19990K [0x00000000d5580000, 0x00000000d6e00000, 0x0000000100000000)
  eden space 18944K, 100% used [0x00000000d5580000,0x00000000d6800000,0x00000000d6800000)
  from space 1536K, 68% used [0x00000000d6a80000,0x00000000d6b85a60,0x00000000d6c00000)
  to   space 1536K, 0% used [0x00000000d6c80000,0x00000000d6c80000,0x00000000d6e00000)
 ParOldGen       total 68608K, used 30108K [0x0000000080000000, 0x0000000084300000, 0x00000000d5580000)
  object space 68608K, 43% used [0x0000000080000000,0x0000000081d67160,0x0000000084300000)
 Metaspace       used 37770K, committed 38656K, reserved 1114112K
  class space    used 3776K, committed 4224K, reserved 1048576K

Card table byte_map: [0x000002be204c0000,0x000002be208d0000] _byte_map_base: 0x000002be200c0000

Marking Bits: (ParMarkBitMap*) 0x00007ffa0ad1a340
 Begin Bits: [0x000002be32fc0000, 0x000002be34fc0000)
 End Bits:   [0x000002be34fc0000, 0x000002be36fc0000)

Polling page: 0x000002be1e980000

Metaspace:

Usage:
  Non-class:     33.20 MB used.
      Class:      3.69 MB used.
       Both:     36.89 MB used.

Virtual space:
  Non-class space:       64.00 MB reserved,      33.62 MB ( 53%) committed,  1 nodes.
      Class space:        1.00 GB reserved,       4.12 MB ( <1%) committed,  1 nodes.
             Both:        1.06 GB reserved,      37.75 MB (  3%) committed. 

Chunk freelists:
   Non-Class:  13.56 MB
       Class:  11.85 MB
        Both:  25.41 MB

MaxMetaspaceSize: unlimited
CompressedClassSpaceSize: 1.00 GB
Initial GC threshold: 21.00 MB
Current GC threshold: 58.38 MB
CDS: on
 - commit_granule_bytes: 65536.
 - commit_granule_words: 8192.
 - virtual_space_node_default_size: 8388608.
 - enlarge_chunks_in_place: 1.
 - use_allocation_guard: 0.


Internal statistics:

num_allocs_failed_limit: 6.
num_arena_births: 672.
num_arena_deaths: 14.
num_vsnodes_births: 2.
num_vsnodes_deaths: 0.
num_space_committed: 604.
num_space_uncommitted: 0.
num_chunks_returned_to_freelist: 20.
num_chunks_taken_from_freelist: 2182.
num_chunk_merges: 12.
num_chunk_splits: 1414.
num_chunks_enlarged: 923.
num_inconsistent_stats: 0.

CodeHeap 'non-profiled nmethods': size=120000Kb used=2446Kb max_used=2609Kb free=117553Kb
 bounds [0x000002be2b7e0000, 0x000002be2ba80000, 0x000002be32d10000]
CodeHeap 'profiled nmethods': size=120000Kb used=8958Kb max_used=9106Kb free=111041Kb
 bounds [0x000002be23d10000, 0x000002be24660000, 0x000002be2b240000]
CodeHeap 'non-nmethods': size=5760Kb used=1397Kb max_used=1429Kb free=4362Kb
 bounds [0x000002be2b240000, 0x000002be2b4b0000, 0x000002be2b7e0000]
CodeCache: size=245760Kb, used=12801Kb, max_used=13144Kb, free=232956Kb
 total_blobs=5059, nmethods=4369, adapters=596, full_count=0
Compilation: enabled, stopped_count=0, restarted_count=0

Compilation events (20 events):
Event: 7.168 Thread 0x000002be001b1e70 4698       4       java.util.regex.Matcher::reset (128 bytes)
Event: 7.170 Thread 0x000002be001b1e70 nmethod 4698 0x000002be2b817b90 code [0x000002be2b817d40, 0x000002be2b817fc0]
Event: 7.170 Thread 0x000002be001b1e70 4723       4       java.util.Arrays::fill (21 bytes)
Event: 7.171 Thread 0x000002be001b1e70 nmethod 4723 0x000002be2b801890 code [0x000002be2b801a20, 0x000002be2b801af8]
Event: 7.171 Thread 0x000002be001b1e70 4746       4       java.util.regex.Matcher::match (154 bytes)
Event: 7.177 Thread 0x000002be7a491d50 4751       3       org.eclipse.jdt.internal.compiler.util.CharDeduplication::sharedCopyOfRange (190 bytes)
Event: 7.178 Thread 0x000002be7a491d50 nmethod 4751 0x000002be23e77b90 code [0x000002be23e77ec0, 0x000002be23e790f8]
Event: 7.178 Thread 0x000002be001b1e70 nmethod 4746 0x000002be2b7eef10 code [0x000002be2b7ef140, 0x000002be2b7ef9b8]
Event: 7.178 Thread 0x000002be001b1e70 4735       4       org.lombokweb.asm.Label::resolve (259 bytes)
Event: 7.178 Thread 0x000002be7a491d50 4752       1       org.eclipse.jdt.internal.compiler.parser.Parser::restartRecovery (5 bytes)
Event: 7.178 Thread 0x000002be7a491d50 nmethod 4752 0x000002be2b837690 code [0x000002be2b837820, 0x000002be2b8378f0]
Event: 7.180 Thread 0x000002be001b1e70 nmethod 4735 0x000002be2b82e010 code [0x000002be2b82e1c0, 0x000002be2b82e598]
Event: 7.180 Thread 0x000002be001b1e70 4741 %     4       org.lombokweb.asm.ClassReader::readCode @ 92 (5117 bytes)
Event: 7.181 Thread 0x000002be7a491d50 4753       3       org.eclipse.jdt.internal.compiler.parser.Parser::actFromTokenOrSynthetic (12 bytes)
Event: 7.181 Thread 0x000002be7a491d50 nmethod 4753 0x000002be23f48290 code [0x000002be23f48440, 0x000002be23f486b0]
Event: 7.181 Thread 0x000002be7a491d50 4754       3       org.eclipse.jdt.internal.compiler.parser.Parser::tAction (35 bytes)
Event: 7.181 Thread 0x000002be7a491d50 nmethod 4754 0x000002be23defa10 code [0x000002be23defbc0, 0x000002be23defd90]
Event: 7.181 Thread 0x000002be7a491d50 4755       3       org.eclipse.jdt.internal.compiler.parser.Parser::ntAction (8 bytes)
Event: 7.181 Thread 0x000002be7a491d50 nmethod 4755 0x000002be23fd3390 code [0x000002be23fd3540, 0x000002be23fd3668]
Event: 7.184 Thread 0x000002be7a491d50 4756       3       org.eclipse.jdt.internal.compiler.parser.Parser::consumeRule (7748 bytes)

GC Heap History (20 events):
Event: 4.385 GC heap before
{Heap before GC invocations=12 (full 1):
 PSYoungGen      total 26112K, used 25606K [0x00000000d5580000, 0x00000000d7480000, 0x0000000100000000)
  eden space 22528K, 100% used [0x00000000d5580000,0x00000000d6b80000,0x00000000d6b80000)
  from space 3584K, 85% used [0x00000000d7100000,0x00000000d7401a60,0x00000000d7480000)
  to   space 3584K, 0% used [0x00000000d6d80000,0x00000000d6d80000,0x00000000d7100000)
 ParOldGen       total 68608K, used 13175K [0x0000000080000000, 0x0000000084300000, 0x00000000d5580000)
  object space 68608K, 19% used [0x0000000080000000,0x0000000080cddcc8,0x0000000084300000)
 Metaspace       used 31928K, committed 32832K, reserved 1114112K
  class space    used 3224K, committed 3648K, reserved 1048576K
}
Event: 4.388 GC heap after
{Heap after GC invocations=12 (full 1):
 PSYoungGen      total 25088K, used 2609K [0x00000000d5580000, 0x00000000d7180000, 0x0000000100000000)
  eden space 22016K, 0% used [0x00000000d5580000,0x00000000d5580000,0x00000000d6b00000)
  from space 3072K, 84% used [0x00000000d6d80000,0x00000000d700c420,0x00000000d7080000)
  to   space 1024K, 0% used [0x00000000d7080000,0x00000000d7080000,0x00000000d7180000)
 ParOldGen       total 68608K, used 16045K [0x0000000080000000, 0x0000000084300000, 0x00000000d5580000)
  object space 68608K, 23% used [0x0000000080000000,0x0000000080fab500,0x0000000084300000)
 Metaspace       used 31928K, committed 32832K, reserved 1114112K
  class space    used 3224K, committed 3648K, reserved 1048576K
}
Event: 4.416 GC heap before
{Heap before GC invocations=13 (full 1):
 PSYoungGen      total 25088K, used 24625K [0x00000000d5580000, 0x00000000d7180000, 0x0000000100000000)
  eden space 22016K, 100% used [0x00000000d5580000,0x00000000d6b00000,0x00000000d6b00000)
  from space 3072K, 84% used [0x00000000d6d80000,0x00000000d700c420,0x00000000d7080000)
  to   space 1024K, 0% used [0x00000000d7080000,0x00000000d7080000,0x00000000d7180000)
 ParOldGen       total 68608K, used 16045K [0x0000000080000000, 0x0000000084300000, 0x00000000d5580000)
  object space 68608K, 23% used [0x0000000080000000,0x0000000080fab500,0x0000000084300000)
 Metaspace       used 32027K, committed 32896K, reserved 1114112K
  class space    used 3233K, committed 3648K, reserved 1048576K
}
Event: 4.419 GC heap after
{Heap after GC invocations=13 (full 1):
 PSYoungGen      total 23040K, used 994K [0x00000000d5580000, 0x00000000d7600000, 0x0000000100000000)
  eden space 22016K, 0% used [0x00000000d5580000,0x00000000d5580000,0x00000000d6b00000)
  from space 1024K, 97% used [0x00000000d7080000,0x00000000d7178810,0x00000000d7180000)
  to   space 5632K, 0% used [0x00000000d6b00000,0x00000000d6b00000,0x00000000d7080000)
 ParOldGen       total 68608K, used 19998K [0x0000000080000000, 0x0000000084300000, 0x00000000d5580000)
  object space 68608K, 29% used [0x0000000080000000,0x0000000081387a60,0x0000000084300000)
 Metaspace       used 32027K, committed 32896K, reserved 1114112K
  class space    used 3233K, committed 3648K, reserved 1048576K
}
Event: 4.446 GC heap before
{Heap before GC invocations=14 (full 1):
 PSYoungGen      total 23040K, used 23010K [0x00000000d5580000, 0x00000000d7600000, 0x0000000100000000)
  eden space 22016K, 100% used [0x00000000d5580000,0x00000000d6b00000,0x00000000d6b00000)
  from space 1024K, 97% used [0x00000000d7080000,0x00000000d7178810,0x00000000d7180000)
  to   space 5632K, 0% used [0x00000000d6b00000,0x00000000d6b00000,0x00000000d7080000)
 ParOldGen       total 68608K, used 19998K [0x0000000080000000, 0x0000000084300000, 0x00000000d5580000)
  object space 68608K, 29% used [0x0000000080000000,0x0000000081387a60,0x0000000084300000)
 Metaspace       used 32042K, committed 32960K, reserved 1114112K
  class space    used 3233K, committed 3648K, reserved 1048576K
}
Event: 4.448 GC heap after
{Heap after GC invocations=14 (full 1):
 PSYoungGen      total 24576K, used 2340K [0x00000000d5580000, 0x00000000d7200000, 0x0000000100000000)
  eden space 22016K, 0% used [0x00000000d5580000,0x00000000d5580000,0x00000000d6b00000)
  from space 2560K, 91% used [0x00000000d6b00000,0x00000000d6d49000,0x00000000d6d80000)
  to   space 3584K, 0% used [0x00000000d6e80000,0x00000000d6e80000,0x00000000d7200000)
 ParOldGen       total 68608K, used 20918K [0x0000000080000000, 0x0000000084300000, 0x00000000d5580000)
  object space 68608K, 30% used [0x0000000080000000,0x000000008146da70,0x0000000084300000)
 Metaspace       used 32042K, committed 32960K, reserved 1114112K
  class space    used 3233K, committed 3648K, reserved 1048576K
}
Event: 4.480 GC heap before
{Heap before GC invocations=15 (full 1):
 PSYoungGen      total 24576K, used 24356K [0x00000000d5580000, 0x00000000d7200000, 0x0000000100000000)
  eden space 22016K, 100% used [0x00000000d5580000,0x00000000d6b00000,0x00000000d6b00000)
  from space 2560K, 91% used [0x00000000d6b00000,0x00000000d6d49000,0x00000000d6d80000)
  to   space 3584K, 0% used [0x00000000d6e80000,0x00000000d6e80000,0x00000000d7200000)
 ParOldGen       total 68608K, used 20918K [0x0000000080000000, 0x0000000084300000, 0x00000000d5580000)
  object space 68608K, 30% used [0x0000000080000000,0x000000008146da70,0x0000000084300000)
 Metaspace       used 32072K, committed 33024K, reserved 1114112K
  class space    used 3234K, committed 3648K, reserved 1048576K
}
Event: 4.483 GC heap after
{Heap after GC invocations=15 (full 1):
 PSYoungGen      total 24576K, used 2432K [0x00000000d5580000, 0x00000000d7100000, 0x0000000100000000)
  eden space 22016K, 0% used [0x00000000d5580000,0x00000000d5580000,0x00000000d6b00000)
  from space 2560K, 95% used [0x00000000d6e80000,0x00000000d70e0010,0x00000000d7100000)
  to   space 2560K, 0% used [0x00000000d6b00000,0x00000000d6b00000,0x00000000d6d80000)
 ParOldGen       total 68608K, used 23166K [0x0000000080000000, 0x0000000084300000, 0x00000000d5580000)
  object space 68608K, 33% used [0x0000000080000000,0x000000008169fb70,0x0000000084300000)
 Metaspace       used 32072K, committed 33024K, reserved 1114112K
  class space    used 3234K, committed 3648K, reserved 1048576K
}
Event: 4.536 GC heap before
{Heap before GC invocations=16 (full 1):
 PSYoungGen      total 24576K, used 24448K [0x00000000d5580000, 0x00000000d7100000, 0x0000000100000000)
  eden space 22016K, 100% used [0x00000000d5580000,0x00000000d6b00000,0x00000000d6b00000)
  from space 2560K, 95% used [0x00000000d6e80000,0x00000000d70e0010,0x00000000d7100000)
  to   space 2560K, 0% used [0x00000000d6b00000,0x00000000d6b00000,0x00000000d6d80000)
 ParOldGen       total 68608K, used 23166K [0x0000000080000000, 0x0000000084300000, 0x00000000d5580000)
  object space 68608K, 33% used [0x0000000080000000,0x000000008169fb70,0x0000000084300000)
 Metaspace       used 32244K, committed 33152K, reserved 1114112K
  class space    used 3250K, committed 3648K, reserved 1048576K
}
Event: 4.538 GC heap after
{Heap after GC invocations=16 (full 1):
 PSYoungGen      total 24576K, used 2200K [0x00000000d5580000, 0x00000000d7000000, 0x0000000100000000)
  eden space 22016K, 0% used [0x00000000d5580000,0x00000000d5580000,0x00000000d6b00000)
  from space 2560K, 85% used [0x00000000d6b00000,0x00000000d6d26200,0x00000000d6d80000)
  to   space 2560K, 0% used [0x00000000d6d80000,0x00000000d6d80000,0x00000000d7000000)
 ParOldGen       total 68608K, used 25518K [0x0000000080000000, 0x0000000084300000, 0x00000000d5580000)
  object space 68608K, 37% used [0x0000000080000000,0x00000000818ebb80,0x0000000084300000)
 Metaspace       used 32244K, committed 33152K, reserved 1114112K
  class space    used 3250K, committed 3648K, reserved 1048576K
}
Event: 5.823 GC heap before
{Heap before GC invocations=17 (full 1):
 PSYoungGen      total 24576K, used 24216K [0x00000000d5580000, 0x00000000d7000000, 0x0000000100000000)
  eden space 22016K, 100% used [0x00000000d5580000,0x00000000d6b00000,0x00000000d6b00000)
  from space 2560K, 85% used [0x00000000d6b00000,0x00000000d6d26200,0x00000000d6d80000)
  to   space 2560K, 0% used [0x00000000d6d80000,0x00000000d6d80000,0x00000000d7000000)
 ParOldGen       total 68608K, used 25518K [0x0000000080000000, 0x0000000084300000, 0x00000000d5580000)
  object space 68608K, 37% used [0x0000000080000000,0x00000000818ebb80,0x0000000084300000)
 Metaspace       used 34479K, committed 35392K, reserved 1114112K
  class space    used 3496K, committed 3904K, reserved 1048576K
}
Event: 6.841 GC heap after
{Heap after GC invocations=17 (full 1):
 PSYoungGen      total 21504K, used 2556K [0x00000000d5580000, 0x00000000d7600000, 0x0000000100000000)
  eden space 18944K, 0% used [0x00000000d5580000,0x00000000d5580000,0x00000000d6800000)
  from space 2560K, 99% used [0x00000000d6d80000,0x00000000d6fff3e8,0x00000000d7000000)
  to   space 5632K, 0% used [0x00000000d6800000,0x00000000d6800000,0x00000000d6d80000)
 ParOldGen       total 68608K, used 28048K [0x0000000080000000, 0x0000000084300000, 0x00000000d5580000)
  object space 68608K, 40% used [0x0000000080000000,0x0000000081b64370,0x0000000084300000)
 Metaspace       used 34479K, committed 35392K, reserved 1114112K
  class space    used 3496K, committed 3904K, reserved 1048576K
}
Event: 6.923 GC heap before
{Heap before GC invocations=18 (full 1):
 PSYoungGen      total 21504K, used 11035K [0x00000000d5580000, 0x00000000d7600000, 0x0000000100000000)
  eden space 18944K, 44% used [0x00000000d5580000,0x00000000d5dc7838,0x00000000d6800000)
  from space 2560K, 99% used [0x00000000d6d80000,0x00000000d6fff3e8,0x00000000d7000000)
  to   space 5632K, 0% used [0x00000000d6800000,0x00000000d6800000,0x00000000d6d80000)
 ParOldGen       total 68608K, used 28048K [0x0000000080000000, 0x0000000084300000, 0x00000000d5580000)
  object space 68608K, 40% used [0x0000000080000000,0x0000000081b64370,0x0000000084300000)
 Metaspace       used 34939K, committed 35840K, reserved 1114112K
  class space    used 3542K, committed 3968K, reserved 1048576K
}
Event: 6.925 GC heap after
{Heap after GC invocations=18 (full 1):
 PSYoungGen      total 24576K, used 384K [0x00000000d5580000, 0x00000000d7000000, 0x0000000100000000)
  eden space 18944K, 0% used [0x00000000d5580000,0x00000000d5580000,0x00000000d6800000)
  from space 5632K, 6% used [0x00000000d6800000,0x00000000d6860128,0x00000000d6d80000)
  to   space 2560K, 0% used [0x00000000d6d80000,0x00000000d6d80000,0x00000000d7000000)
 ParOldGen       total 68608K, used 30606K [0x0000000080000000, 0x0000000084300000, 0x00000000d5580000)
  object space 68608K, 44% used [0x0000000080000000,0x0000000081de3888,0x0000000084300000)
 Metaspace       used 34939K, committed 35840K, reserved 1114112K
  class space    used 3542K, committed 3968K, reserved 1048576K
}
Event: 6.925 GC heap before
{Heap before GC invocations=19 (full 2):
 PSYoungGen      total 24576K, used 384K [0x00000000d5580000, 0x00000000d7000000, 0x0000000100000000)
  eden space 18944K, 0% used [0x00000000d5580000,0x00000000d5580000,0x00000000d6800000)
  from space 5632K, 6% used [0x00000000d6800000,0x00000000d6860128,0x00000000d6d80000)
  to   space 2560K, 0% used [0x00000000d6d80000,0x00000000d6d80000,0x00000000d7000000)
 ParOldGen       total 68608K, used 30606K [0x0000000080000000, 0x0000000084300000, 0x00000000d5580000)
  object space 68608K, 44% used [0x0000000080000000,0x0000000081de3888,0x0000000084300000)
 Metaspace       used 34939K, committed 35840K, reserved 1114112K
  class space    used 3542K, committed 3968K, reserved 1048576K
}
Event: 6.958 GC heap after
{Heap after GC invocations=19 (full 2):
 PSYoungGen      total 24576K, used 0K [0x00000000d5580000, 0x00000000d7000000, 0x0000000100000000)
  eden space 18944K, 0% used [0x00000000d5580000,0x00000000d5580000,0x00000000d6800000)
  from space 5632K, 0% used [0x00000000d6800000,0x00000000d6800000,0x00000000d6d80000)
  to   space 2560K, 0% used [0x00000000d6d80000,0x00000000d6d80000,0x00000000d7000000)
 ParOldGen       total 68608K, used 29462K [0x0000000080000000, 0x0000000084300000, 0x00000000d5580000)
  object space 68608K, 42% used [0x0000000080000000,0x0000000081cc5a70,0x0000000084300000)
 Metaspace       used 34939K, committed 35840K, reserved 1114112K
  class space    used 3542K, committed 3968K, reserved 1048576K
}
Event: 7.088 GC heap before
{Heap before GC invocations=20 (full 2):
 PSYoungGen      total 24576K, used 18944K [0x00000000d5580000, 0x00000000d7000000, 0x0000000100000000)
  eden space 18944K, 100% used [0x00000000d5580000,0x00000000d6800000,0x00000000d6800000)
  from space 5632K, 0% used [0x00000000d6800000,0x00000000d6800000,0x00000000d6d80000)
  to   space 2560K, 0% used [0x00000000d6d80000,0x00000000d6d80000,0x00000000d7000000)
 ParOldGen       total 68608K, used 29462K [0x0000000080000000, 0x0000000084300000, 0x00000000d5580000)
  object space 68608K, 42% used [0x0000000080000000,0x0000000081cc5a70,0x0000000084300000)
 Metaspace       used 36110K, committed 37056K, reserved 1114112K
  class space    used 3655K, committed 4096K, reserved 1048576K
}
Event: 7.090 GC heap after
{Heap after GC invocations=20 (full 2):
 PSYoungGen      total 20992K, used 1953K [0x00000000d5580000, 0x00000000d6f80000, 0x0000000100000000)
  eden space 18944K, 0% used [0x00000000d5580000,0x00000000d5580000,0x00000000d6800000)
  from space 2048K, 95% used [0x00000000d6d80000,0x00000000d6f685d0,0x00000000d6f80000)
  to   space 2560K, 0% used [0x00000000d6a80000,0x00000000d6a80000,0x00000000d6d00000)
 ParOldGen       total 68608K, used 29470K [0x0000000080000000, 0x0000000084300000, 0x00000000d5580000)
  object space 68608K, 42% used [0x0000000080000000,0x0000000081cc7a70,0x0000000084300000)
 Metaspace       used 36110K, committed 37056K, reserved 1114112K
  class space    used 3655K, committed 4096K, reserved 1048576K
}
Event: 7.122 GC heap before
{Heap before GC invocations=21 (full 2):
 PSYoungGen      total 20992K, used 20897K [0x00000000d5580000, 0x00000000d6f80000, 0x0000000100000000)
  eden space 18944K, 100% used [0x00000000d5580000,0x00000000d6800000,0x00000000d6800000)
  from space 2048K, 95% used [0x00000000d6d80000,0x00000000d6f685d0,0x00000000d6f80000)
  to   space 2560K, 0% used [0x00000000d6a80000,0x00000000d6a80000,0x00000000d6d00000)
 ParOldGen       total 68608K, used 29470K [0x0000000080000000, 0x0000000084300000, 0x00000000d5580000)
  object space 68608K, 42% used [0x0000000080000000,0x0000000081cc7a70,0x0000000084300000)
 Metaspace       used 36134K, committed 37056K, reserved 1114112K
  class space    used 3655K, committed 4096K, reserved 1048576K
}
Event: 7.123 GC heap after
{Heap after GC invocations=21 (full 2):
 PSYoungGen      total 20480K, used 1046K [0x00000000d5580000, 0x00000000d6e00000, 0x0000000100000000)
  eden space 18944K, 0% used [0x00000000d5580000,0x00000000d5580000,0x00000000d6800000)
  from space 1536K, 68% used [0x00000000d6a80000,0x00000000d6b85a60,0x00000000d6c00000)
  to   space 1536K, 0% used [0x00000000d6c80000,0x00000000d6c80000,0x00000000d6e00000)
 ParOldGen       total 68608K, used 30108K [0x0000000080000000, 0x0000000084300000, 0x00000000d5580000)
  object space 68608K, 43% used [0x0000000080000000,0x0000000081d67160,0x0000000084300000)
 Metaspace       used 36134K, committed 37056K, reserved 1114112K
  class space    used 3655K, committed 4096K, reserved 1048576K
}

Dll operation events (10 events):
Event: 0.006 Loaded shared library c:\Users\alumne-DAM\.vscode\extensions\redhat.java-1.47.0-win32-x64\jre\21.0.8-win32-x86_64\bin\java.dll
Event: 0.071 Loaded shared library c:\Users\alumne-DAM\.vscode\extensions\redhat.java-1.47.0-win32-x64\jre\21.0.8-win32-x86_64\bin\zip.dll
Event: 0.084 Loaded shared library C:\Users\alumne-DAM\.vscode\extensions\redhat.java-1.47.0-win32-x64\jre\21.0.8-win32-x86_64\bin\instrument.dll
Event: 0.087 Loaded shared library C:\Users\alumne-DAM\.vscode\extensions\redhat.java-1.47.0-win32-x64\jre\21.0.8-win32-x86_64\bin\net.dll
Event: 0.090 Loaded shared library C:\Users\alumne-DAM\.vscode\extensions\redhat.java-1.47.0-win32-x64\jre\21.0.8-win32-x86_64\bin\nio.dll
Event: 0.092 Loaded shared library C:\Users\alumne-DAM\.vscode\extensions\redhat.java-1.47.0-win32-x64\jre\21.0.8-win32-x86_64\bin\zip.dll
Event: 0.101 Loaded shared library C:\Users\alumne-DAM\.vscode\extensions\redhat.java-1.47.0-win32-x64\jre\21.0.8-win32-x86_64\bin\jimage.dll
Event: 0.152 Loaded shared library c:\Users\alumne-DAM\.vscode\extensions\redhat.java-1.47.0-win32-x64\jre\21.0.8-win32-x86_64\bin\verify.dll
Event: 0.701 Loaded shared library C:\Users\alumne-DAM\AppData\Roaming\Code\User\globalStorage\redhat.java\1.47.0\config_ss_win\org.eclipse.equinox.launcher\org.eclipse.equinox.launcher.win32.win32.x86_64_1.2.1400.v20250801-0854\eclipse_11916.dll
Event: 3.147 Loaded shared library C:\Users\alumne-DAM\AppData\Local\Temp\jna--570604515\jna14102808301076718254.dll

Deoptimization events (20 events):
Event: 7.099 Thread 0x000002be01dea180 DEOPT PACKING pc=0x000002be2b916a50 sp=0x000000eb4f6f9760
Event: 7.099 Thread 0x000002be01dea180 DEOPT UNPACKING pc=0x000002be2b296da2 sp=0x000000eb4f6f9748 mode 2
Event: 7.108 Thread 0x000002be01dea180 DEOPT PACKING pc=0x000002be2421be33 sp=0x000000eb4f6f9900
Event: 7.108 Thread 0x000002be01dea180 DEOPT UNPACKING pc=0x000002be2b2978e2 sp=0x000000eb4f6f8e30 mode 0
Event: 7.118 Thread 0x000002be01dea180 DEOPT PACKING pc=0x000002be2421be33 sp=0x000000eb4f6f9900
Event: 7.118 Thread 0x000002be01dea180 DEOPT UNPACKING pc=0x000002be2b2978e2 sp=0x000000eb4f6f8e30 mode 0
Event: 7.120 Thread 0x000002be01dea180 DEOPT PACKING pc=0x000002be2421be33 sp=0x000000eb4f6f9900
Event: 7.120 Thread 0x000002be01dea180 DEOPT UNPACKING pc=0x000002be2b2978e2 sp=0x000000eb4f6f8e30 mode 0
Event: 7.124 Thread 0x000002be01dea180 DEOPT PACKING pc=0x000002be2421be33 sp=0x000000eb4f6f9900
Event: 7.124 Thread 0x000002be01dea180 DEOPT UNPACKING pc=0x000002be2b2978e2 sp=0x000000eb4f6f8e30 mode 0
Event: 7.128 Thread 0x000002be01dea180 DEOPT PACKING pc=0x000002be2421be33 sp=0x000000eb4f6f9900
Event: 7.128 Thread 0x000002be01dea180 DEOPT UNPACKING pc=0x000002be2b2978e2 sp=0x000000eb4f6f8e30 mode 0
Event: 7.129 Thread 0x000002be01dea180 DEOPT PACKING pc=0x000002be2421be33 sp=0x000000eb4f6f9900
Event: 7.129 Thread 0x000002be01dea180 DEOPT UNPACKING pc=0x000002be2b2978e2 sp=0x000000eb4f6f8e30 mode 0
Event: 7.130 Thread 0x000002be01dea180 DEOPT PACKING pc=0x000002be2421be33 sp=0x000000eb4f6f9900
Event: 7.130 Thread 0x000002be01dea180 DEOPT UNPACKING pc=0x000002be2b2978e2 sp=0x000000eb4f6f8e30 mode 0
Event: 7.131 Thread 0x000002be01dea180 DEOPT PACKING pc=0x000002be2421be33 sp=0x000000eb4f6f9900
Event: 7.131 Thread 0x000002be01dea180 DEOPT UNPACKING pc=0x000002be2b2978e2 sp=0x000000eb4f6f8e30 mode 0
Event: 7.135 Thread 0x000002be01dea180 DEOPT PACKING pc=0x000002be2421be33 sp=0x000000eb4f6f9900
Event: 7.135 Thread 0x000002be01dea180 DEOPT UNPACKING pc=0x000002be2b2978e2 sp=0x000000eb4f6f8e30 mode 0

Classes loaded (20 events):
Event: 4.644 Loading class java/lang/ExceptionInInitializerError
Event: 4.644 Loading class java/lang/ExceptionInInitializerError done
Event: 4.683 Loading class sun/misc/Unsafe
Event: 4.684 Loading class sun/misc/Unsafe done
Event: 6.875 Loading class java/util/Vector$1
Event: 6.875 Loading class java/util/Vector$1 done
Event: 7.038 Loading class java/util/regex/Pattern$Caret
Event: 7.038 Loading class java/util/regex/Pattern$Caret done
Event: 7.181 Loading class java/lang/StringLatin1$LinesSpliterator
Event: 7.181 Loading class java/lang/StringLatin1$LinesSpliterator done
Event: 7.183 Loading class java/util/stream/ReferencePipeline$4
Event: 7.183 Loading class java/util/stream/ReferencePipeline$4 done
Event: 7.183 Loading class java/util/stream/Nodes$IntFixedNodeBuilder
Event: 7.183 Loading class java/util/stream/Node$Builder$OfInt
Event: 7.183 Loading class java/util/stream/Node$Builder$OfInt done
Event: 7.183 Loading class java/util/stream/Nodes$IntArrayNode
Event: 7.184 Loading class java/util/stream/Nodes$IntArrayNode done
Event: 7.184 Loading class java/util/stream/Nodes$IntFixedNodeBuilder done
Event: 7.184 Loading class java/util/stream/ReferencePipeline$4$1
Event: 7.184 Loading class java/util/stream/ReferencePipeline$4$1 done

Classes unloaded (7 events):
Event: 3.505 Thread 0x000002be20ab2c90 Unloading class 0x000002be3918cc00 'java/lang/invoke/LambdaForm$MH+0x000002be3918cc00'
Event: 3.505 Thread 0x000002be20ab2c90 Unloading class 0x000002be3918c800 'java/lang/invoke/LambdaForm$MH+0x000002be3918c800'
Event: 3.505 Thread 0x000002be20ab2c90 Unloading class 0x000002be3918c400 'java/lang/invoke/LambdaForm$MH+0x000002be3918c400'
Event: 3.505 Thread 0x000002be20ab2c90 Unloading class 0x000002be3918c000 'java/lang/invoke/LambdaForm$MH+0x000002be3918c000'
Event: 3.505 Thread 0x000002be20ab2c90 Unloading class 0x000002be3918bc00 'java/lang/invoke/LambdaForm$BMH+0x000002be3918bc00'
Event: 3.505 Thread 0x000002be20ab2c90 Unloading class 0x000002be3918b800 'java/lang/invoke/LambdaForm$DMH+0x000002be3918b800'
Event: 3.505 Thread 0x000002be20ab2c90 Unloading class 0x000002be3918a400 'java/lang/invoke/LambdaForm$DMH+0x000002be3918a400'

Classes redefined (0 events):
No events

Internal exceptions (20 events):
Event: 4.046 Thread 0x000002be20b1b7f0 Exception <a 'java/lang/IncompatibleClassChangeError'{0x00000000d6167f50}: Found class java.lang.Object, but interface was expected> (0x00000000d6167f50) 
thrown [s\src\hotspot\share\interpreter\linkResolver.cpp, line 840]
Event: 4.078 Thread 0x000002be20b1b7f0 Exception <a 'java/lang/NoSuchMethodError'{0x00000000d63d9528}: 'java.lang.Object java.lang.invoke.DirectMethodHandle$Holder.invokeStatic(java.lang.Object, int, java.lang.Object)'> (0x00000000d63d9528) 
thrown [s\src\hotspot\share\interpreter\linkResolver.cpp, line 773]
Event: 4.128 Thread 0x000002be01dea180 Exception <a 'java/lang/NoSuchMethodError'{0x00000000d6a7ac48}: 'java.lang.Object java.lang.invoke.DirectMethodHandle$Holder.invokeInterface(java.lang.Object, java.lang.Object, java.lang.Object)'> (0x00000000d6a7ac48) 
thrown [s\src\hotspot\share\interpreter\linkResolver.cpp, line 773]
Event: 4.141 Thread 0x000002be01dea180 Exception <a 'java/io/FileNotFoundException'{0x00000000d6b16720}> (0x00000000d6b16720) 
thrown [s\src\hotspot\share\prims\jni.cpp, line 520]
Event: 4.163 Thread 0x000002be01dea180 Exception <a 'sun/nio/fs/WindowsException'{0x00000000d59ec9f8}> (0x00000000d59ec9f8) 
thrown [s\src\hotspot\share\prims\jni.cpp, line 520]
Event: 4.189 Thread 0x000002be01dea180 Exception <a 'java/lang/IncompatibleClassChangeError'{0x00000000d5c97610}: Found class java.lang.Object, but interface was expected> (0x00000000d5c97610) 
thrown [s\src\hotspot\share\interpreter\linkResolver.cpp, line 840]
Event: 4.240 Thread 0x000002be01dea180 Implicit null exception at 0x000002be2b957577 to 0x000002be2b9577e8
Event: 4.240 Thread 0x000002be01dea180 Exception <a 'java/lang/NoSuchMethodError'{0x00000000d5ffbc08}: 'long java.lang.invoke.DirectMethodHandle$Holder.invokeStatic(java.lang.Object, java.lang.Object, int)'> (0x00000000d5ffbc08) 
thrown [s\src\hotspot\share\interpreter\linkResolver.cpp, line 773]
Event: 4.240 Thread 0x000002be01dea180 Exception <a 'java/lang/NoSuchMethodError'{0x00000000d6006208}: 'java.lang.Object java.lang.invoke.DelegatingMethodHandle$Holder.reinvoke_L(java.lang.Object, int, long, java.lang.Object, java.lang.Object, int, java.lang.Object)'> (0x00000000d6006208) 
thrown [s\src\hotspot\share\interpreter\linkResolver.cpp, line 773]
Event: 4.305 Thread 0x000002be01dea180 Exception <a 'java/lang/NoSuchMethodError'{0x00000000d65b6448}: 'java.lang.Object java.lang.invoke.DirectMethodHandle$Holder.invokeStaticInit(java.lang.Object, java.lang.Object, java.lang.Object, java.lang.Object, java.lang.Object, java.lang.Object, java.lang.Object)'> (0x00000000d65b6448) 
thrown [s\src\hotspot\share\interpreter\linkResolver.cpp, line 773]
Event: 4.306 Thread 0x000002be01dea180 Exception <a 'java/lang/NoSuchMethodError'{0x00000000d65bb640}: 'java.lang.Object java.lang.invoke.Invokers$Holder.invoke_MT(java.lang.Object, java.lang.Object, java.lang.Object, java.lang.Object, java.lang.Object, java.lang.Object, java.lang.Object, java.lang.Object, java.lang.Object, java.lang.Object)'> (0x00000000d65bb640) 
thrown [s\src\hotspot\share\interpreter\linkResolver.cpp, line 773]
Event: 4.309 Thread 0x000002be01dea180 Exception <a 'java/lang/NoSuchMethodError'{0x00000000d65fbae8}: 'int java.lang.invoke.DirectMethodHandle$Holder.invokeVirtual(java.lang.Object, java.lang.Object, java.lang.Object)'> (0x00000000d65fbae8) 
thrown [s\src\hotspot\share\interpreter\linkResolver.cpp, line 773]
Event: 4.309 Thread 0x000002be01dea180 Exception <a 'java/lang/NoSuchMethodError'{0x00000000d65ffe90}: 'int java.lang.invoke.DirectMethodHandle$Holder.invokeStaticInit(java.lang.Object, int, int)'> (0x00000000d65ffe90) 
thrown [s\src\hotspot\share\interpreter\linkResolver.cpp, line 773]
Event: 4.309 Thread 0x000002be01dea180 Exception <a 'java/lang/NoSuchMethodError'{0x00000000d6607638}: 'int java.lang.invoke.DirectMethodHandle$Holder.invokeStaticInit(java.lang.Object, long, long)'> (0x00000000d6607638) 
thrown [s\src\hotspot\share\interpreter\linkResolver.cpp, line 773]
Event: 4.309 Thread 0x000002be01dea180 Exception <a 'java/lang/NoSuchMethodError'{0x00000000d660e718}: 'int java.lang.invoke.DirectMethodHandle$Holder.invokeStaticInit(java.lang.Object, float, float)'> (0x00000000d660e718) 
thrown [s\src\hotspot\share\interpreter\linkResolver.cpp, line 773]
Event: 4.309 Thread 0x000002be01dea180 Exception <a 'java/lang/NoSuchMethodError'{0x00000000d6615458}: 'int java.lang.invoke.DirectMethodHandle$Holder.invokeStaticInit(java.lang.Object, double, double)'> (0x00000000d6615458) 
thrown [s\src\hotspot\share\interpreter\linkResolver.cpp, line 773]
Event: 4.310 Thread 0x000002be01dea180 Exception <a 'java/lang/NoSuchMethodError'{0x00000000d6619c70}: 'int java.lang.invoke.DirectMethodHandle$Holder.invokeStatic(java.lang.Object, long)'> (0x00000000d6619c70) 
thrown [s\src\hotspot\share\interpreter\linkResolver.cpp, line 773]
Event: 4.311 Thread 0x000002be01dea180 Exception <a 'java/lang/NoSuchMethodError'{0x00000000d6638eb8}: 'int java.lang.invoke.Invokers$Holder.linkToTargetMethod(java.lang.Object, java.lang.Object)'> (0x00000000d6638eb8) 
thrown [s\src\hotspot\share\interpreter\linkResolver.cpp, line 773]
Event: 4.591 Thread 0x000002be01dea180 Exception <a 'java/lang/NoSuchMethodError'{0x00000000d5a933d0}: 'int java.lang.invoke.Invokers$Holder.invokeExact_MT(java.lang.Object, java.lang.Object)'> (0x00000000d5a933d0) 
thrown [s\src\hotspot\share\interpreter\linkResolver.cpp, line 773]
Event: 7.018 Thread 0x000002be01dea180 Implicit null exception at 0x000002be2ba68f1d to 0x000002be2ba69a1c

ZGC Phase Switch (0 events):
No events

VM Operations (20 events):
Event: 4.480 Executing VM operation: ParallelGCFailedAllocation (Allocation Failure)
Event: 4.483 Executing VM operation: ParallelGCFailedAllocation (Allocation Failure) done
Event: 4.535 Executing VM operation: ParallelGCFailedAllocation (Allocation Failure)
Event: 4.538 Executing VM operation: ParallelGCFailedAllocation (Allocation Failure) done
Event: 4.569 Executing VM operation: HandshakeAllThreads (Deoptimize)
Event: 4.569 Executing VM operation: HandshakeAllThreads (Deoptimize) done
Event: 4.582 Executing VM operation: HandshakeAllThreads (Deoptimize)
Event: 4.582 Executing VM operation: HandshakeAllThreads (Deoptimize) done
Event: 5.583 Executing VM operation: Cleanup
Event: 5.710 Executing VM operation: Cleanup done
Event: 5.823 Executing VM operation: ParallelGCFailedAllocation (Allocation Failure)
Event: 6.842 Executing VM operation: ParallelGCFailedAllocation (Allocation Failure) done
Event: 6.923 Executing VM operation: CollectForMetadataAllocation (Metadata GC Threshold)
Event: 6.958 Executing VM operation: CollectForMetadataAllocation (Metadata GC Threshold) done
Event: 7.088 Executing VM operation: ParallelGCFailedAllocation (Allocation Failure)
Event: 7.090 Executing VM operation: ParallelGCFailedAllocation (Allocation Failure) done
Event: 7.122 Executing VM operation: ParallelGCFailedAllocation (Allocation Failure)
Event: 7.123 Executing VM operation: ParallelGCFailedAllocation (Allocation Failure) done
Event: 8.135 Executing VM operation: Cleanup
Event: 8.221 Executing VM operation: Cleanup done

Memory protections (0 events):
No events

Nmethod flushes (20 events):
Event: 6.940 Thread 0x000002be20ab2c90 flushing  nmethod 0x000002be24034790
Event: 6.940 Thread 0x000002be20ab2c90 flushing  nmethod 0x000002be2404d410
Event: 6.940 Thread 0x000002be20ab2c90 flushing  nmethod 0x000002be24050190
Event: 6.940 Thread 0x000002be20ab2c90 flushing  nmethod 0x000002be240be890
Event: 6.940 Thread 0x000002be20ab2c90 flushing  nmethod 0x000002be2410ad10
Event: 6.940 Thread 0x000002be20ab2c90 flushing  nmethod 0x000002be2410b490
Event: 6.940 Thread 0x000002be20ab2c90 flushing  nmethod 0x000002be2410eb90
Event: 6.940 Thread 0x000002be20ab2c90 flushing  nmethod 0x000002be24147790
Event: 6.940 Thread 0x000002be20ab2c90 flushing  nmethod 0x000002be24148190
Event: 6.940 Thread 0x000002be20ab2c90 flushing  nmethod 0x000002be2414cb10
Event: 6.940 Thread 0x000002be20ab2c90 flushing  nmethod 0x000002be24191010
Event: 6.940 Thread 0x000002be20ab2c90 flushing  nmethod 0x000002be241c3810
Event: 6.940 Thread 0x000002be20ab2c90 flushing  nmethod 0x000002be241c4090
Event: 6.940 Thread 0x000002be20ab2c90 flushing  nmethod 0x000002be241c4490
Event: 6.940 Thread 0x000002be20ab2c90 flushing  nmethod 0x000002be241c5790
Event: 6.940 Thread 0x000002be20ab2c90 flushing  nmethod 0x000002be241ce010
Event: 6.940 Thread 0x000002be20ab2c90 flushing  nmethod 0x000002be241dba10
Event: 6.940 Thread 0x000002be20ab2c90 flushing  nmethod 0x000002be241de590
Event: 6.940 Thread 0x000002be20ab2c90 flushing  nmethod 0x000002be241e0f90
Event: 6.940 Thread 0x000002be20ab2c90 flushing  nmethod 0x000002be241eb610

Events (20 events):
Event: 3.892 Thread 0x000002be20b1b7f0 Thread added: 0x000002be0035dc00
Event: 3.892 Thread 0x000002be20b1b7f0 Thread added: 0x000002be0035f640
Event: 3.893 Thread 0x000002be20b1b7f0 Thread added: 0x000002be0035c1c0
Event: 3.893 Thread 0x000002be20b1b7f0 Thread added: 0x000002be0035fcd0
Event: 3.893 Thread 0x000002be20b1b7f0 Thread added: 0x000002be0035c850
Event: 3.893 Thread 0x000002be20b1b7f0 Thread added: 0x000002be00363150
Event: 3.893 Thread 0x000002be20b1b7f0 Thread added: 0x000002be00362430
Event: 3.893 Thread 0x000002be20b1b7f0 Thread added: 0x000002be00361da0
Event: 3.893 Thread 0x000002be20b1b7f0 Thread added: 0x000002be00361710
Event: 3.893 Thread 0x000002be20b1b7f0 Thread added: 0x000002be003609f0
Event: 3.893 Thread 0x000002be20b1b7f0 Thread added: 0x000002be00362ac0
Event: 3.893 Thread 0x000002be20b1b7f0 Thread added: 0x000002be00360360
Event: 3.905 Thread 0x000002be20b1b7f0 Thread added: 0x000002be00361080
Event: 4.017 Thread 0x000002be0035e290 Thread added: 0x000002be01de9af0
Event: 4.055 Thread 0x000002be20b1b7f0 Thread added: 0x000002be01deaea0
Event: 4.055 Thread 0x000002be20b1b7f0 Thread added: 0x000002be01dea180
Event: 6.842 Thread 0x000002be00a65150 Thread exited: 0x000002be00a65150
Event: 6.842 Thread 0x000002be00754cd0 Thread exited: 0x000002be00754cd0
Event: 7.086 Thread 0x000002be7a491d50 Thread added: 0x000002be7f44ab70
Event: 7.095 Thread 0x000002be7a491d50 Thread added: 0x000002be001b1e70


Dynamic libraries:
0x00007ff66a1c0000 - 0x00007ff66a1ce000 	c:\Users\alumne-DAM\.vscode\extensions\redhat.java-1.47.0-win32-x64\jre\21.0.8-win32-x86_64\bin\java.exe
0x00007ffa6b680000 - 0x00007ffa6b8e8000 	C:\WINDOWS\SYSTEM32\ntdll.dll
0x00007ffa6a0c0000 - 0x00007ffa6a189000 	C:\WINDOWS\System32\KERNEL32.DLL
0x00007ffa68f30000 - 0x00007ffa69328000 	C:\WINDOWS\System32\KERNELBASE.dll
0x00007ffa68d30000 - 0x00007ffa68e7b000 	C:\WINDOWS\System32\ucrtbase.dll
0x00007ffa532e0000 - 0x00007ffa532fe000 	c:\Users\alumne-DAM\.vscode\extensions\redhat.java-1.47.0-win32-x64\jre\21.0.8-win32-x86_64\bin\VCRUNTIME140.dll
0x00007ffa54b50000 - 0x00007ffa54b68000 	c:\Users\alumne-DAM\.vscode\extensions\redhat.java-1.47.0-win32-x64\jre\21.0.8-win32-x86_64\bin\jli.dll
0x00007ffa69420000 - 0x00007ffa695e7000 	C:\WINDOWS\System32\USER32.dll
0x00007ffa55f90000 - 0x00007ffa56224000 	C:\WINDOWS\WinSxS\amd64_microsoft.windows.common-controls_6595b64144ccf1df_6.0.26100.7019_none_3e06ffa0e335b8a8\COMCTL32.dll
0x00007ffa69330000 - 0x00007ffa69357000 	C:\WINDOWS\System32\win32u.dll
0x00007ffa69ba0000 - 0x00007ffa69c49000 	C:\WINDOWS\System32\msvcrt.dll
0x00007ffa6a3e0000 - 0x00007ffa6a40b000 	C:\WINDOWS\System32\GDI32.dll
0x00007ffa68a90000 - 0x00007ffa68bbc000 	C:\WINDOWS\System32\gdi32full.dll
0x00007ffa68e80000 - 0x00007ffa68f23000 	C:\WINDOWS\System32\msvcp_win.dll
0x00007ffa6ade0000 - 0x00007ffa6ae11000 	C:\WINDOWS\System32\IMM32.DLL
0x00007ffa589f0000 - 0x00007ffa589fc000 	c:\Users\alumne-DAM\.vscode\extensions\redhat.java-1.47.0-win32-x64\jre\21.0.8-win32-x86_64\bin\vcruntime140_1.dll
0x00007ffa47f00000 - 0x00007ffa47f8d000 	c:\Users\alumne-DAM\.vscode\extensions\redhat.java-1.47.0-win32-x64\jre\21.0.8-win32-x86_64\bin\msvcp140.dll
0x00007ffa0a060000 - 0x00007ffa0adf7000 	c:\Users\alumne-DAM\.vscode\extensions\redhat.java-1.47.0-win32-x64\jre\21.0.8-win32-x86_64\bin\server\jvm.dll
0x00007ffa6acf0000 - 0x00007ffa6ada4000 	C:\WINDOWS\System32\ADVAPI32.dll
0x00007ffa6ab70000 - 0x00007ffa6ac16000 	C:\WINDOWS\System32\sechost.dll
0x00007ffa695f0000 - 0x00007ffa69708000 	C:\WINDOWS\System32\RPCRT4.dll
0x00007ffa69cd0000 - 0x00007ffa69d44000 	C:\WINDOWS\System32\WS2_32.dll
0x00007ffa68650000 - 0x00007ffa686ae000 	C:\WINDOWS\SYSTEM32\POWRPROF.dll
0x00007ffa56b40000 - 0x00007ffa56b75000 	C:\WINDOWS\SYSTEM32\WINMM.dll
0x00007ffa63130000 - 0x00007ffa6313b000 	C:\WINDOWS\SYSTEM32\VERSION.dll
0x00007ffa68630000 - 0x00007ffa68644000 	C:\WINDOWS\SYSTEM32\UMPDC.dll
0x00007ffa67550000 - 0x00007ffa6756b000 	C:\WINDOWS\SYSTEM32\kernel.appcore.dll
0x00007ffa58910000 - 0x00007ffa5891a000 	c:\Users\alumne-DAM\.vscode\extensions\redhat.java-1.47.0-win32-x64\jre\21.0.8-win32-x86_64\bin\jimage.dll
0x00007ffa578e0000 - 0x00007ffa57b22000 	C:\WINDOWS\SYSTEM32\DBGHELP.DLL
0x00007ffa6b2b0000 - 0x00007ffa6b63b000 	C:\WINDOWS\System32\combase.dll
0x00007ffa6a190000 - 0x00007ffa6a267000 	C:\WINDOWS\System32\OLEAUT32.dll
0x00007ffa52780000 - 0x00007ffa527bc000 	C:\WINDOWS\SYSTEM32\dbgcore.DLL
0x00007ffa687d0000 - 0x00007ffa68875000 	C:\WINDOWS\System32\bcryptPrimitives.dll
0x00007ffa53290000 - 0x00007ffa5329f000 	c:\Users\alumne-DAM\.vscode\extensions\redhat.java-1.47.0-win32-x64\jre\21.0.8-win32-x86_64\bin\instrument.dll
0x00007ffa53170000 - 0x00007ffa5318f000 	c:\Users\alumne-DAM\.vscode\extensions\redhat.java-1.47.0-win32-x64\jre\21.0.8-win32-x86_64\bin\java.dll
0x00007ffa6a410000 - 0x00007ffa6ab5f000 	C:\WINDOWS\System32\SHELL32.dll
0x00007ffa68bc0000 - 0x00007ffa68d2b000 	C:\WINDOWS\System32\wintypes.dll
0x00007ffa663d0000 - 0x00007ffa66c2d000 	C:\WINDOWS\SYSTEM32\windows.storage.dll
0x00007ffa6afd0000 - 0x00007ffa6b0c2000 	C:\WINDOWS\System32\SHCORE.dll
0x00007ffa6ac20000 - 0x00007ffa6ac87000 	C:\WINDOWS\System32\shlwapi.dll
0x00007ffa686c0000 - 0x00007ffa686e9000 	C:\WINDOWS\SYSTEM32\profapi.dll
0x00007ffa530a0000 - 0x00007ffa530b8000 	c:\Users\alumne-DAM\.vscode\extensions\redhat.java-1.47.0-win32-x64\jre\21.0.8-win32-x86_64\bin\zip.dll
0x00007ffa53280000 - 0x00007ffa53290000 	C:\Users\alumne-DAM\.vscode\extensions\redhat.java-1.47.0-win32-x64\jre\21.0.8-win32-x86_64\bin\net.dll
0x00007ffa62740000 - 0x00007ffa62868000 	C:\WINDOWS\SYSTEM32\WINHTTP.dll
0x00007ffa67aa0000 - 0x00007ffa67b0b000 	C:\WINDOWS\system32\mswsock.dll
0x00007ffa52070000 - 0x00007ffa52086000 	C:\Users\alumne-DAM\.vscode\extensions\redhat.java-1.47.0-win32-x64\jre\21.0.8-win32-x86_64\bin\nio.dll
0x00007ffa52fc0000 - 0x00007ffa52fd0000 	c:\Users\alumne-DAM\.vscode\extensions\redhat.java-1.47.0-win32-x64\jre\21.0.8-win32-x86_64\bin\verify.dll
0x00007ffa485a0000 - 0x00007ffa485e4000 	C:\Users\alumne-DAM\AppData\Roaming\Code\User\globalStorage\redhat.java\1.47.0\config_ss_win\org.eclipse.equinox.launcher\org.eclipse.equinox.launcher.win32.win32.x86_64_1.2.1400.v20250801-0854\eclipse_11916.dll
0x00007ffa6ae20000 - 0x00007ffa6afb7000 	C:\WINDOWS\System32\ole32.dll
0x00007ffa67e90000 - 0x00007ffa67eab000 	C:\WINDOWS\SYSTEM32\CRYPTSP.dll
0x00007ffa674b0000 - 0x00007ffa674ea000 	C:\WINDOWS\system32\rsaenh.dll
0x00007ffa67b50000 - 0x00007ffa67b7b000 	C:\WINDOWS\SYSTEM32\USERENV.dll
0x00007ffa686f0000 - 0x00007ffa6871a000 	C:\WINDOWS\SYSTEM32\bcrypt.dll
0x00007ffa67cf0000 - 0x00007ffa67cfc000 	C:\WINDOWS\SYSTEM32\CRYPTBASE.dll
0x00007ffa66f40000 - 0x00007ffa66f74000 	C:\WINDOWS\SYSTEM32\IPHLPAPI.DLL
0x00007ffa6afc0000 - 0x00007ffa6afca000 	C:\WINDOWS\System32\NSI.dll
0x00007ffa484a0000 - 0x00007ffa484e9000 	C:\Users\alumne-DAM\AppData\Local\Temp\jna--570604515\jna14102808301076718254.dll
0x00007ffa69db0000 - 0x00007ffa69db8000 	C:\WINDOWS\System32\PSAPI.DLL
0x00007ffa628f0000 - 0x00007ffa6290e000 	C:\WINDOWS\SYSTEM32\dhcpcsvc6.DLL
0x00007ffa62660000 - 0x00007ffa62683000 	C:\WINDOWS\SYSTEM32\dhcpcsvc.DLL

JVMTI agents:
c:\Users\alumne-DAM\.vscode\extensions\redhat.java-1.47.0-win32-x64\lombok\lombok-1.18.39-4050.jar path:c:\Users\alumne-DAM\.vscode\extensions\redhat.java-1.47.0-win32-x64\jre\21.0.8-win32-x86_64\bin\instrument.dll, loaded, initialized, instrumentlib options:none

dbghelp: loaded successfully - version: 4.0.5 - missing functions: none
symbol engine: initialized successfully - sym options: 0x614 - pdb path: .;c:\Users\alumne-DAM\.vscode\extensions\redhat.java-1.47.0-win32-x64\jre\21.0.8-win32-x86_64\bin;C:\WINDOWS\SYSTEM32;C:\WINDOWS\WinSxS\amd64_microsoft.windows.common-controls_6595b64144ccf1df_6.0.26100.7019_none_3e06ffa0e335b8a8;c:\Users\alumne-DAM\.vscode\extensions\redhat.java-1.47.0-win32-x64\jre\21.0.8-win32-x86_64\bin\server;C:\Users\alumne-DAM\AppData\Roaming\Code\User\globalStorage\redhat.java\1.47.0\config_ss_win\org.eclipse.equinox.launcher\org.eclipse.equinox.launcher.win32.win32.x86_64_1.2.1400.v20250801-0854;C:\Users\alumne-DAM\AppData\Local\Temp\jna--570604515

VM Arguments:
jvm_args: --add-modules=ALL-SYSTEM --add-opens=java.base/java.util=ALL-UNNAMED --add-opens=java.base/java.lang=ALL-UNNAMED --add-opens=java.base/sun.nio.fs=ALL-UNNAMED -Declipse.application=org.eclipse.jdt.ls.core.id1 -Dosgi.bundles.defaultStartLevel=4 -Declipse.product=org.eclipse.jdt.ls.core.product -Djava.import.generatesMetadataFilesAtProjectRoot=false -DDetectVMInstallationsJob.disabled=true -Dfile.encoding=utf8 -XX:+UseParallelGC -XX:GCTimeRatio=4 -XX:AdaptiveSizePolicyWeight=90 -Dsun.zip.disableMemoryMapping=true -Xmx2G -Xms100m -Xlog:disable -javaagent:c:\Users\alumne-DAM\.vscode\extensions\redhat.java-1.47.0-win32-x64\lombok\lombok-1.18.39-4050.jar 
java_command: c:\Users\alumne-DAM\.vscode\extensions\redhat.java-1.47.0-win32-x64\server\plugins\org.eclipse.equinox.launcher_1.7.100.v20251014-1222.jar -configuration c:\Users\alumne-DAM\AppData\Roaming\Code\User\globalStorage\redhat.java\1.47.0\config_ss_win -data c:\Users\alumne-DAM\AppData\Roaming\Code\User\workspaceStorage\95982590b5998cb2e63a2bc088d5e119\redhat.java\ss_ws --pipe=\\.\pipe\lsp-36b3991dcc7a566abe0a47ed718c40bb-sock
java_class_path (initial): c:\Users\alumne-DAM\.vscode\extensions\redhat.java-1.47.0-win32-x64\server\plugins\org.eclipse.equinox.launcher_1.7.100.v20251014-1222.jar
Launcher Type: SUN_STANDARD

[Global flags]
    uintx AdaptiveSizePolicyWeight                 = 90                                        {product} {command line}
     intx CICompilerCount                          = 4                                         {product} {ergonomic}
    uintx GCTimeRatio                              = 4                                         {product} {command line}
   size_t InitialHeapSize                          = 104857600                                 {product} {command line}
   size_t MaxHeapSize                              = 2147483648                                {product} {command line}
   size_t MaxNewSize                               = 715653120                                 {product} {ergonomic}
   size_t MinHeapDeltaBytes                        = 524288                                    {product} {ergonomic}
   size_t MinHeapSize                              = 104857600                                 {product} {command line}
   size_t NewSize                                  = 34603008                                  {product} {ergonomic}
    uintx NonNMethodCodeHeapSize                   = 5839372                                {pd product} {ergonomic}
    uintx NonProfiledCodeHeapSize                  = 122909434                              {pd product} {ergonomic}
   size_t OldSize                                  = 70254592                                  {product} {ergonomic}
    uintx ProfiledCodeHeapSize                     = 122909434                              {pd product} {ergonomic}
    uintx ReservedCodeCacheSize                    = 251658240                              {pd product} {ergonomic}
     bool SegmentedCodeCache                       = true                                      {product} {ergonomic}
   size_t SoftMaxHeapSize                          = 2147483648                             {manageable} {ergonomic}
     bool UseCompressedOops                        = true                           {product lp64_product} {ergonomic}
     bool UseLargePagesIndividualAllocation        = false                                  {pd product} {ergonomic}
     bool UseParallelGC                            = true                                      {product} {command line}

Logging:
Log output configuration:
 #0: stdout all=off uptime,level,tags foldmultilines=false
 #1: stderr all=off uptime,level,tags foldmultilines=false

Environment Variables:
JAVA_HOME=C:\Program Files\Eclipse Adoptium\jdk-17.0.16.8-hotspot\
PATH=C:\Program Files\Common Files\Oracle\Java\javapath;C:\Program Files\Eclipse Adoptium\jdk-17.0.16.8-hotspot\bin;C:\WINDOWS\system32;C:\WINDOWS;C:\WINDOWS\System32\Wbem;C:\WINDOWS\System32\WindowsPowerShell\v1.0\;C:\WINDOWS\System32\OpenSSH\;C:\Program Files\dotnet\;C:\Users\alumne-DAM\AppData\Local\Muse Hub\lib;;C:\Program Files\Docker\Docker\resources\bin;C:\Users\alumne-DAM\AppData\Local\Microsoft\WindowsApps;C:\Users\alumne-DAM\AppData\Local\Programs\Microsoft VS Code\bin;C:\Users\alumne-DAM\AppData\Local\Programs\Git\cmd;
USERNAME=alumne-DAM
OS=Windows_NT
PROCESSOR_IDENTIFIER=Intel64 Family 6 Model 167 Stepping 1, GenuineIntel
TMP=C:\Users\ALUMNE~1\AppData\Local\Temp
TEMP=C:\Users\ALUMNE~1\AppData\Local\Temp




Periodic native trim disabled

---------------  S Y S T E M  ---------------

OS:
 Windows 11 , 64 bit Build 26100 (10.0.26100.7019)
OS uptime: 0 days 3:24 hours
Hyper-V role detected

CPU: total 12 (initial active 12) (6 cores per cpu, 2 threads per core) family 6 model 167 stepping 1 microcode 0x40, cx8, cmov, fxsr, ht, mmx, 3dnowpref, sse, sse2, sse3, ssse3, sse4.1, sse4.2, popcnt, lzcnt, tsc, tscinvbit, avx, avx2, aes, erms, clmul, bmi1, bmi2, adx, avx512f, avx512dq, avx512cd, avx512bw, avx512vl, sha, fma, vzeroupper, avx512_vpopcntdq, avx512_vpclmulqdq, avx512_vaes, avx512_vnni, clflush, clflushopt, avx512_vbmi2, avx512_vbmi, hv, rdtscp, rdpid, fsrm, gfni, avx512_bitalg, f16c, avx512_ifma
Processor Information for the first 12 processors :
  Max Mhz: 2592, Current Mhz: 2592, Mhz Limit: 2592

Memory: 4k page, system-wide physical 16181M (6198M free)
TotalPageFile size 65333M (AvailPageFile size 7M)
current process WorkingSet (physical memory assigned to process): 218M, peak: 218M
current process commit charge ("private bytes"): 333M, peak: 334M

vm_info: OpenJDK 64-Bit Server VM (21.0.8+9-LTS) for windows-amd64 JRE (21.0.8+9-LTS), built on 2025-07-15T00:00:00Z by "admin" with MS VC++ 17.7 (VS2022)

END.
