#
# There is insufficient memory for the Java Runtime Environment to continue.
# Native memory allocation (malloc) failed to allocate 2852272 bytes. Error detail: Chunk::new
# Possible reasons:
#   The system is out of physical RAM or swap space
#   This process is running with CompressedOops enabled, and the Java Heap may be blocking the growth of the native heap
# Possible solutions:
#   Reduce memory load on the system
#   Increase physical memory or swap space
#   Check if swap backing store is full
#   Decrease Java heap size (-Xmx/-Xms)
#   Decrease number of Java threads
#   Decrease Java thread stack sizes (-Xss)
#   Set larger code cache with -XX:ReservedCodeCacheSize=
#   JVM is running with Unscaled Compressed Oops mode in which the Java heap is
#     placed in the first 4GB address space. The Java Heap base address is the
#     maximum limit for the native heap growth. Please use -XX:HeapBaseMinAddress
#     to set the Java Heap base and to place the Java Heap above 4GB virtual address.
# This output file may be truncated or incomplete.
#
#  Out of Memory Error (arena.cpp:168), pid=8716, tid=18028
#
# JRE version: OpenJDK Runtime Environment Temurin-21.0.8+9 (21.0.8+9) (build 21.0.8+9-LTS)
# Java VM: OpenJDK 64-Bit Server VM Temurin-21.0.8+9 (21.0.8+9-LTS, mixed mode, sharing, tiered, compressed oops, compressed class ptrs, parallel gc, windows-amd64)
# No core dump will be written. Minidumps are not enabled by default on client versions of Windows
#

---------------  S U M M A R Y ------------

Command Line: --add-modules=ALL-SYSTEM --add-opens=java.base/java.util=ALL-UNNAMED --add-opens=java.base/java.lang=ALL-UNNAMED --add-opens=java.base/sun.nio.fs=ALL-UNNAMED -Declipse.application=org.eclipse.jdt.ls.core.id1 -Dosgi.bundles.defaultStartLevel=4 -Declipse.product=org.eclipse.jdt.ls.core.product -Djava.import.generatesMetadataFilesAtProjectRoot=false -DDetectVMInstallationsJob.disabled=true -Dfile.encoding=utf8 -XX:+UseParallelGC -XX:GCTimeRatio=4 -XX:AdaptiveSizePolicyWeight=90 -Dsun.zip.disableMemoryMapping=true -Xmx2G -Xms100m -Xlog:disable -javaagent:c:\Users\alumne-DAM\.vscode\extensions\redhat.java-1.47.0-win32-x64\lombok\lombok-1.18.39-4050.jar c:\Users\alumne-DAM\.vscode\extensions\redhat.java-1.47.0-win32-x64\server\plugins\org.eclipse.equinox.launcher_1.7.100.v20251014-1222.jar -configuration c:\Users\alumne-DAM\AppData\Roaming\Code\User\globalStorage\redhat.java\1.47.0\config_ss_win -data c:\Users\alumne-DAM\AppData\Roaming\Code\User\workspaceStorage\95982590b5998cb2e63a2bc088d5e119\redhat.java\ss_ws --pipe=\\.\pipe\lsp-6e9b122bdc713174e003a636486f57f7-sock

Host: 11th Gen Intel(R) Core(TM) i5-11400 @ 2.60GHz, 12 cores, 15G,  Windows 11 , 64 bit Build 26100 (10.0.26100.7019)
Time: Tue Nov 18 18:17:19 2025 Hora estándar romance elapsed time: 7.906429 seconds (0d 0h 0m 7s)

---------------  T H R E A D  ---------------

Current thread (0x000001e05f276cc0):  JavaThread "C2 CompilerThread2" daemon [_thread_in_native, id=18028, stack(0x0000001a7a500000,0x0000001a7a600000) (1024K)]


Current CompileTask:
C2:7906 5005 %     4       org.lombokweb.asm.ClassReader::readCode @ 1738 (5117 bytes)

Stack: [0x0000001a7a500000,0x0000001a7a600000]
Native frames: (J=compiled Java code, j=interpreted, Vv=VM code, C=native code)
V  [jvm.dll+0x6d2449]
V  [jvm.dll+0x8ae341]
V  [jvm.dll+0x8b08be]
V  [jvm.dll+0x8b0fa3]
V  [jvm.dll+0x280c96]
V  [jvm.dll+0xc581d]
V  [jvm.dll+0xc5d53]
V  [jvm.dll+0x3b919c]
V  [jvm.dll+0x1e1409]
V  [jvm.dll+0x249022]
V  [jvm.dll+0x2484af]
V  [jvm.dll+0x1c89ee]
V  [jvm.dll+0x257d4d]
V  [jvm.dll+0x2562ea]
V  [jvm.dll+0x3f2d16]
V  [jvm.dll+0x857e6b]
V  [jvm.dll+0x6d0b0d]
C  [ucrtbase.dll+0x37b0]
C  [KERNEL32.DLL+0x2e8d7]
C  [ntdll.dll+0x8c53c]


---------------  P R O C E S S  ---------------

Threads class SMR info:
_java_thread_list=0x000001e05ec02060, length=41, elements={
0x000001e07dc77510, 0x000001e059ab44b0, 0x000001e059ab53c0, 0x000001e059ab7a60,
0x000001e059abac00, 0x000001e059abb650, 0x000001e059abef00, 0x000001e059ad0e70,
0x000001e059ad49e0, 0x000001e059b96c60, 0x000001e059d03c30, 0x000001e059d84f40,
0x000001e05eda7040, 0x000001e05e70f630, 0x000001e05eb56380, 0x000001e05e9e9990,
0x000001e05eea3e80, 0x000001e05e0064b0, 0x000001e05eb12a40, 0x000001e05ec0e830,
0x000001e05f0a52c0, 0x000001e05f276cc0, 0x000001e05f0a4c30, 0x000001e05f0a2b60,
0x000001e05f0a45a0, 0x000001e05f0a31f0, 0x000001e05f0a3880, 0x000001e05f0a3f10,
0x000001e05f0a24d0, 0x000001e05f0a1e40, 0x000001e0614755f0, 0x000001e061476310,
0x000001e061473520, 0x000001e061472e90, 0x000001e061475c80, 0x000001e061474240,
0x000001e0614769a0, 0x000001e061477030, 0x000001e0614748d0, 0x000001e061474f60,
0x000001e061473bb0
}

Java Threads: ( => current thread )
  0x000001e07dc77510 JavaThread "main"                              [_thread_blocked, id=9344, stack(0x0000001a78300000,0x0000001a78400000) (1024K)]
  0x000001e059ab44b0 JavaThread "Reference Handler"          daemon [_thread_blocked, id=16688, stack(0x0000001a78700000,0x0000001a78800000) (1024K)]
  0x000001e059ab53c0 JavaThread "Finalizer"                  daemon [_thread_blocked, id=9064, stack(0x0000001a78800000,0x0000001a78900000) (1024K)]
  0x000001e059ab7a60 JavaThread "Signal Dispatcher"          daemon [_thread_blocked, id=1996, stack(0x0000001a78900000,0x0000001a78a00000) (1024K)]
  0x000001e059abac00 JavaThread "Attach Listener"            daemon [_thread_blocked, id=8856, stack(0x0000001a78a00000,0x0000001a78b00000) (1024K)]
  0x000001e059abb650 JavaThread "Service Thread"             daemon [_thread_blocked, id=9480, stack(0x0000001a78b00000,0x0000001a78c00000) (1024K)]
  0x000001e059abef00 JavaThread "Monitor Deflation Thread"   daemon [_thread_blocked, id=17852, stack(0x0000001a78c00000,0x0000001a78d00000) (1024K)]
  0x000001e059ad0e70 JavaThread "C2 CompilerThread0"         daemon [_thread_in_native, id=14088, stack(0x0000001a78d00000,0x0000001a78e00000) (1024K)]
  0x000001e059ad49e0 JavaThread "C1 CompilerThread0"         daemon [_thread_in_vm, id=10268, stack(0x0000001a78e00000,0x0000001a78f00000) (1024K)]
  0x000001e059b96c60 JavaThread "Common-Cleaner"             daemon [_thread_blocked, id=6260, stack(0x0000001a78f00000,0x0000001a79000000) (1024K)]
  0x000001e059d03c30 JavaThread "C2 CompilerThread1"         daemon [_thread_blocked, id=7796, stack(0x0000001a79000000,0x0000001a79100000) (1024K)]
  0x000001e059d84f40 JavaThread "Notification Thread"        daemon [_thread_blocked, id=5768, stack(0x0000001a79100000,0x0000001a79200000) (1024K)]
  0x000001e05eda7040 JavaThread "Active Thread: Equinox Container: df3e2d62-a069-4f0a-a786-304d378d7682"        [_thread_blocked, id=12852, stack(0x0000001a79900000,0x0000001a79a00000) (1024K)]
  0x000001e05e70f630 JavaThread "Framework Event Dispatcher: Equinox Container: df3e2d62-a069-4f0a-a786-304d378d7682" daemon [_thread_blocked, id=4964, stack(0x0000001a79a00000,0x0000001a79b00000) (1024K)]
  0x000001e05eb56380 JavaThread "Start Level: Equinox Container: df3e2d62-a069-4f0a-a786-304d378d7682" daemon [_thread_blocked, id=18912, stack(0x0000001a79b00000,0x0000001a79c00000) (1024K)]
  0x000001e05e9e9990 JavaThread "SCR Component Actor"        daemon [_thread_blocked, id=15108, stack(0x0000001a79d00000,0x0000001a79e00000) (1024K)]
  0x000001e05eea3e80 JavaThread "Worker-JM"                         [_thread_blocked, id=9188, stack(0x0000001a79e00000,0x0000001a79f00000) (1024K)]
  0x000001e05e0064b0 JavaThread "JNA Cleaner"                daemon [_thread_blocked, id=10008, stack(0x0000001a79200000,0x0000001a79300000) (1024K)]
  0x000001e05eb12a40 JavaThread "Worker-0"                          [_thread_blocked, id=11572, stack(0x0000001a7a100000,0x0000001a7a200000) (1024K)]
  0x000001e05ec0e830 JavaThread "Worker-1"                          [_thread_blocked, id=9196, stack(0x0000001a7a200000,0x0000001a7a300000) (1024K)]
  0x000001e05f0a52c0 JavaThread "Worker-2: Publish Diagnostics"        [_thread_in_native, id=15932, stack(0x0000001a7a300000,0x0000001a7a400000) (1024K)]
=>0x000001e05f276cc0 JavaThread "C2 CompilerThread2"         daemon [_thread_in_native, id=18028, stack(0x0000001a7a500000,0x0000001a7a600000) (1024K)]
  0x000001e05f0a4c30 JavaThread "Thread-1"                   daemon [_thread_in_native, id=10832, stack(0x0000001a7a800000,0x0000001a7a900000) (1024K)]
  0x000001e05f0a2b60 JavaThread "Thread-2"                   daemon [_thread_in_native, id=8548, stack(0x0000001a7a900000,0x0000001a7aa00000) (1024K)]
  0x000001e05f0a45a0 JavaThread "Thread-3"                   daemon [_thread_in_native, id=13996, stack(0x0000001a7aa00000,0x0000001a7ab00000) (1024K)]
  0x000001e05f0a31f0 JavaThread "Thread-4"                   daemon [_thread_in_native, id=3632, stack(0x0000001a7ab00000,0x0000001a7ac00000) (1024K)]
  0x000001e05f0a3880 JavaThread "Thread-5"                   daemon [_thread_in_native, id=7196, stack(0x0000001a7ac00000,0x0000001a7ad00000) (1024K)]
  0x000001e05f0a3f10 JavaThread "Thread-6"                   daemon [_thread_in_native, id=7156, stack(0x0000001a7ad00000,0x0000001a7ae00000) (1024K)]
  0x000001e05f0a24d0 JavaThread "Thread-7"                   daemon [_thread_in_native, id=4728, stack(0x0000001a7ae00000,0x0000001a7af00000) (1024K)]
  0x000001e05f0a1e40 JavaThread "Thread-8"                   daemon [_thread_in_native, id=12816, stack(0x0000001a7af00000,0x0000001a7b000000) (1024K)]
  0x000001e0614755f0 JavaThread "Thread-9"                   daemon [_thread_in_native, id=10540, stack(0x0000001a7b000000,0x0000001a7b100000) (1024K)]
  0x000001e061476310 JavaThread "Thread-10"                  daemon [_thread_in_native, id=18264, stack(0x0000001a7b100000,0x0000001a7b200000) (1024K)]
  0x000001e061473520 JavaThread "Thread-11"                  daemon [_thread_in_native, id=9948, stack(0x0000001a7b200000,0x0000001a7b300000) (1024K)]
  0x000001e061472e90 JavaThread "Thread-12"                  daemon [_thread_in_native, id=15764, stack(0x0000001a7b300000,0x0000001a7b400000) (1024K)]
  0x000001e061475c80 JavaThread "Thread-13"                  daemon [_thread_in_native, id=18904, stack(0x0000001a7b400000,0x0000001a7b500000) (1024K)]
  0x000001e061474240 JavaThread "pool-2-thread-1"                   [_thread_blocked, id=8312, stack(0x0000001a7b500000,0x0000001a7b600000) (1024K)]
  0x000001e0614769a0 JavaThread "WorkspaceEventsHandler"            [_thread_blocked, id=13692, stack(0x0000001a7b600000,0x0000001a7b700000) (1024K)]
  0x000001e061477030 JavaThread "pool-1-thread-1"                   [_thread_in_native, id=14172, stack(0x0000001a7b700000,0x0000001a7b800000) (1024K)]
  0x000001e0614748d0 JavaThread "ForkJoinPool.commonPool-worker-1" daemon [_thread_blocked, id=9952, stack(0x0000001a7b800000,0x0000001a7b900000) (1024K)]
  0x000001e061474f60 JavaThread "ForkJoinPool.commonPool-worker-2" daemon [_thread_blocked, id=412, stack(0x0000001a7b900000,0x0000001a7ba00000) (1024K)]
  0x000001e061473bb0 JavaThread "ForkJoinPool.commonPool-worker-3" daemon [_thread_blocked, id=8568, stack(0x0000001a7ba00000,0x0000001a7bb00000) (1024K)]
Total: 41

Other Threads:
  0x000001e07e1de9b0 VMThread "VM Thread"                           [id=16552, stack(0x0000001a78600000,0x0000001a78700000) (1024K)]
  0x000001e07e18a6f0 WatcherThread "VM Periodic Task Thread"        [id=13976, stack(0x0000001a78500000,0x0000001a78600000) (1024K)]
  0x000001e07e13ac80 WorkerThread "GC Thread#0"                     [id=10128, stack(0x0000001a78400000,0x0000001a78500000) (1024K)]
  0x000001e05e218bb0 WorkerThread "GC Thread#1"                     [id=9796, stack(0x0000001a79300000,0x0000001a79400000) (1024K)]
  0x000001e05e6116f0 WorkerThread "GC Thread#2"                     [id=8480, stack(0x0000001a79400000,0x0000001a79500000) (1024K)]
  0x000001e05e218f50 WorkerThread "GC Thread#3"                     [id=9228, stack(0x0000001a79500000,0x0000001a79600000) (1024K)]
  0x000001e05e7e9990 WorkerThread "GC Thread#4"                     [id=17696, stack(0x0000001a79600000,0x0000001a79700000) (1024K)]
  0x000001e05e053100 WorkerThread "GC Thread#5"                     [id=17764, stack(0x0000001a79700000,0x0000001a79800000) (1024K)]
  0x000001e05e0534a0 WorkerThread "GC Thread#6"                     [id=16448, stack(0x0000001a79800000,0x0000001a79900000) (1024K)]
  0x000001e05e053840 WorkerThread "GC Thread#7"                     [id=5660, stack(0x0000001a79c00000,0x0000001a79d00000) (1024K)]
  0x000001e05e051ee0 WorkerThread "GC Thread#8"                     [id=18476, stack(0x0000001a79f00000,0x0000001a7a000000) (1024K)]
  0x000001e05e052620 WorkerThread "GC Thread#9"                     [id=18952, stack(0x0000001a7a000000,0x0000001a7a100000) (1024K)]
Total: 12

Threads with active compile tasks:
C2 CompilerThread2  7925 5005 %     4       org.lombokweb.asm.ClassReader::readCode @ 1738 (5117 bytes)
Total: 1

VM state: not at safepoint (normal execution)

VM Mutex/Monitor currently owned by a thread: None

Heap address: 0x0000000080000000, size: 2048 MB, Compressed Oops mode: 32-bit

CDS archive(s) mapped at: [0x000001e017000000-0x000001e017ba0000-0x000001e017ba0000), size 12189696, SharedBaseAddress: 0x000001e017000000, ArchiveRelocationMode: 1.
Compressed class space mapped at: 0x000001e018000000-0x000001e058000000, reserved size: 1073741824
Narrow klass base: 0x000001e017000000, Narrow klass shift: 0, Narrow klass range: 0x100000000

GC Precious Log:
 CardTable entry size: 512
 CPUs: 12 total, 12 available
 Memory: 16181M
 Large Page Support: Disabled
 NUMA Support: Disabled
 Compressed Oops: Enabled (32-bit)
 Alignments: Space 512K, Generation 512K, Heap 2M
 Heap Min Capacity: 100M
 Heap Initial Capacity: 100M
 Heap Max Capacity: 2G
 Pre-touch: Disabled
 Parallel Workers: 10

Heap:
 PSYoungGen      total 19456K, used 7882K [0x00000000d5580000, 0x00000000d6d80000, 0x0000000100000000)
  eden space 18432K, 38% used [0x00000000d5580000,0x00000000d5c5a950,0x00000000d6780000)
  from space 1024K, 84% used [0x00000000d6c80000,0x00000000d6d58000,0x00000000d6d80000)
  to   space 1024K, 0% used [0x00000000d6b80000,0x00000000d6b80000,0x00000000d6c80000)
 ParOldGen       total 68608K, used 31767K [0x0000000080000000, 0x0000000084300000, 0x00000000d5580000)
  object space 68608K, 46% used [0x0000000080000000,0x0000000081f05d38,0x0000000084300000)
 Metaspace       used 41052K, committed 41984K, reserved 1114112K
  class space    used 4180K, committed 4608K, reserved 1048576K

Card table byte_map: [0x000001e07fab0000,0x000001e07fec0000] _byte_map_base: 0x000001e07f6b0000

Marking Bits: (ParMarkBitMap*) 0x00007ffa0ad1a340
 Begin Bits: [0x000001e0123e0000, 0x000001e0143e0000)
 End Bits:   [0x000001e0143e0000, 0x000001e0163e0000)

Polling page: 0x000001e07de20000

Metaspace:

Usage:
  Non-class:     36.01 MB used.
      Class:      4.08 MB used.
       Both:     40.09 MB used.

Virtual space:
  Non-class space:       64.00 MB reserved,      36.50 MB ( 57%) committed,  1 nodes.
      Class space:        1.00 GB reserved,       4.50 MB ( <1%) committed,  1 nodes.
             Both:        1.06 GB reserved,      41.00 MB (  4%) committed. 

Chunk freelists:
   Non-Class:  11.31 MB
       Class:  11.44 MB
        Both:  22.76 MB

MaxMetaspaceSize: unlimited
CompressedClassSpaceSize: 1.00 GB
Initial GC threshold: 21.00 MB
Current GC threshold: 58.38 MB
CDS: on
 - commit_granule_bytes: 65536.
 - commit_granule_words: 8192.
 - virtual_space_node_default_size: 8388608.
 - enlarge_chunks_in_place: 1.
 - use_allocation_guard: 0.


Internal statistics:

num_allocs_failed_limit: 6.
num_arena_births: 936.
num_arena_deaths: 152.
num_vsnodes_births: 2.
num_vsnodes_deaths: 0.
num_space_committed: 656.
num_space_uncommitted: 0.
num_chunks_returned_to_freelist: 218.
num_chunks_taken_from_freelist: 2857.
num_chunk_merges: 76.
num_chunk_splits: 1691.
num_chunks_enlarged: 958.
num_inconsistent_stats: 0.

CodeHeap 'non-profiled nmethods': size=120000Kb used=2868Kb max_used=2868Kb free=117131Kb
 bounds [0x000001e00ac00000, 0x000001e00aed0000, 0x000001e012130000]
CodeHeap 'profiled nmethods': size=120000Kb used=10539Kb max_used=10539Kb free=109460Kb
 bounds [0x000001e003130000, 0x000001e003b80000, 0x000001e00a660000]
CodeHeap 'non-nmethods': size=5760Kb used=1411Kb max_used=1459Kb free=4348Kb
 bounds [0x000001e00a660000, 0x000001e00a8d0000, 0x000001e00ac00000]
CodeCache: size=245760Kb, used=14818Kb, max_used=14866Kb, free=230939Kb
 total_blobs=5708, nmethods=5000, adapters=614, full_count=0
Compilation: enabled, stopped_count=0, restarted_count=0

Compilation events (20 events):
Event: 5.880 Thread 0x000001e059ad49e0 5317       3       org.eclipse.jdt.internal.compiler.classfmt.MethodInfo::getGenericSignature (49 bytes)
Event: 5.880 Thread 0x000001e059ad49e0 nmethod 5317 0x000001e003b50b10 code [0x000001e003b50d00, 0x000001e003b511d0]
Event: 5.880 Thread 0x000001e059ad49e0 5318       3       org.eclipse.jdt.internal.compiler.classfmt.MethodInfo::getArgumentNames (16 bytes)
Event: 5.881 Thread 0x000001e059ad49e0 nmethod 5318 0x000001e003b51410 code [0x000001e003b515c0, 0x000001e003b51740]
Event: 5.881 Thread 0x000001e059ad49e0 5319       3       org.eclipse.jdt.internal.compiler.classfmt.MethodInfo::getMethodDescriptor (49 bytes)
Event: 5.881 Thread 0x000001e059ad49e0 nmethod 5319 0x000001e003b51810 code [0x000001e003b51a00, 0x000001e003b51fc8]
Event: 5.881 Thread 0x000001e059ad49e0 5320       1       org.eclipse.jdt.internal.core.BinaryMethod::getElementType (3 bytes)
Event: 5.881 Thread 0x000001e059ad49e0 nmethod 5320 0x000001e00acfd790 code [0x000001e00acfd920, 0x000001e00acfd9e8]
Event: 5.881 Thread 0x000001e059ad49e0 5322       3       org.eclipse.jdt.core.compiler.CharOperation::splitOn (159 bytes)
Event: 5.881 Thread 0x000001e059ad49e0 nmethod 5322 0x000001e003b52290 code [0x000001e003b524c0, 0x000001e003b52f50]
Event: 5.881 Thread 0x000001e059ad49e0 5321       3       org.eclipse.jdt.internal.compiler.lookup.PackageBinding::getType0 (18 bytes)
Event: 5.881 Thread 0x000001e059ad49e0 nmethod 5321 0x000001e003b53310 code [0x000001e003b534c0, 0x000001e003b53668]
Event: 5.883 Thread 0x000001e059ad49e0 5324  s    3       org.eclipse.jdt.internal.compiler.classfmt.MethodInfo::readModifierRelatedAttributes (213 bytes)
Event: 5.883 Thread 0x000001e059ad0e70 5328       4       java.util.HashMap::removeNode (291 bytes)
Event: 5.883 Thread 0x000001e059ad49e0 nmethod 5324 0x000001e003b53710 code [0x000001e003b53980, 0x000001e003b547a0]
Event: 5.883 Thread 0x000001e059ad49e0 5325       3       org.eclipse.jdt.internal.compiler.lookup.LookupEnvironment::getTypeFromSignature (376 bytes)
Event: 5.884 Thread 0x000001e059ad49e0 nmethod 5325 0x000001e003b54c90 code [0x000001e003b54f60, 0x000001e003b56000]
Event: 5.884 Thread 0x000001e059ad49e0 5330       3       org.eclipse.jdt.internal.compiler.lookup.BinaryTypeBinding::createMethod (1666 bytes)
Event: 6.913 Thread 0x000001e059ad0e70 nmethod 5328 0x000001e00acfcd90 code [0x000001e00acfcf60, 0x000001e00acfd480]
Event: 6.914 Thread 0x000001e059d03c30 nmethod 5316 0x000001e00acc3610 code [0x000001e00acc37c0, 0x000001e00acc3f40]

GC Heap History (20 events):
Event: 2.838 GC heap before
{Heap before GC invocations=15 (full 1):
 PSYoungGen      total 24576K, used 24164K [0x00000000d5580000, 0x00000000d7180000, 0x0000000100000000)
  eden space 21504K, 100% used [0x00000000d5580000,0x00000000d6a80000,0x00000000d6a80000)
  from space 3072K, 86% used [0x00000000d6a80000,0x00000000d6d19000,0x00000000d6d80000)
  to   space 3584K, 0% used [0x00000000d6e00000,0x00000000d6e00000,0x00000000d7180000)
 ParOldGen       total 68608K, used 20438K [0x0000000080000000, 0x0000000084300000, 0x00000000d5580000)
  object space 68608K, 29% used [0x0000000080000000,0x00000000813f5990,0x0000000084300000)
 Metaspace       used 32353K, committed 33408K, reserved 1114112K
  class space    used 3305K, committed 3776K, reserved 1048576K
}
Event: 2.840 GC heap after
{Heap after GC invocations=15 (full 1):
 PSYoungGen      total 24064K, used 2304K [0x00000000d5580000, 0x00000000d7080000, 0x0000000100000000)
  eden space 21504K, 0% used [0x00000000d5580000,0x00000000d5580000,0x00000000d6a80000)
  from space 2560K, 90% used [0x00000000d6e00000,0x00000000d7040000,0x00000000d7080000)
  to   space 3072K, 0% used [0x00000000d6a80000,0x00000000d6a80000,0x00000000d6d80000)
 ParOldGen       total 68608K, used 23000K [0x0000000080000000, 0x0000000084300000, 0x00000000d5580000)
  object space 68608K, 33% used [0x0000000080000000,0x0000000081676318,0x0000000084300000)
 Metaspace       used 32353K, committed 33408K, reserved 1114112K
  class space    used 3305K, committed 3776K, reserved 1048576K
}
Event: 2.882 GC heap before
{Heap before GC invocations=16 (full 1):
 PSYoungGen      total 24064K, used 23808K [0x00000000d5580000, 0x00000000d7080000, 0x0000000100000000)
  eden space 21504K, 100% used [0x00000000d5580000,0x00000000d6a80000,0x00000000d6a80000)
  from space 2560K, 90% used [0x00000000d6e00000,0x00000000d7040000,0x00000000d7080000)
  to   space 3072K, 0% used [0x00000000d6a80000,0x00000000d6a80000,0x00000000d6d80000)
 ParOldGen       total 68608K, used 23000K [0x0000000080000000, 0x0000000084300000, 0x00000000d5580000)
  object space 68608K, 33% used [0x0000000080000000,0x0000000081676318,0x0000000084300000)
 Metaspace       used 32457K, committed 33472K, reserved 1114112K
  class space    used 3305K, committed 3776K, reserved 1048576K
}
Event: 2.885 GC heap after
{Heap after GC invocations=16 (full 1):
 PSYoungGen      total 24576K, used 2520K [0x00000000d5580000, 0x00000000d7080000, 0x0000000100000000)
  eden space 21504K, 0% used [0x00000000d5580000,0x00000000d5580000,0x00000000d6a80000)
  from space 3072K, 82% used [0x00000000d6a80000,0x00000000d6cf6210,0x00000000d6d80000)
  to   space 3072K, 0% used [0x00000000d6d80000,0x00000000d6d80000,0x00000000d7080000)
 ParOldGen       total 68608K, used 25200K [0x0000000080000000, 0x0000000084300000, 0x00000000d5580000)
  object space 68608K, 36% used [0x0000000080000000,0x000000008189c318,0x0000000084300000)
 Metaspace       used 32457K, committed 33472K, reserved 1114112K
  class space    used 3305K, committed 3776K, reserved 1048576K
}
Event: 2.987 GC heap before
{Heap before GC invocations=17 (full 1):
 PSYoungGen      total 24576K, used 24024K [0x00000000d5580000, 0x00000000d7080000, 0x0000000100000000)
  eden space 21504K, 100% used [0x00000000d5580000,0x00000000d6a80000,0x00000000d6a80000)
  from space 3072K, 82% used [0x00000000d6a80000,0x00000000d6cf6210,0x00000000d6d80000)
  to   space 3072K, 0% used [0x00000000d6d80000,0x00000000d6d80000,0x00000000d7080000)
 ParOldGen       total 68608K, used 25200K [0x0000000080000000, 0x0000000084300000, 0x00000000d5580000)
  object space 68608K, 36% used [0x0000000080000000,0x000000008189c318,0x0000000084300000)
 Metaspace       used 33056K, committed 34112K, reserved 1114112K
  class space    used 3353K, committed 3840K, reserved 1048576K
}
Event: 2.989 GC heap after
{Heap after GC invocations=17 (full 1):
 PSYoungGen      total 21504K, used 3048K [0x00000000d5580000, 0x00000000d7680000, 0x0000000100000000)
  eden space 18432K, 0% used [0x00000000d5580000,0x00000000d5580000,0x00000000d6780000)
  from space 3072K, 99% used [0x00000000d6d80000,0x00000000d707a000,0x00000000d7080000)
  to   space 6144K, 0% used [0x00000000d6780000,0x00000000d6780000,0x00000000d6d80000)
 ParOldGen       total 68608K, used 27625K [0x0000000080000000, 0x0000000084300000, 0x00000000d5580000)
  object space 68608K, 40% used [0x0000000080000000,0x0000000081afa528,0x0000000084300000)
 Metaspace       used 33056K, committed 34112K, reserved 1114112K
  class space    used 3353K, committed 3840K, reserved 1048576K
}
Event: 3.173 GC heap before
{Heap before GC invocations=18 (full 1):
 PSYoungGen      total 21504K, used 17588K [0x00000000d5580000, 0x00000000d7680000, 0x0000000100000000)
  eden space 18432K, 78% used [0x00000000d5580000,0x00000000d63b3110,0x00000000d6780000)
  from space 3072K, 99% used [0x00000000d6d80000,0x00000000d707a000,0x00000000d7080000)
  to   space 6144K, 0% used [0x00000000d6780000,0x00000000d6780000,0x00000000d6d80000)
 ParOldGen       total 68608K, used 27625K [0x0000000080000000, 0x0000000084300000, 0x00000000d5580000)
  object space 68608K, 40% used [0x0000000080000000,0x0000000081afa528,0x0000000084300000)
 Metaspace       used 34792K, committed 35840K, reserved 1114112K
  class space    used 3541K, committed 4032K, reserved 1048576K
}
Event: 3.175 GC heap after
{Heap after GC invocations=18 (full 1):
 PSYoungGen      total 24576K, used 1477K [0x00000000d5580000, 0x00000000d7080000, 0x0000000100000000)
  eden space 18432K, 0% used [0x00000000d5580000,0x00000000d5580000,0x00000000d6780000)
  from space 6144K, 24% used [0x00000000d6780000,0x00000000d68f1568,0x00000000d6d80000)
  to   space 3072K, 0% used [0x00000000d6d80000,0x00000000d6d80000,0x00000000d7080000)
 ParOldGen       total 68608K, used 30642K [0x0000000080000000, 0x0000000084300000, 0x00000000d5580000)
  object space 68608K, 44% used [0x0000000080000000,0x0000000081decb98,0x0000000084300000)
 Metaspace       used 34792K, committed 35840K, reserved 1114112K
  class space    used 3541K, committed 4032K, reserved 1048576K
}
Event: 3.175 GC heap before
{Heap before GC invocations=19 (full 2):
 PSYoungGen      total 24576K, used 1477K [0x00000000d5580000, 0x00000000d7080000, 0x0000000100000000)
  eden space 18432K, 0% used [0x00000000d5580000,0x00000000d5580000,0x00000000d6780000)
  from space 6144K, 24% used [0x00000000d6780000,0x00000000d68f1568,0x00000000d6d80000)
  to   space 3072K, 0% used [0x00000000d6d80000,0x00000000d6d80000,0x00000000d7080000)
 ParOldGen       total 68608K, used 30642K [0x0000000080000000, 0x0000000084300000, 0x00000000d5580000)
  object space 68608K, 44% used [0x0000000080000000,0x0000000081decb98,0x0000000084300000)
 Metaspace       used 34792K, committed 35840K, reserved 1114112K
  class space    used 3541K, committed 4032K, reserved 1048576K
}
Event: 3.204 GC heap after
{Heap after GC invocations=19 (full 2):
 PSYoungGen      total 24576K, used 0K [0x00000000d5580000, 0x00000000d7080000, 0x0000000100000000)
  eden space 18432K, 0% used [0x00000000d5580000,0x00000000d5580000,0x00000000d6780000)
  from space 6144K, 0% used [0x00000000d6780000,0x00000000d6780000,0x00000000d6d80000)
  to   space 3072K, 0% used [0x00000000d6d80000,0x00000000d6d80000,0x00000000d7080000)
 ParOldGen       total 68608K, used 29923K [0x0000000080000000, 0x0000000084300000, 0x00000000d5580000)
  object space 68608K, 43% used [0x0000000080000000,0x0000000081d38f58,0x0000000084300000)
 Metaspace       used 34670K, committed 35840K, reserved 1114112K
  class space    used 3506K, committed 4032K, reserved 1048576K
}
Event: 3.369 GC heap before
{Heap before GC invocations=20 (full 2):
 PSYoungGen      total 24576K, used 18384K [0x00000000d5580000, 0x00000000d7080000, 0x0000000100000000)
  eden space 18432K, 99% used [0x00000000d5580000,0x00000000d6774340,0x00000000d6780000)
  from space 6144K, 0% used [0x00000000d6780000,0x00000000d6780000,0x00000000d6d80000)
  to   space 3072K, 0% used [0x00000000d6d80000,0x00000000d6d80000,0x00000000d7080000)
 ParOldGen       total 68608K, used 29923K [0x0000000080000000, 0x0000000084300000, 0x00000000d5580000)
  object space 68608K, 43% used [0x0000000080000000,0x0000000081d38f58,0x0000000084300000)
 Metaspace       used 35452K, committed 36352K, reserved 1114112K
  class space    used 3629K, committed 4032K, reserved 1048576K
}
Event: 3.369 GC heap after
{Heap after GC invocations=20 (full 2):
 PSYoungGen      total 18944K, used 352K [0x00000000d5580000, 0x00000000d6e00000, 0x0000000100000000)
  eden space 18432K, 0% used [0x00000000d5580000,0x00000000d5580000,0x00000000d6780000)
  from space 512K, 68% used [0x00000000d6d80000,0x00000000d6dd8000,0x00000000d6e00000)
  to   space 1024K, 0% used [0x00000000d6c00000,0x00000000d6c00000,0x00000000d6d00000)
 ParOldGen       total 68608K, used 29931K [0x0000000080000000, 0x0000000084300000, 0x00000000d5580000)
  object space 68608K, 43% used [0x0000000080000000,0x0000000081d3af58,0x0000000084300000)
 Metaspace       used 35452K, committed 36352K, reserved 1114112K
  class space    used 3629K, committed 4032K, reserved 1048576K
}
Event: 3.473 GC heap before
{Heap before GC invocations=21 (full 2):
 PSYoungGen      total 18944K, used 18650K [0x00000000d5580000, 0x00000000d6e00000, 0x0000000100000000)
  eden space 18432K, 99% used [0x00000000d5580000,0x00000000d675e8f8,0x00000000d6780000)
  from space 512K, 68% used [0x00000000d6d80000,0x00000000d6dd8000,0x00000000d6e00000)
  to   space 1024K, 0% used [0x00000000d6c00000,0x00000000d6c00000,0x00000000d6d00000)
 ParOldGen       total 68608K, used 29931K [0x0000000080000000, 0x0000000084300000, 0x00000000d5580000)
  object space 68608K, 43% used [0x0000000080000000,0x0000000081d3af58,0x0000000084300000)
 Metaspace       used 36756K, committed 37760K, reserved 1114112K
  class space    used 3731K, committed 4160K, reserved 1048576K
}
Event: 3.475 GC heap after
{Heap after GC invocations=21 (full 2):
 PSYoungGen      total 19456K, used 1020K [0x00000000d5580000, 0x00000000d6e00000, 0x0000000100000000)
  eden space 18432K, 0% used [0x00000000d5580000,0x00000000d5580000,0x00000000d6780000)
  from space 1024K, 99% used [0x00000000d6c00000,0x00000000d6cff350,0x00000000d6d00000)
  to   space 1024K, 0% used [0x00000000d6d00000,0x00000000d6d00000,0x00000000d6e00000)
 ParOldGen       total 68608K, used 30650K [0x0000000080000000, 0x0000000084300000, 0x00000000d5580000)
  object space 68608K, 44% used [0x0000000080000000,0x0000000081deead0,0x0000000084300000)
 Metaspace       used 36756K, committed 37760K, reserved 1114112K
  class space    used 3731K, committed 4160K, reserved 1048576K
}
Event: 3.506 GC heap before
{Heap before GC invocations=22 (full 2):
 PSYoungGen      total 19456K, used 19452K [0x00000000d5580000, 0x00000000d6e00000, 0x0000000100000000)
  eden space 18432K, 100% used [0x00000000d5580000,0x00000000d6780000,0x00000000d6780000)
  from space 1024K, 99% used [0x00000000d6c00000,0x00000000d6cff350,0x00000000d6d00000)
  to   space 1024K, 0% used [0x00000000d6d00000,0x00000000d6d00000,0x00000000d6e00000)
 ParOldGen       total 68608K, used 30650K [0x0000000080000000, 0x0000000084300000, 0x00000000d5580000)
  object space 68608K, 44% used [0x0000000080000000,0x0000000081deead0,0x0000000084300000)
 Metaspace       used 36783K, committed 37824K, reserved 1114112K
  class space    used 3731K, committed 4160K, reserved 1048576K
}
Event: 3.506 GC heap after
{Heap after GC invocations=22 (full 2):
 PSYoungGen      total 19456K, used 726K [0x00000000d5580000, 0x00000000d6e00000, 0x0000000100000000)
  eden space 18432K, 0% used [0x00000000d5580000,0x00000000d5580000,0x00000000d6780000)
  from space 1024K, 70% used [0x00000000d6d00000,0x00000000d6db5a80,0x00000000d6e00000)
  to   space 1536K, 0% used [0x00000000d6b00000,0x00000000d6b00000,0x00000000d6c80000)
 ParOldGen       total 68608K, used 31527K [0x0000000080000000, 0x0000000084300000, 0x00000000d5580000)
  object space 68608K, 45% used [0x0000000080000000,0x0000000081ec9d38,0x0000000084300000)
 Metaspace       used 36783K, committed 37824K, reserved 1114112K
  class space    used 3731K, committed 4160K, reserved 1048576K
}
Event: 3.609 GC heap before
{Heap before GC invocations=23 (full 2):
 PSYoungGen      total 19456K, used 19158K [0x00000000d5580000, 0x00000000d6e00000, 0x0000000100000000)
  eden space 18432K, 100% used [0x00000000d5580000,0x00000000d6780000,0x00000000d6780000)
  from space 1024K, 70% used [0x00000000d6d00000,0x00000000d6db5a80,0x00000000d6e00000)
  to   space 1536K, 0% used [0x00000000d6b00000,0x00000000d6b00000,0x00000000d6c80000)
 ParOldGen       total 68608K, used 31527K [0x0000000080000000, 0x0000000084300000, 0x00000000d5580000)
  object space 68608K, 45% used [0x0000000080000000,0x0000000081ec9d38,0x0000000084300000)
 Metaspace       used 38188K, committed 39168K, reserved 1114112K
  class space    used 3857K, committed 4288K, reserved 1048576K
}
Event: 3.609 GC heap after
{Heap after GC invocations=23 (full 2):
 PSYoungGen      total 19968K, used 544K [0x00000000d5580000, 0x00000000d6d80000, 0x0000000100000000)
  eden space 18432K, 0% used [0x00000000d5580000,0x00000000d5580000,0x00000000d6780000)
  from space 1536K, 35% used [0x00000000d6b00000,0x00000000d6b88020,0x00000000d6c80000)
  to   space 1024K, 0% used [0x00000000d6c80000,0x00000000d6c80000,0x00000000d6d80000)
 ParOldGen       total 68608K, used 31559K [0x0000000080000000, 0x0000000084300000, 0x00000000d5580000)
  object space 68608K, 45% used [0x0000000080000000,0x0000000081ed1d38,0x0000000084300000)
 Metaspace       used 38188K, committed 39168K, reserved 1114112K
  class space    used 3857K, committed 4288K, reserved 1048576K
}
Event: 3.789 GC heap before
{Heap before GC invocations=24 (full 2):
 PSYoungGen      total 19968K, used 18976K [0x00000000d5580000, 0x00000000d6d80000, 0x0000000100000000)
  eden space 18432K, 100% used [0x00000000d5580000,0x00000000d6780000,0x00000000d6780000)
  from space 1536K, 35% used [0x00000000d6b00000,0x00000000d6b88020,0x00000000d6c80000)
  to   space 1024K, 0% used [0x00000000d6c80000,0x00000000d6c80000,0x00000000d6d80000)
 ParOldGen       total 68608K, used 31559K [0x0000000080000000, 0x0000000084300000, 0x00000000d5580000)
  object space 68608K, 45% used [0x0000000080000000,0x0000000081ed1d38,0x0000000084300000)
 Metaspace       used 40387K, committed 41344K, reserved 1114112K
  class space    used 4109K, committed 4544K, reserved 1048576K
}
Event: 3.790 GC heap after
{Heap after GC invocations=24 (full 2):
 PSYoungGen      total 19456K, used 864K [0x00000000d5580000, 0x00000000d6d80000, 0x0000000100000000)
  eden space 18432K, 0% used [0x00000000d5580000,0x00000000d5580000,0x00000000d6780000)
  from space 1024K, 84% used [0x00000000d6c80000,0x00000000d6d58000,0x00000000d6d80000)
  to   space 1024K, 0% used [0x00000000d6b80000,0x00000000d6b80000,0x00000000d6c80000)
 ParOldGen       total 68608K, used 31767K [0x0000000080000000, 0x0000000084300000, 0x00000000d5580000)
  object space 68608K, 46% used [0x0000000080000000,0x0000000081f05d38,0x0000000084300000)
 Metaspace       used 40387K, committed 41344K, reserved 1114112K
  class space    used 4109K, committed 4544K, reserved 1048576K
}

Dll operation events (10 events):
Event: 0.008 Loaded shared library c:\Users\alumne-DAM\.vscode\extensions\redhat.java-1.47.0-win32-x64\jre\21.0.8-win32-x86_64\bin\java.dll
Event: 0.045 Loaded shared library c:\Users\alumne-DAM\.vscode\extensions\redhat.java-1.47.0-win32-x64\jre\21.0.8-win32-x86_64\bin\zip.dll
Event: 0.057 Loaded shared library C:\Users\alumne-DAM\.vscode\extensions\redhat.java-1.47.0-win32-x64\jre\21.0.8-win32-x86_64\bin\instrument.dll
Event: 0.061 Loaded shared library C:\Users\alumne-DAM\.vscode\extensions\redhat.java-1.47.0-win32-x64\jre\21.0.8-win32-x86_64\bin\net.dll
Event: 0.062 Loaded shared library C:\Users\alumne-DAM\.vscode\extensions\redhat.java-1.47.0-win32-x64\jre\21.0.8-win32-x86_64\bin\nio.dll
Event: 0.064 Loaded shared library C:\Users\alumne-DAM\.vscode\extensions\redhat.java-1.47.0-win32-x64\jre\21.0.8-win32-x86_64\bin\zip.dll
Event: 0.079 Loaded shared library C:\Users\alumne-DAM\.vscode\extensions\redhat.java-1.47.0-win32-x64\jre\21.0.8-win32-x86_64\bin\jimage.dll
Event: 0.145 Loaded shared library c:\Users\alumne-DAM\.vscode\extensions\redhat.java-1.47.0-win32-x64\jre\21.0.8-win32-x86_64\bin\verify.dll
Event: 0.832 Loaded shared library C:\Users\alumne-DAM\AppData\Roaming\Code\User\globalStorage\redhat.java\1.47.0\config_ss_win\org.eclipse.equinox.launcher\org.eclipse.equinox.launcher.win32.win32.x86_64_1.2.1400.v20250801-0854\eclipse_11916.dll
Event: 1.406 Loaded shared library C:\Users\alumne-DAM\AppData\Local\Temp\jna--570604515\jna3270672717557009230.dll

Deoptimization events (20 events):
Event: 4.825 Thread 0x000001e05f0a52c0 Uncommon trap: trap_request=0xffffff45 fr.pc=0x000001e00ac7e794 relative=0x00000000000000f4
Event: 4.825 Thread 0x000001e05f0a52c0 Uncommon trap: reason=unstable_if action=reinterpret pc=0x000001e00ac7e794 method=java.lang.ThreadLocal$ThreadLocalMap.getEntryAfterMiss(Ljava/lang/ThreadLocal;ILjava/lang/ThreadLocal$ThreadLocalMap$Entry;)Ljava/lang/ThreadLocal$ThreadLocalMap$Entry; @ 30
Event: 4.825 Thread 0x000001e05f0a52c0 DEOPT PACKING pc=0x000001e00ac7e794 sp=0x0000001a7a3fe490
Event: 4.825 Thread 0x000001e05f0a52c0 DEOPT UNPACKING pc=0x000001e00a6b6da2 sp=0x0000001a7a3fe410 mode 2
Event: 5.834 Thread 0x000001e061477030 Uncommon trap: trap_request=0xffffffde fr.pc=0x000001e00adb4aec relative=0x000000000000038c
Event: 5.834 Thread 0x000001e061477030 Uncommon trap: reason=class_check action=maybe_recompile pc=0x000001e00adb4aec method=java.util.HashMap.removeNode(ILjava/lang/Object;Ljava/lang/Object;ZZ)Ljava/util/HashMap$Node; @ 283 c2
Event: 5.834 Thread 0x000001e061477030 DEOPT PACKING pc=0x000001e00adb4aec sp=0x0000001a7b7fd9d0
Event: 5.834 Thread 0x000001e061477030 DEOPT UNPACKING pc=0x000001e00a6b6da2 sp=0x0000001a7b7fd968 mode 2
Event: 5.869 Thread 0x000001e061477030 Uncommon trap: trap_request=0xffffff45 fr.pc=0x000001e00ac57fd0 relative=0x0000000000000290
Event: 5.869 Thread 0x000001e061477030 Uncommon trap: reason=unstable_if action=reinterpret pc=0x000001e00ac57fd0 method=org.eclipse.jdt.internal.compiler.classfmt.ClassFileStruct.utf8At(II)[C @ 46 c2
Event: 5.869 Thread 0x000001e061477030 DEOPT PACKING pc=0x000001e00ac57fd0 sp=0x0000001a7b7fd370
Event: 5.869 Thread 0x000001e061477030 DEOPT UNPACKING pc=0x000001e00a6b6da2 sp=0x0000001a7b7fd308 mode 2
Event: 5.876 Thread 0x000001e061477030 Uncommon trap: trap_request=0xffffffc6 fr.pc=0x000001e00ad50c44 relative=0x00000000000006e4
Event: 5.876 Thread 0x000001e061477030 Uncommon trap: reason=bimorphic_or_optimized_type_check action=maybe_recompile pc=0x000001e00ad50c44 method=java.util.HashMap.putVal(ILjava/lang/Object;Ljava/lang/Object;ZZ)Ljava/lang/Object; @ 203 c2
Event: 5.876 Thread 0x000001e061477030 DEOPT PACKING pc=0x000001e00ad50c44 sp=0x0000001a7b7fc5c0
Event: 5.876 Thread 0x000001e061477030 DEOPT UNPACKING pc=0x000001e00a6b6da2 sp=0x0000001a7b7fc530 mode 2
Event: 5.877 Thread 0x000001e061477030 DEOPT PACKING pc=0x000001e003b42fc2 sp=0x0000001a7b7fc610
Event: 5.877 Thread 0x000001e061477030 DEOPT UNPACKING pc=0x000001e00a6b78e2 sp=0x0000001a7b7fba98 mode 0
Event: 5.880 Thread 0x000001e061477030 DEOPT PACKING pc=0x000001e003b42fc2 sp=0x0000001a7b7fc7a0
Event: 5.880 Thread 0x000001e061477030 DEOPT UNPACKING pc=0x000001e00a6b78e2 sp=0x0000001a7b7fbc10 mode 0

Classes loaded (20 events):
Event: 3.575 Loading class java/util/stream/Nodes$IntFixedNodeBuilder
Event: 3.575 Loading class java/util/stream/Node$Builder$OfInt
Event: 3.575 Loading class java/util/stream/Node$Builder$OfInt done
Event: 3.575 Loading class java/util/stream/Nodes$IntArrayNode
Event: 3.576 Loading class java/util/stream/Nodes$IntArrayNode done
Event: 3.576 Loading class java/util/stream/Nodes$IntFixedNodeBuilder done
Event: 3.576 Loading class java/util/stream/ReferencePipeline$4$1
Event: 3.576 Loading class java/util/stream/ReferencePipeline$4$1 done
Event: 3.679 Loading class java/util/Hashtable$ValueCollection
Event: 3.679 Loading class java/util/Hashtable$ValueCollection done
Event: 3.686 Loading class java/util/regex/PatternSyntaxException
Event: 3.686 Loading class java/util/regex/PatternSyntaxException done
Event: 3.726 Loading class java/util/WeakHashMap$KeyIterator
Event: 3.726 Loading class java/util/WeakHashMap$KeyIterator done
Event: 3.731 Loading class sun/reflect/misc/ReflectUtil
Event: 3.732 Loading class sun/reflect/misc/ReflectUtil done
Event: 3.781 Loading class java/util/stream/ReduceOps$4
Event: 3.781 Loading class java/util/stream/ReduceOps$4 done
Event: 3.781 Loading class java/util/stream/ReduceOps$4ReducingSink
Event: 3.781 Loading class java/util/stream/ReduceOps$4ReducingSink done

Classes unloaded (20 events):
Event: 3.182 Thread 0x000001e07e1de9b0 Unloading class 0x000001e01838e400 'java/lang/invoke/LambdaForm$MH+0x000001e01838e400'
Event: 3.182 Thread 0x000001e07e1de9b0 Unloading class 0x000001e01838e000 'java/lang/invoke/LambdaForm$MH+0x000001e01838e000'
Event: 3.182 Thread 0x000001e07e1de9b0 Unloading class 0x000001e01838d800 'java/lang/invoke/LambdaForm$MH+0x000001e01838d800'
Event: 3.182 Thread 0x000001e07e1de9b0 Unloading class 0x000001e01838d400 'java/lang/invoke/LambdaForm$MH+0x000001e01838d400'
Event: 3.182 Thread 0x000001e07e1de9b0 Unloading class 0x000001e01838d000 'java/lang/invoke/LambdaForm$MH+0x000001e01838d000'
Event: 3.182 Thread 0x000001e07e1de9b0 Unloading class 0x000001e01838c800 'java/lang/invoke/LambdaForm$MH+0x000001e01838c800'
Event: 3.182 Thread 0x000001e07e1de9b0 Unloading class 0x000001e01838c000 'java/lang/invoke/LambdaForm$MH+0x000001e01838c000'
Event: 3.182 Thread 0x000001e07e1de9b0 Unloading class 0x000001e01838c400 'java/lang/invoke/LambdaForm$MH+0x000001e01838c400'
Event: 3.182 Thread 0x000001e07e1de9b0 Unloading class 0x000001e01838b800 'java/lang/invoke/LambdaForm$MH+0x000001e01838b800'
Event: 3.182 Thread 0x000001e07e1de9b0 Unloading class 0x000001e01838b400 'java/lang/invoke/LambdaForm$MH+0x000001e01838b400'
Event: 3.182 Thread 0x000001e07e1de9b0 Unloading class 0x000001e01838b000 'java/lang/invoke/LambdaForm$MH+0x000001e01838b000'
Event: 3.182 Thread 0x000001e07e1de9b0 Unloading class 0x000001e01838a800 'java/lang/invoke/LambdaForm$MH+0x000001e01838a800'
Event: 3.182 Thread 0x000001e07e1de9b0 Unloading class 0x000001e01838a400 'java/lang/invoke/LambdaForm$MH+0x000001e01838a400'
Event: 3.182 Thread 0x000001e07e1de9b0 Unloading class 0x000001e01838a000 'java/lang/invoke/LambdaForm$MH+0x000001e01838a000'
Event: 3.182 Thread 0x000001e07e1de9b0 Unloading class 0x000001e018389c00 'java/lang/invoke/LambdaForm$MH+0x000001e018389c00'
Event: 3.182 Thread 0x000001e07e1de9b0 Unloading class 0x000001e018389800 'java/lang/invoke/LambdaForm$MH+0x000001e018389800'
Event: 3.182 Thread 0x000001e07e1de9b0 Unloading class 0x000001e018389400 'java/lang/invoke/LambdaForm$MH+0x000001e018389400'
Event: 3.182 Thread 0x000001e07e1de9b0 Unloading class 0x000001e018388400 'java/lang/invoke/LambdaForm$DMH+0x000001e018388400'
Event: 3.182 Thread 0x000001e07e1de9b0 Unloading class 0x000001e018388000 'java/lang/invoke/LambdaForm$DMH+0x000001e018388000'
Event: 3.182 Thread 0x000001e07e1de9b0 Unloading class 0x000001e018388800 'java/lang/invoke/LambdaForm$DMH+0x000001e018388800'

Classes redefined (0 events):
No events

Internal exceptions (20 events):
Event: 3.155 Thread 0x000001e061477030 Exception <a 'java/lang/LinkageError'{0x00000000d615a918}: loader lombok.launch.ShadowClassLoader @6e4b7f88 attempted duplicate class definition for lombok.launch.PatchFixesHider$Transform. (lombok.launch.PatchFixesHider$Transform is in unnamed module of loader lombok.launch.ShadowClassLoader @6e4b7f88, parent loader org.eclipse.osgi.internal.loader.EquinoxClassLoader @3172b850)> (0x00000000d615a918) 
thrown [s\src\hotspot\share\classfile\systemDictionary.cpp, line 1682]
Event: 3.155 Thread 0x000001e061473bb0 Exception <a 'java/lang/LinkageError'{0x00000000d629d770}: loader lombok.launch.ShadowClassLoader @6e4b7f88 attempted duplicate class definition for lombok.launch.PatchFixesHider$Transform. (lombok.launch.PatchFixesHider$Transform is in unnamed module of loader lombok.launch.ShadowClassLoader @6e4b7f88, parent loader org.eclipse.osgi.internal.loader.EquinoxClassLoader @3172b850)> (0x00000000d629d770) 
thrown [s\src\hotspot\share\classfile\systemDictionary.cpp, line 1682]
Event: 3.396 Thread 0x000001e0614748d0 Implicit null exception at 0x000001e00ae08e1d to 0x000001e00ae0991c
Event: 3.442 Thread 0x000001e0614748d0 Exception <a 'java/lang/LinkageError'{0x00000000d5f57048}: loader lombok.launch.ShadowClassLoader @6e4b7f88 attempted duplicate class definition for lombok.launch.PatchFixesHider$ValPortal. (lombok.launch.PatchFixesHider$ValPortal is in unnamed module of loader lombok.launch.ShadowClassLoader @6e4b7f88, parent loader org.eclipse.osgi.internal.loader.EquinoxClassLoader @3172b850)> (0x00000000d5f57048) 
thrown [s\src\hotspot\share\classfile\systemDictionary.cpp, line 1682]
Event: 3.443 Thread 0x000001e061473bb0 Exception <a 'java/lang/LinkageError'{0x00000000d5f2c358}: loader lombok.launch.ShadowClassLoader @6e4b7f88 attempted duplicate class definition for lombok.launch.PatchFixesHider$ValPortal. (lombok.launch.PatchFixesHider$ValPortal is in unnamed module of loader lombok.launch.ShadowClassLoader @6e4b7f88, parent loader org.eclipse.osgi.internal.loader.EquinoxClassLoader @3172b850)> (0x00000000d5f2c358) 
thrown [s\src\hotspot\share\classfile\systemDictionary.cpp, line 1682]
Event: 3.443 Thread 0x000001e061474f60 Exception <a 'java/lang/LinkageError'{0x00000000d5af2e60}: loader lombok.launch.ShadowClassLoader @6e4b7f88 attempted duplicate class definition for lombok.launch.PatchFixesHider$ValPortal. (lombok.launch.PatchFixesHider$ValPortal is in unnamed module of loader lombok.launch.ShadowClassLoader @6e4b7f88, parent loader org.eclipse.osgi.internal.loader.EquinoxClassLoader @3172b850)> (0x00000000d5af2e60) 
thrown [s\src\hotspot\share\classfile\systemDictionary.cpp, line 1682]
Event: 3.596 Thread 0x000001e061477030 Exception <a 'java/lang/LinkageError'{0x00000000d6639ca0}: loader lombok.launch.ShadowClassLoader @41b861f9 attempted duplicate class definition for lombok.eclipse.EcjAugments. (lombok.eclipse.EcjAugments is in unnamed module of loader lombok.launch.ShadowClassLoader @41b861f9, parent loader org.eclipse.osgi.internal.loader.EquinoxClassLoader @53837f3a)> (0x00000000d6639ca0) 
thrown [s\src\hotspot\share\classfile\systemDictionary.cpp, line 1682]
Event: 3.597 Thread 0x000001e0614748d0 Exception <a 'java/lang/LinkageError'{0x00000000d6602970}: loader lombok.launch.ShadowClassLoader @41b861f9 attempted duplicate class definition for lombok.eclipse.EcjAugments. (lombok.eclipse.EcjAugments is in unnamed module of loader lombok.launch.ShadowClassLoader @41b861f9, parent loader org.eclipse.osgi.internal.loader.EquinoxClassLoader @53837f3a)> (0x00000000d6602970) 
thrown [s\src\hotspot\share\classfile\systemDictionary.cpp, line 1682]
Event: 3.597 Thread 0x000001e061474f60 Exception <a 'java/lang/LinkageError'{0x00000000d65e2600}: loader lombok.launch.ShadowClassLoader @41b861f9 attempted duplicate class definition for lombok.eclipse.EcjAugments. (lombok.eclipse.EcjAugments is in unnamed module of loader lombok.launch.ShadowClassLoader @41b861f9, parent loader org.eclipse.osgi.internal.loader.EquinoxClassLoader @53837f3a)> (0x00000000d65e2600) 
thrown [s\src\hotspot\share\classfile\systemDictionary.cpp, line 1682]
Event: 3.610 Thread 0x000001e061477030 Exception <a 'java/lang/LinkageError'{0x00000000d55d0638}: loader lombok.launch.ShadowClassLoader @41b861f9 attempted duplicate class definition for lombok.eclipse.agent.PatchDiagnostics. (lombok.eclipse.agent.PatchDiagnostics is in unnamed module of loader lombok.launch.ShadowClassLoader @41b861f9, parent loader org.eclipse.osgi.internal.loader.EquinoxClassLoader @53837f3a)> (0x00000000d55d0638) 
thrown [s\src\hotspot\share\classfile\systemDictionary.cpp, line 1682]
Event: 3.610 Thread 0x000001e061474f60 Exception <a 'java/lang/LinkageError'{0x00000000d55d6fa8}: loader lombok.launch.ShadowClassLoader @41b861f9 attempted duplicate class definition for lombok.eclipse.agent.PatchDiagnostics. (lombok.eclipse.agent.PatchDiagnostics is in unnamed module of loader lombok.launch.ShadowClassLoader @41b861f9, parent loader org.eclipse.osgi.internal.loader.EquinoxClassLoader @53837f3a)> (0x00000000d55d6fa8) 
thrown [s\src\hotspot\share\classfile\systemDictionary.cpp, line 1682]
Event: 3.611 Thread 0x000001e0614748d0 Exception <a 'java/lang/LinkageError'{0x00000000d55f0c38}: loader lombok.launch.ShadowClassLoader @41b861f9 attempted duplicate class definition for lombok.eclipse.agent.PatchDiagnostics. (lombok.eclipse.agent.PatchDiagnostics is in unnamed module of loader lombok.launch.ShadowClassLoader @41b861f9, parent loader org.eclipse.osgi.internal.loader.EquinoxClassLoader @53837f3a)> (0x00000000d55f0c38) 
thrown [s\src\hotspot\share\classfile\systemDictionary.cpp, line 1682]
Event: 3.683 Thread 0x000001e0614748d0 Exception <a 'java/lang/NoSuchMethodError'{0x00000000d5e04998}: 'java.lang.Object java.lang.invoke.DirectMethodHandle$Holder.invokeSpecial(java.lang.Object, java.lang.Object, java.lang.Object, java.lang.Object, int, java.lang.Object, java.lang.Object)'> (0x00000000d5e04998) 
thrown [s\src\hotspot\share\interpreter\linkResolver.cpp, line 773]
Event: 3.683 Thread 0x000001e061474f60 Exception <a 'java/lang/NoSuchMethodError'{0x00000000d5df3890}: 'java.lang.Object java.lang.invoke.DirectMethodHandle$Holder.invokeSpecial(java.lang.Object, java.lang.Object, java.lang.Object, java.lang.Object, int, java.lang.Object, java.lang.Object)'> (0x00000000d5df3890) 
thrown [s\src\hotspot\share\interpreter\linkResolver.cpp, line 773]
Event: 3.744 Thread 0x000001e061477030 Exception <a 'java/lang/NoSuchMethodError'{0x00000000d6452458}: 'int java.lang.invoke.DirectMethodHandle$Holder.invokeInterface(java.lang.Object, java.lang.Object)'> (0x00000000d6452458) 
thrown [s\src\hotspot\share\interpreter\linkResolver.cpp, line 773]
Event: 3.744 Thread 0x000001e061477030 Exception <a 'java/lang/IncompatibleClassChangeError'{0x00000000d6455718}: Found class java.lang.Object, but interface was expected> (0x00000000d6455718) 
thrown [s\src\hotspot\share\interpreter\linkResolver.cpp, line 840]
Event: 3.783 Thread 0x000001e061477030 Exception <a 'java/lang/NoSuchMethodError'{0x00000000d67192b8}: 'int java.lang.invoke.DirectMethodHandle$Holder.invokeSpecialIFC(java.lang.Object, java.lang.Object, java.lang.Object)'> (0x00000000d67192b8) 
thrown [s\src\hotspot\share\interpreter\linkResolver.cpp, line 773]
Event: 5.833 Thread 0x000001e061477030 Exception <a 'java/io/FileNotFoundException'{0x00000000d56ce958}> (0x00000000d56ce958) 
thrown [s\src\hotspot\share\prims\jni.cpp, line 520]
Event: 5.833 Thread 0x000001e061477030 Exception <a 'java/io/FileNotFoundException'{0x00000000d56cfc78}> (0x00000000d56cfc78) 
thrown [s\src\hotspot\share\prims\jni.cpp, line 520]
Event: 5.839 Thread 0x000001e05f0a52c0 Exception <a 'java/lang/NoSuchMethodError'{0x00000000d5808a88}: 'java.lang.Object java.lang.invoke.DirectMethodHandle$Holder.invokeSpecial(java.lang.Object, java.lang.Object, int, long)'> (0x00000000d5808a88) 
thrown [s\src\hotspot\share\interpreter\linkResolver.cpp, line 773]

ZGC Phase Switch (0 events):
No events

VM Operations (20 events):
Event: 3.505 Executing VM operation: ParallelGCFailedAllocation (Allocation Failure)
Event: 3.506 Executing VM operation: ParallelGCFailedAllocation (Allocation Failure) done
Event: 3.609 Executing VM operation: ParallelGCFailedAllocation (Allocation Failure)
Event: 3.609 Executing VM operation: ParallelGCFailedAllocation (Allocation Failure) done
Event: 3.620 Executing VM operation: HandshakeAllThreads (Deoptimize)
Event: 3.620 Executing VM operation: HandshakeAllThreads (Deoptimize) done
Event: 3.640 Executing VM operation: HandshakeAllThreads (Deoptimize)
Event: 3.640 Executing VM operation: HandshakeAllThreads (Deoptimize) done
Event: 3.671 Executing VM operation: HandshakeAllThreads (Deoptimize)
Event: 3.671 Executing VM operation: HandshakeAllThreads (Deoptimize) done
Event: 3.785 Executing VM operation: HandshakeAllThreads (Deoptimize)
Event: 3.785 Executing VM operation: HandshakeAllThreads (Deoptimize) done
Event: 3.789 Executing VM operation: ParallelGCFailedAllocation (Allocation Failure)
Event: 3.790 Executing VM operation: ParallelGCFailedAllocation (Allocation Failure) done
Event: 4.791 Executing VM operation: Cleanup
Event: 4.823 Executing VM operation: Cleanup done
Event: 5.827 Executing VM operation: Cleanup
Event: 5.827 Executing VM operation: Cleanup done
Event: 6.833 Executing VM operation: Cleanup
Event: 6.913 Executing VM operation: Cleanup done

Memory protections (0 events):
No events

Nmethod flushes (20 events):
Event: 3.188 Thread 0x000001e07e1de9b0 flushing  nmethod 0x000001e003459190
Event: 3.188 Thread 0x000001e07e1de9b0 flushing  nmethod 0x000001e003473810
Event: 3.188 Thread 0x000001e07e1de9b0 flushing  nmethod 0x000001e0034f4990
Event: 3.188 Thread 0x000001e07e1de9b0 flushing  nmethod 0x000001e003533510
Event: 3.188 Thread 0x000001e07e1de9b0 flushing  nmethod 0x000001e003533910
Event: 3.188 Thread 0x000001e07e1de9b0 flushing  nmethod 0x000001e003534310
Event: 3.188 Thread 0x000001e07e1de9b0 flushing  nmethod 0x000001e003536d10
Event: 3.188 Thread 0x000001e07e1de9b0 flushing  nmethod 0x000001e00356b110
Event: 3.188 Thread 0x000001e07e1de9b0 flushing  nmethod 0x000001e00356bb10
Event: 3.188 Thread 0x000001e07e1de9b0 flushing  nmethod 0x000001e003571290
Event: 3.188 Thread 0x000001e07e1de9b0 flushing  nmethod 0x000001e0035bca10
Event: 3.188 Thread 0x000001e07e1de9b0 flushing  nmethod 0x000001e0035f2c10
Event: 3.188 Thread 0x000001e07e1de9b0 flushing  nmethod 0x000001e0035f3110
Event: 3.188 Thread 0x000001e07e1de9b0 flushing  nmethod 0x000001e0035f3610
Event: 3.188 Thread 0x000001e07e1de9b0 flushing  nmethod 0x000001e0035f4c90
Event: 3.188 Thread 0x000001e07e1de9b0 flushing  nmethod 0x000001e0035f5090
Event: 3.188 Thread 0x000001e07e1de9b0 flushing  nmethod 0x000001e0035f5590
Event: 3.188 Thread 0x000001e07e1de9b0 flushing  nmethod 0x000001e0035fe990
Event: 3.188 Thread 0x000001e07e1de9b0 flushing  nmethod 0x000001e003605610
Event: 3.188 Thread 0x000001e07e1de9b0 flushing  nmethod 0x000001e003615410

Events (20 events):
Event: 2.069 Thread 0x000001e05f0a2b60 Thread exited: 0x000001e05f0a2b60
Event: 2.241 Thread 0x000001e07dc77510 Thread added: 0x000001e05f0a4c30
Event: 2.241 Thread 0x000001e07dc77510 Thread added: 0x000001e05f0a2b60
Event: 2.241 Thread 0x000001e07dc77510 Thread added: 0x000001e05f0a45a0
Event: 2.242 Thread 0x000001e07dc77510 Thread added: 0x000001e05f0a31f0
Event: 2.242 Thread 0x000001e07dc77510 Thread added: 0x000001e05f0a3880
Event: 2.242 Thread 0x000001e07dc77510 Thread added: 0x000001e05f0a3f10
Event: 2.242 Thread 0x000001e07dc77510 Thread added: 0x000001e05f0a24d0
Event: 2.242 Thread 0x000001e07dc77510 Thread added: 0x000001e05f0a1e40
Event: 2.242 Thread 0x000001e07dc77510 Thread added: 0x000001e0614755f0
Event: 2.242 Thread 0x000001e07dc77510 Thread added: 0x000001e061476310
Event: 2.242 Thread 0x000001e07dc77510 Thread added: 0x000001e061473520
Event: 2.242 Thread 0x000001e07dc77510 Thread added: 0x000001e061472e90
Event: 2.242 Thread 0x000001e07dc77510 Thread added: 0x000001e061475c80
Event: 2.252 Thread 0x000001e07dc77510 Thread added: 0x000001e061474240
Event: 2.373 Thread 0x000001e07dc77510 Thread added: 0x000001e0614769a0
Event: 2.373 Thread 0x000001e07dc77510 Thread added: 0x000001e061477030
Event: 2.524 Thread 0x000001e061477030 Thread added: 0x000001e0614748d0
Event: 2.525 Thread 0x000001e061477030 Thread added: 0x000001e061474f60
Event: 2.529 Thread 0x000001e061477030 Thread added: 0x000001e061473bb0


Dynamic libraries:
0x00007ff66a1c0000 - 0x00007ff66a1ce000 	c:\Users\alumne-DAM\.vscode\extensions\redhat.java-1.47.0-win32-x64\jre\21.0.8-win32-x86_64\bin\java.exe
0x00007ffa6b680000 - 0x00007ffa6b8e8000 	C:\WINDOWS\SYSTEM32\ntdll.dll
0x00007ffa6a0c0000 - 0x00007ffa6a189000 	C:\WINDOWS\System32\KERNEL32.DLL
0x00007ffa68f30000 - 0x00007ffa69328000 	C:\WINDOWS\System32\KERNELBASE.dll
0x00007ffa68d30000 - 0x00007ffa68e7b000 	C:\WINDOWS\System32\ucrtbase.dll
0x00007ffa54b50000 - 0x00007ffa54b68000 	c:\Users\alumne-DAM\.vscode\extensions\redhat.java-1.47.0-win32-x64\jre\21.0.8-win32-x86_64\bin\jli.dll
0x00007ffa532e0000 - 0x00007ffa532fe000 	c:\Users\alumne-DAM\.vscode\extensions\redhat.java-1.47.0-win32-x64\jre\21.0.8-win32-x86_64\bin\VCRUNTIME140.dll
0x00007ffa69420000 - 0x00007ffa695e7000 	C:\WINDOWS\System32\USER32.dll
0x00007ffa55f90000 - 0x00007ffa56224000 	C:\WINDOWS\WinSxS\amd64_microsoft.windows.common-controls_6595b64144ccf1df_6.0.26100.7019_none_3e06ffa0e335b8a8\COMCTL32.dll
0x00007ffa69330000 - 0x00007ffa69357000 	C:\WINDOWS\System32\win32u.dll
0x00007ffa69ba0000 - 0x00007ffa69c49000 	C:\WINDOWS\System32\msvcrt.dll
0x00007ffa6a3e0000 - 0x00007ffa6a40b000 	C:\WINDOWS\System32\GDI32.dll
0x00007ffa68a90000 - 0x00007ffa68bbc000 	C:\WINDOWS\System32\gdi32full.dll
0x00007ffa68e80000 - 0x00007ffa68f23000 	C:\WINDOWS\System32\msvcp_win.dll
0x00007ffa6ade0000 - 0x00007ffa6ae11000 	C:\WINDOWS\System32\IMM32.DLL
0x00007ffa589f0000 - 0x00007ffa589fc000 	c:\Users\alumne-DAM\.vscode\extensions\redhat.java-1.47.0-win32-x64\jre\21.0.8-win32-x86_64\bin\vcruntime140_1.dll
0x00007ffa47f00000 - 0x00007ffa47f8d000 	c:\Users\alumne-DAM\.vscode\extensions\redhat.java-1.47.0-win32-x64\jre\21.0.8-win32-x86_64\bin\msvcp140.dll
0x00007ffa0a060000 - 0x00007ffa0adf7000 	c:\Users\alumne-DAM\.vscode\extensions\redhat.java-1.47.0-win32-x64\jre\21.0.8-win32-x86_64\bin\server\jvm.dll
0x00007ffa6acf0000 - 0x00007ffa6ada4000 	C:\WINDOWS\System32\ADVAPI32.dll
0x00007ffa6ab70000 - 0x00007ffa6ac16000 	C:\WINDOWS\System32\sechost.dll
0x00007ffa695f0000 - 0x00007ffa69708000 	C:\WINDOWS\System32\RPCRT4.dll
0x00007ffa69cd0000 - 0x00007ffa69d44000 	C:\WINDOWS\System32\WS2_32.dll
0x00007ffa63130000 - 0x00007ffa6313b000 	C:\WINDOWS\SYSTEM32\VERSION.dll
0x00007ffa56b40000 - 0x00007ffa56b75000 	C:\WINDOWS\SYSTEM32\WINMM.dll
0x00007ffa68650000 - 0x00007ffa686ae000 	C:\WINDOWS\SYSTEM32\POWRPROF.dll
0x00007ffa68630000 - 0x00007ffa68644000 	C:\WINDOWS\SYSTEM32\UMPDC.dll
0x00007ffa67550000 - 0x00007ffa6756b000 	C:\WINDOWS\SYSTEM32\kernel.appcore.dll
0x00007ffa58910000 - 0x00007ffa5891a000 	c:\Users\alumne-DAM\.vscode\extensions\redhat.java-1.47.0-win32-x64\jre\21.0.8-win32-x86_64\bin\jimage.dll
0x00007ffa578e0000 - 0x00007ffa57b22000 	C:\WINDOWS\SYSTEM32\DBGHELP.DLL
0x00007ffa6b2b0000 - 0x00007ffa6b63b000 	C:\WINDOWS\System32\combase.dll
0x00007ffa6a190000 - 0x00007ffa6a267000 	C:\WINDOWS\System32\OLEAUT32.dll
0x00007ffa52780000 - 0x00007ffa527bc000 	C:\WINDOWS\SYSTEM32\dbgcore.DLL
0x00007ffa687d0000 - 0x00007ffa68875000 	C:\WINDOWS\System32\bcryptPrimitives.dll
0x00007ffa53290000 - 0x00007ffa5329f000 	c:\Users\alumne-DAM\.vscode\extensions\redhat.java-1.47.0-win32-x64\jre\21.0.8-win32-x86_64\bin\instrument.dll
0x00007ffa53170000 - 0x00007ffa5318f000 	c:\Users\alumne-DAM\.vscode\extensions\redhat.java-1.47.0-win32-x64\jre\21.0.8-win32-x86_64\bin\java.dll
0x00007ffa6a410000 - 0x00007ffa6ab5f000 	C:\WINDOWS\System32\SHELL32.dll
0x00007ffa68bc0000 - 0x00007ffa68d2b000 	C:\WINDOWS\System32\wintypes.dll
0x00007ffa663d0000 - 0x00007ffa66c2d000 	C:\WINDOWS\SYSTEM32\windows.storage.dll
0x00007ffa6afd0000 - 0x00007ffa6b0c2000 	C:\WINDOWS\System32\SHCORE.dll
0x00007ffa6ac20000 - 0x00007ffa6ac87000 	C:\WINDOWS\System32\shlwapi.dll
0x00007ffa686c0000 - 0x00007ffa686e9000 	C:\WINDOWS\SYSTEM32\profapi.dll
0x00007ffa530a0000 - 0x00007ffa530b8000 	c:\Users\alumne-DAM\.vscode\extensions\redhat.java-1.47.0-win32-x64\jre\21.0.8-win32-x86_64\bin\zip.dll
0x00007ffa53280000 - 0x00007ffa53290000 	C:\Users\alumne-DAM\.vscode\extensions\redhat.java-1.47.0-win32-x64\jre\21.0.8-win32-x86_64\bin\net.dll
0x00007ffa62740000 - 0x00007ffa62868000 	C:\WINDOWS\SYSTEM32\WINHTTP.dll
0x00007ffa67aa0000 - 0x00007ffa67b0b000 	C:\WINDOWS\system32\mswsock.dll
0x00007ffa52070000 - 0x00007ffa52086000 	C:\Users\alumne-DAM\.vscode\extensions\redhat.java-1.47.0-win32-x64\jre\21.0.8-win32-x86_64\bin\nio.dll
0x00007ffa52fc0000 - 0x00007ffa52fd0000 	c:\Users\alumne-DAM\.vscode\extensions\redhat.java-1.47.0-win32-x64\jre\21.0.8-win32-x86_64\bin\verify.dll
0x00007ffa484a0000 - 0x00007ffa484e4000 	C:\Users\alumne-DAM\AppData\Roaming\Code\User\globalStorage\redhat.java\1.47.0\config_ss_win\org.eclipse.equinox.launcher\org.eclipse.equinox.launcher.win32.win32.x86_64_1.2.1400.v20250801-0854\eclipse_11916.dll
0x00007ffa6ae20000 - 0x00007ffa6afb7000 	C:\WINDOWS\System32\ole32.dll
0x00007ffa67e90000 - 0x00007ffa67eab000 	C:\WINDOWS\SYSTEM32\CRYPTSP.dll
0x00007ffa674b0000 - 0x00007ffa674ea000 	C:\WINDOWS\system32\rsaenh.dll
0x00007ffa67b50000 - 0x00007ffa67b7b000 	C:\WINDOWS\SYSTEM32\USERENV.dll
0x00007ffa686f0000 - 0x00007ffa6871a000 	C:\WINDOWS\SYSTEM32\bcrypt.dll
0x00007ffa67cf0000 - 0x00007ffa67cfc000 	C:\WINDOWS\SYSTEM32\CRYPTBASE.dll
0x00007ffa66f40000 - 0x00007ffa66f74000 	C:\WINDOWS\SYSTEM32\IPHLPAPI.DLL
0x00007ffa6afc0000 - 0x00007ffa6afca000 	C:\WINDOWS\System32\NSI.dll
0x00007ffa47b60000 - 0x00007ffa47ba9000 	C:\Users\alumne-DAM\AppData\Local\Temp\jna--570604515\jna3270672717557009230.dll
0x00007ffa69db0000 - 0x00007ffa69db8000 	C:\WINDOWS\System32\PSAPI.DLL
0x00007ffa628f0000 - 0x00007ffa6290e000 	C:\WINDOWS\SYSTEM32\dhcpcsvc6.DLL
0x00007ffa62660000 - 0x00007ffa62683000 	C:\WINDOWS\SYSTEM32\dhcpcsvc.DLL

JVMTI agents:
c:\Users\alumne-DAM\.vscode\extensions\redhat.java-1.47.0-win32-x64\lombok\lombok-1.18.39-4050.jar path:c:\Users\alumne-DAM\.vscode\extensions\redhat.java-1.47.0-win32-x64\jre\21.0.8-win32-x86_64\bin\instrument.dll, loaded, initialized, instrumentlib options:none

dbghelp: loaded successfully - version: 4.0.5 - missing functions: none
symbol engine: initialized successfully - sym options: 0x614 - pdb path: .;c:\Users\alumne-DAM\.vscode\extensions\redhat.java-1.47.0-win32-x64\jre\21.0.8-win32-x86_64\bin;C:\WINDOWS\SYSTEM32;C:\WINDOWS\WinSxS\amd64_microsoft.windows.common-controls_6595b64144ccf1df_6.0.26100.7019_none_3e06ffa0e335b8a8;c:\Users\alumne-DAM\.vscode\extensions\redhat.java-1.47.0-win32-x64\jre\21.0.8-win32-x86_64\bin\server;C:\Users\alumne-DAM\AppData\Roaming\Code\User\globalStorage\redhat.java\1.47.0\config_ss_win\org.eclipse.equinox.launcher\org.eclipse.equinox.launcher.win32.win32.x86_64_1.2.1400.v20250801-0854;C:\Users\alumne-DAM\AppData\Local\Temp\jna--570604515

VM Arguments:
jvm_args: --add-modules=ALL-SYSTEM --add-opens=java.base/java.util=ALL-UNNAMED --add-opens=java.base/java.lang=ALL-UNNAMED --add-opens=java.base/sun.nio.fs=ALL-UNNAMED -Declipse.application=org.eclipse.jdt.ls.core.id1 -Dosgi.bundles.defaultStartLevel=4 -Declipse.product=org.eclipse.jdt.ls.core.product -Djava.import.generatesMetadataFilesAtProjectRoot=false -DDetectVMInstallationsJob.disabled=true -Dfile.encoding=utf8 -XX:+UseParallelGC -XX:GCTimeRatio=4 -XX:AdaptiveSizePolicyWeight=90 -Dsun.zip.disableMemoryMapping=true -Xmx2G -Xms100m -Xlog:disable -javaagent:c:\Users\alumne-DAM\.vscode\extensions\redhat.java-1.47.0-win32-x64\lombok\lombok-1.18.39-4050.jar 
java_command: c:\Users\alumne-DAM\.vscode\extensions\redhat.java-1.47.0-win32-x64\server\plugins\org.eclipse.equinox.launcher_1.7.100.v20251014-1222.jar -configuration c:\Users\alumne-DAM\AppData\Roaming\Code\User\globalStorage\redhat.java\1.47.0\config_ss_win -data c:\Users\alumne-DAM\AppData\Roaming\Code\User\workspaceStorage\95982590b5998cb2e63a2bc088d5e119\redhat.java\ss_ws --pipe=\\.\pipe\lsp-6e9b122bdc713174e003a636486f57f7-sock
java_class_path (initial): c:\Users\alumne-DAM\.vscode\extensions\redhat.java-1.47.0-win32-x64\server\plugins\org.eclipse.equinox.launcher_1.7.100.v20251014-1222.jar
Launcher Type: SUN_STANDARD

[Global flags]
    uintx AdaptiveSizePolicyWeight                 = 90                                        {product} {command line}
     intx CICompilerCount                          = 4                                         {product} {ergonomic}
    uintx GCTimeRatio                              = 4                                         {product} {command line}
   size_t InitialHeapSize                          = 104857600                                 {product} {command line}
   size_t MaxHeapSize                              = 2147483648                                {product} {command line}
   size_t MaxNewSize                               = 715653120                                 {product} {ergonomic}
   size_t MinHeapDeltaBytes                        = 524288                                    {product} {ergonomic}
   size_t MinHeapSize                              = 104857600                                 {product} {command line}
   size_t NewSize                                  = 34603008                                  {product} {ergonomic}
    uintx NonNMethodCodeHeapSize                   = 5839372                                {pd product} {ergonomic}
    uintx NonProfiledCodeHeapSize                  = 122909434                              {pd product} {ergonomic}
   size_t OldSize                                  = 70254592                                  {product} {ergonomic}
    uintx ProfiledCodeHeapSize                     = 122909434                              {pd product} {ergonomic}
    uintx ReservedCodeCacheSize                    = 251658240                              {pd product} {ergonomic}
     bool SegmentedCodeCache                       = true                                      {product} {ergonomic}
   size_t SoftMaxHeapSize                          = 2147483648                             {manageable} {ergonomic}
     bool UseCompressedOops                        = true                           {product lp64_product} {ergonomic}
     bool UseLargePagesIndividualAllocation        = false                                  {pd product} {ergonomic}
     bool UseParallelGC                            = true                                      {product} {command line}

Logging:
Log output configuration:
 #0: stdout all=off uptime,level,tags foldmultilines=false
 #1: stderr all=off uptime,level,tags foldmultilines=false

Environment Variables:
JAVA_HOME=C:\Program Files\Eclipse Adoptium\jdk-17.0.16.8-hotspot\
PATH=C:\Program Files\Common Files\Oracle\Java\javapath;C:\Program Files\Eclipse Adoptium\jdk-17.0.16.8-hotspot\bin;C:\WINDOWS\system32;C:\WINDOWS;C:\WINDOWS\System32\Wbem;C:\WINDOWS\System32\WindowsPowerShell\v1.0\;C:\WINDOWS\System32\OpenSSH\;C:\Program Files\dotnet\;C:\Users\alumne-DAM\AppData\Local\Muse Hub\lib;;C:\Program Files\Docker\Docker\resources\bin;C:\Users\alumne-DAM\AppData\Local\Microsoft\WindowsApps;C:\Users\alumne-DAM\AppData\Local\Programs\Microsoft VS Code\bin;C:\Users\alumne-DAM\AppData\Local\Programs\Git\cmd;
USERNAME=alumne-DAM
OS=Windows_NT
PROCESSOR_IDENTIFIER=Intel64 Family 6 Model 167 Stepping 1, GenuineIntel
TMP=C:\Users\ALUMNE~1\AppData\Local\Temp
TEMP=C:\Users\ALUMNE~1\AppData\Local\Temp




Periodic native trim disabled

---------------  S Y S T E M  ---------------

OS:
 Windows 11 , 64 bit Build 26100 (10.0.26100.7019)
OS uptime: 0 days 3:24 hours
Hyper-V role detected

CPU: total 12 (initial active 12) (6 cores per cpu, 2 threads per core) family 6 model 167 stepping 1 microcode 0x40, cx8, cmov, fxsr, ht, mmx, 3dnowpref, sse, sse2, sse3, ssse3, sse4.1, sse4.2, popcnt, lzcnt, tsc, tscinvbit, avx, avx2, aes, erms, clmul, bmi1, bmi2, adx, avx512f, avx512dq, avx512cd, avx512bw, avx512vl, sha, fma, vzeroupper, avx512_vpopcntdq, avx512_vpclmulqdq, avx512_vaes, avx512_vnni, clflush, clflushopt, avx512_vbmi2, avx512_vbmi, hv, rdtscp, rdpid, fsrm, gfni, avx512_bitalg, f16c, avx512_ifma
Processor Information for the first 12 processors :
  Max Mhz: 2592, Current Mhz: 2592, Mhz Limit: 2592

Memory: 4k page, system-wide physical 16181M (6211M free)
TotalPageFile size 65333M (AvailPageFile size 45M)
current process WorkingSet (physical memory assigned to process): 216M, peak: 238M
current process commit charge ("private bytes"): 330M, peak: 352M

vm_info: OpenJDK 64-Bit Server VM (21.0.8+9-LTS) for windows-amd64 JRE (21.0.8+9-LTS), built on 2025-07-15T00:00:00Z by "admin" with MS VC++ 17.7 (VS2022)

END.
